2024-02-11 10:52:31,191 [INFO] Activator:176 - 


2024-02-11 10:52:31,195 [INFO] Activator:177 - !SESSION log4j initialized
2024-02-11 10:52:32,901 [INFO] LogOutputStream:77 - [STDOUT_REDIRECT] 
2024-02-11 10:52:34,312 [INFO] ApplicationProperties:184 - Using Application install path: /home/fredrikr/st/stm32cubeide_1.14.0/plugins/com.st.stm32cube.common.mx_6.10.0.202311202037
2024-02-11 10:52:34,323 [INFO] DbMcusXml:78 - Set database path to: /home/fredrikr/st/stm32cubeide_1.14.0/plugins/com.st.stm32cube.common.mx_6.10.0.202311202037//db//mcu/
2024-02-11 10:52:34,323 [INFO] ApiDb:274 - Set plugin database path to: /home/fredrikr/st/stm32cubeide_1.14.0/plugins/com.st.stm32cube.common.mx_6.10.0.202311202037//db//plugins/boardmanager/
2024-02-11 10:52:34,323 [WARN] ApiDb:259 - Overriding images path with different value:  => /home/fredrikr/st/stm32cubeide_1.14.0/plugins/com.st.stm32cube.common.mx_6.10.0.202311202037//db//plugins/mcufinder/images/
2024-02-11 10:52:34,329 [INFO] ApiDb:250 - Set database path to: /home/fredrikr/.stmcufinder/plugins/mcufinder//mcu/
2024-02-11 10:52:34,330 [INFO] DbMcusAds:125 - Set database path to: /home/fredrikr/.stmcufinder/plugins/mcufinder//mcu/
2024-02-11 10:52:34,331 [INFO] CrossReferenceDbSqlite:203 - Set database path to: /home/fredrikr/.stmcufinder/plugins/mcufinder//mcu/cs/
2024-02-11 10:52:34,407 [INFO] RulesReader:64 - Compatibility file has been processed (297 Rules)
2024-02-11 10:52:34,449 [INFO] DbMcusXml:78 - Set database path to: /home/fredrikr/st/stm32cubeide_1.14.0/plugins/com.st.stm32cube.common.mx_6.10.0.202311202037//db//mcu/
2024-02-11 10:52:34,449 [INFO] ApiDb:274 - Set plugin database path to: /home/fredrikr/st/stm32cubeide_1.14.0/plugins/com.st.stm32cube.common.mx_6.10.0.202311202037//db//plugins/boardmanager/
2024-02-11 10:52:34,449 [INFO] ApiDb:261 - Set plugin images path to: /home/fredrikr/st/stm32cubeide_1.14.0/plugins/com.st.stm32cube.common.mx_6.10.0.202311202037//db//plugins/mcufinder/images/
2024-02-11 10:52:34,449 [WARN] DbFile:41 - Overriding database path with different value: /home/fredrikr/.stmcufinder/plugins/mcufinder/ => /home/fredrikr/.stmcufinder/plugins/mcufinder
2024-02-11 10:52:34,449 [INFO] ApiDb:250 - Set database path to: /home/fredrikr/.stmcufinder/plugins/mcufinder//mcu/
2024-02-11 10:52:34,449 [WARN] DbFile:41 - Overriding database path with different value: /home/fredrikr/.stmcufinder/plugins/mcufinder/ => /home/fredrikr/.stmcufinder/plugins/mcufinder
2024-02-11 10:52:34,449 [INFO] DbMcusAds:125 - Set database path to: /home/fredrikr/.stmcufinder/plugins/mcufinder//mcu/
2024-02-11 10:52:34,449 [WARN] DbFile:41 - Overriding database path with different value: /home/fredrikr/.stmcufinder/plugins/mcufinder/ => /home/fredrikr/.stmcufinder/plugins/mcufinder
2024-02-11 10:52:34,449 [WARN] DbFile:41 - Overriding database path with different value: /home/fredrikr/.stmcufinder/plugins/mcufinder/ => /home/fredrikr/.stmcufinder/plugins/mcufinder
2024-02-11 10:52:34,449 [INFO] CrossReferenceDbSqlite:203 - Set database path to: /home/fredrikr/.stmcufinder/plugins/mcufinder//mcu/cs/
2024-02-11 10:52:34,492 [INFO] MainPanel:264 - HeapMemory: 268435456
2024-02-11 10:52:34,547 [INFO] DbMcusXml:78 - Set database path to: /home/fredrikr/st/stm32cubeide_1.14.0/plugins/com.st.stm32cube.common.mx_6.10.0.202311202037//db//mcu/
2024-02-11 10:52:34,548 [INFO] ApiDb:274 - Set plugin database path to: /home/fredrikr/st/stm32cubeide_1.14.0/plugins/com.st.stm32cube.common.mx_6.10.0.202311202037//db//plugins/boardmanager/
2024-02-11 10:52:34,548 [INFO] ApiDb:261 - Set plugin images path to: /home/fredrikr/st/stm32cubeide_1.14.0/plugins/com.st.stm32cube.common.mx_6.10.0.202311202037//db//plugins/mcufinder/images/
2024-02-11 10:52:34,548 [WARN] DbFile:41 - Overriding database path with different value: /home/fredrikr/.stmcufinder/plugins/mcufinder/ => /home/fredrikr/.stmcufinder/plugins/mcufinder
2024-02-11 10:52:34,548 [INFO] ApiDb:250 - Set database path to: /home/fredrikr/.stmcufinder/plugins/mcufinder//mcu/
2024-02-11 10:52:34,548 [WARN] DbFile:41 - Overriding database path with different value: /home/fredrikr/.stmcufinder/plugins/mcufinder/ => /home/fredrikr/.stmcufinder/plugins/mcufinder
2024-02-11 10:52:34,548 [INFO] DbMcusAds:125 - Set database path to: /home/fredrikr/.stmcufinder/plugins/mcufinder//mcu/
2024-02-11 10:52:34,548 [WARN] DbFile:41 - Overriding database path with different value: /home/fredrikr/.stmcufinder/plugins/mcufinder/ => /home/fredrikr/.stmcufinder/plugins/mcufinder
2024-02-11 10:52:34,548 [WARN] DbFile:41 - Overriding database path with different value: /home/fredrikr/.stmcufinder/plugins/mcufinder/ => /home/fredrikr/.stmcufinder/plugins/mcufinder
2024-02-11 10:52:34,548 [INFO] CrossReferenceDbSqlite:203 - Set database path to: /home/fredrikr/.stmcufinder/plugins/mcufinder//mcu/cs/
2024-02-11 10:52:34,557 [INFO] ApplicationProperties:184 - Using Application install path: /home/fredrikr/st/stm32cubeide_1.14.0/plugins/com.st.stm32cube.common.mx_6.10.0.202311202037
2024-02-11 10:52:34,558 [INFO] PluginManage:196 - Search for loadable plugins [exclusion list=, ]
2024-02-11 10:52:34,559 [INFO] PluginManage:310 - Check plugin analytics
2024-02-11 10:52:34,664 [INFO] AnalyticsPlugin:253 - Accepted Software Licenses: 
2024-02-11 10:52:34,664 [INFO] AnalyticsPlugin:255 - Accepted CMSIS Pack Licenses: 
2024-02-11 10:52:34,665 [INFO] AnalyticsPlugin:257 - Accepted Firmware Licenses: 
2024-02-11 10:52:34,666 [INFO] PluginManage:359 - Loaded plugin analytics (category:tool,tabindex:-1)
2024-02-11 10:52:34,666 [INFO] PluginManage:310 - Check plugin cadmodel
2024-02-11 10:52:34,772 [INFO] CADModel:105 - Init CAD model plugin
2024-02-11 10:52:34,772 [INFO] PluginManage:359 - Loaded plugin cadmodel (category:power,tabindex:5)
2024-02-11 10:52:34,772 [INFO] PluginManage:310 - Check plugin clock
2024-02-11 10:52:34,781 [INFO] PluginManage:359 - Loaded plugin clock (category:base,tabindex:2)
2024-02-11 10:52:34,781 [INFO] PluginManage:310 - Check plugin ddr
2024-02-11 10:52:34,783 [INFO] PluginManage:359 - Loaded plugin ddr (category:tool,tabindex:6)
2024-02-11 10:52:34,783 [INFO] PluginManage:310 - Check plugin filemanager
2024-02-11 10:52:34,874 [INFO] PluginManage:359 - Loaded plugin filemanager (category:base,tabindex:10)
2024-02-11 10:52:34,874 [INFO] PluginManage:310 - Check plugin ipmanager
2024-02-11 10:52:34,878 [INFO] PluginManage:359 - Loaded plugin ipmanager (category:base,tabindex:5)
2024-02-11 10:52:34,878 [INFO] PluginManage:310 - Check plugin lpbam
2024-02-11 10:52:34,886 [INFO] PluginManage:359 - Loaded plugin lpbam (category:base,tabindex:0)
2024-02-11 10:52:34,886 [INFO] PluginManage:310 - Check plugin memorymap
2024-02-11 10:52:34,894 [INFO] PluginManage:359 - Loaded plugin memorymap (category:base,tabindex:4)
2024-02-11 10:52:34,894 [INFO] PluginManage:310 - Check plugin pinoutandconfiguration
2024-02-11 10:52:34,903 [INFO] PluginManage:359 - Loaded plugin pinoutandconfiguration (category:base,tabindex:1)
2024-02-11 10:52:34,903 [INFO] PluginManage:310 - Check plugin pinoutconfig
2024-02-11 10:52:34,960 [WARN] SupportedApi:132 - Cannot load RTOS API schema: s4s-elt-must-match.1: The content of 'definitions' must match (annotation?, (simpleType | complexType)?, (unique | key | keyref)*)). A problem was found starting at: attribute.
2024-02-11 10:52:35,052 [INFO] PluginManage:359 - Loaded plugin pinoutconfig (category:base,tabindex:0)
2024-02-11 10:52:35,052 [INFO] PluginManage:310 - Check plugin power
2024-02-11 10:52:35,061 [INFO] PluginManage:359 - Loaded plugin power (category:power,tabindex:4)
2024-02-11 10:52:35,061 [INFO] PluginManage:310 - Check plugin projectmanager
2024-02-11 10:52:35,071 [INFO] PluginManage:359 - Loaded plugin projectmanager (category:projectmanager,tabindex:3)
2024-02-11 10:52:35,072 [INFO] PluginManage:310 - Check plugin thirdparty
2024-02-11 10:52:35,098 [INFO] McuFinderGlobals:63 - Set McuFinder mode to 2 (CubeIDE integrated)
2024-02-11 10:52:35,163 [WARN] IntegrityCheckThread:84 - waiting for thirdparty lock release [integrity check]
2024-02-11 10:52:35,163 [INFO] PluginManage:359 - Loaded plugin thirdparty (category:base,tabindex:-1)
2024-02-11 10:52:35,163 [INFO] IntegrityCheckThread:86 - entering critical section [integrity check]
2024-02-11 10:52:35,163 [INFO] PluginManage:310 - Check plugin tools
2024-02-11 10:52:35,163 [INFO] ThirdPartyUpdaterWithRetryManager:70 - Updater plugin not ready yet. [1/15]
2024-02-11 10:52:35,165 [INFO] PluginManage:359 - Loaded plugin tools (category:base,tabindex:7)
2024-02-11 10:52:35,165 [INFO] PluginManage:310 - Check plugin tutovideos
2024-02-11 10:52:35,284 [INFO] PluginManage:359 - Loaded plugin tutovideos (category:base,tabindex:-1)
2024-02-11 10:52:35,284 [INFO] PluginManage:310 - Check plugin updater
2024-02-11 10:52:35,294 [INFO] PluginManage:359 - Loaded plugin updater (category:base,tabindex:12)
2024-02-11 10:52:35,294 [INFO] PluginManage:310 - Check plugin userauth
2024-02-11 10:52:35,298 [INFO] UserAuth:114 - Init User Auth plugin
2024-02-11 10:52:35,298 [INFO] PluginManage:359 - Loaded plugin userauth (category:base,tabindex:14)
2024-02-11 10:52:35,298 [INFO] PluginManage:283 - PluginManage : Loaded plugins [17]
2024-02-11 10:52:35,414 [INFO] PinOutPanel:1499 - setPackage(No Configuration,No Configuration)
2024-02-11 10:52:35,453 [INFO] CADModel:165 - CPN selected for project level
2024-02-11 10:52:35,453 [INFO] CADModel:114 - Register for checkConnection events
2024-02-11 10:52:35,462 [INFO] IPUIPlugin:80 - create IPUIPlugin
2024-02-11 10:52:35,462 [INFO] PluginManager:220 - loadIPPluginJar : add ucpd
2024-02-11 10:52:35,467 [INFO] IPUIPlugin:80 - create IPUIPlugin
2024-02-11 10:52:35,468 [INFO] PluginManager:220 - loadIPPluginJar : add mdma
2024-02-11 10:52:35,469 [INFO] IPUIPlugin:80 - create IPUIPlugin
2024-02-11 10:52:35,469 [INFO] PluginManager:220 - loadIPPluginJar : add quadspi
2024-02-11 10:52:35,472 [INFO] IPUIPlugin:80 - create IPUIPlugin
2024-02-11 10:52:35,472 [INFO] PluginManager:220 - loadIPPluginJar : add usart
2024-02-11 10:52:35,478 [INFO] IPUIPlugin:80 - create IPUIPlugin
2024-02-11 10:52:35,479 [INFO] PluginManager:220 - loadIPPluginJar : add freertos
2024-02-11 10:52:35,481 [INFO] IPUIPlugin:80 - create IPUIPlugin
2024-02-11 10:52:35,481 [INFO] PluginManager:220 - loadIPPluginJar : add openamp
2024-02-11 10:52:35,485 [INFO] IPUIPlugin:80 - create IPUIPlugin
2024-02-11 10:52:35,485 [INFO] PluginManager:220 - loadIPPluginJar : add dma
2024-02-11 10:52:35,491 [INFO] IPUIPlugin:80 - create IPUIPlugin
2024-02-11 10:52:35,491 [INFO] PluginManager:220 - loadIPPluginJar : add adc
2024-02-11 10:52:35,494 [INFO] IPUIPlugin:80 - create IPUIPlugin
2024-02-11 10:52:35,494 [INFO] PluginManager:220 - loadIPPluginJar : add resmgrutility
2024-02-11 10:52:35,498 [INFO] IPUIPlugin:80 - create IPUIPlugin
2024-02-11 10:52:35,498 [INFO] PluginManager:220 - loadIPPluginJar : add dma3
2024-02-11 10:52:35,503 [INFO] IPUIPlugin:80 - create IPUIPlugin
2024-02-11 10:52:35,504 [INFO] PluginManager:220 - loadIPPluginJar : add gic
2024-02-11 10:52:35,505 [INFO] IPUIPlugin:80 - create IPUIPlugin
2024-02-11 10:52:35,505 [INFO] PluginManager:220 - loadIPPluginJar : add i2s
2024-02-11 10:52:35,507 [INFO] IPUIPlugin:80 - create IPUIPlugin
2024-02-11 10:52:35,507 [INFO] PluginManager:220 - loadIPPluginJar : add gfxmmu
2024-02-11 10:52:35,508 [INFO] IPUIPlugin:80 - create IPUIPlugin
2024-02-11 10:52:35,508 [INFO] PluginManager:220 - loadIPPluginJar : add fatfs
2024-02-11 10:52:35,512 [INFO] IPUIPlugin:80 - create IPUIPlugin
2024-02-11 10:52:35,512 [INFO] PluginManager:220 - loadIPPluginJar : add fmc
2024-02-11 10:52:35,513 [INFO] IPUIPlugin:80 - create IPUIPlugin
2024-02-11 10:52:35,513 [INFO] PluginManager:220 - loadIPPluginJar : add comp
2024-02-11 10:52:35,515 [INFO] IPUIPlugin:80 - create IPUIPlugin
2024-02-11 10:52:35,515 [INFO] PluginManager:220 - loadIPPluginJar : add aes
2024-02-11 10:52:35,520 [INFO] IPUIPlugin:80 - create IPUIPlugin
2024-02-11 10:52:35,520 [INFO] PluginManager:220 - loadIPPluginJar : add linkedlist
2024-02-11 10:52:35,522 [INFO] IPUIPlugin:80 - create IPUIPlugin
2024-02-11 10:52:35,523 [INFO] PluginManager:220 - loadIPPluginJar : add opamp
2024-02-11 10:52:35,524 [INFO] IPUIPlugin:80 - create IPUIPlugin
2024-02-11 10:52:35,524 [INFO] PluginManager:220 - loadIPPluginJar : add tsc
2024-02-11 10:52:35,526 [INFO] IPUIPlugin:80 - create IPUIPlugin
2024-02-11 10:52:35,526 [INFO] PluginManager:220 - loadIPPluginJar : add i3c
2024-02-11 10:52:35,529 [INFO] IPUIPlugin:80 - create IPUIPlugin
2024-02-11 10:52:35,529 [INFO] PluginManager:220 - loadIPPluginJar : add gtzc
2024-02-11 10:52:35,531 [INFO] IPUIPlugin:80 - create IPUIPlugin
2024-02-11 10:52:35,531 [INFO] PluginManager:220 - loadIPPluginJar : add pdm2pcm
2024-02-11 10:52:35,533 [INFO] IPUIPlugin:80 - create IPUIPlugin
2024-02-11 10:52:35,533 [INFO] PluginManager:220 - loadIPPluginJar : add touchsensing
2024-02-11 10:52:35,537 [INFO] IPUIPlugin:80 - create IPUIPlugin
2024-02-11 10:52:35,538 [INFO] PluginManager:220 - loadIPPluginJar : add nvic
2024-02-11 10:52:35,540 [INFO] IPUIPlugin:80 - create IPUIPlugin
2024-02-11 10:52:35,540 [INFO] PluginManager:220 - loadIPPluginJar : add lorawan
2024-02-11 10:52:35,542 [INFO] IPUIPlugin:80 - create IPUIPlugin
2024-02-11 10:52:35,542 [INFO] PluginManager:220 - loadIPPluginJar : add spi
2024-02-11 10:52:35,544 [INFO] IPUIPlugin:80 - create IPUIPlugin
2024-02-11 10:52:35,544 [INFO] PluginManager:220 - loadIPPluginJar : add i2c
2024-02-11 10:52:35,546 [INFO] IPUIPlugin:80 - create IPUIPlugin
2024-02-11 10:52:35,546 [INFO] PluginManager:220 - loadIPPluginJar : add cryp
2024-02-11 10:52:35,548 [INFO] IPUIPlugin:80 - create IPUIPlugin
2024-02-11 10:52:35,548 [INFO] PluginManager:220 - loadIPPluginJar : add dfsdm
2024-02-11 10:52:35,549 [INFO] IPUIPlugin:80 - create IPUIPlugin
2024-02-11 10:52:35,549 [INFO] PluginManager:220 - loadIPPluginJar : add ltdc
2024-02-11 10:52:35,550 [INFO] IPUIPlugin:80 - create IPUIPlugin
2024-02-11 10:52:35,550 [INFO] PluginManager:220 - loadIPPluginJar : add genericplugin
2024-02-11 10:52:35,551 [INFO] IPUIPlugin:80 - create IPUIPlugin
2024-02-11 10:52:35,551 [INFO] PluginManager:220 - loadIPPluginJar : add ts
2024-02-11 10:52:35,552 [INFO] IPUIPlugin:80 - create IPUIPlugin
2024-02-11 10:52:35,552 [INFO] PluginManager:220 - loadIPPluginJar : add hash
2024-02-11 10:52:35,556 [INFO] IPUIPlugin:80 - create IPUIPlugin
2024-02-11 10:52:35,557 [INFO] PluginManager:220 - loadIPPluginJar : add gpio
2024-02-11 10:52:35,559 [INFO] IPUIPlugin:80 - create IPUIPlugin
2024-02-11 10:52:35,559 [INFO] PluginManager:220 - loadIPPluginJar : add can
2024-02-11 10:52:35,562 [INFO] IPUIPlugin:80 - create IPUIPlugin
2024-02-11 10:52:35,562 [INFO] PluginManager:220 - loadIPPluginJar : add stm32_wpan
2024-02-11 10:52:35,564 [INFO] IPUIPlugin:80 - create IPUIPlugin
2024-02-11 10:52:35,564 [INFO] PluginManager:220 - loadIPPluginJar : add usbx
2024-02-11 10:52:35,566 [INFO] IPUIPlugin:80 - create IPUIPlugin
2024-02-11 10:52:35,566 [INFO] PluginManager:220 - loadIPPluginJar : add tim
2024-02-11 10:52:35,571 [INFO] IPUIPlugin:80 - create IPUIPlugin
2024-02-11 10:52:35,573 [INFO] PluginManager:220 - loadIPPluginJar : add plateformsettings
2024-02-11 10:52:35,575 [INFO] IPUIPlugin:80 - create IPUIPlugin
2024-02-11 10:52:35,575 [INFO] PluginManager:220 - loadIPPluginJar : add ipddr
2024-02-11 10:52:35,578 [INFO] IPUIPlugin:80 - create IPUIPlugin
2024-02-11 10:52:35,578 [INFO] PluginManager:220 - loadIPPluginJar : add sai
2024-02-11 10:52:35,580 [INFO] IPUIPlugin:80 - create IPUIPlugin
2024-02-11 10:52:35,580 [INFO] PluginManager:220 - loadIPPluginJar : add tracer_emb
2024-02-11 10:52:35,673 [INFO] CADModel:165 - CPN selected for project level
2024-02-11 10:52:35,674 [INFO] CADModel:114 - Register for checkConnection events
2024-02-11 10:52:35,674 [FATAL] Updater:308 - Updater called before beeing initialized
2024-02-11 10:52:35,674 [ERROR] CADModel:125 - Updater not yet initialized, retry later 
2024-02-11 10:52:35,761 [INFO] CADModel:165 - CPN selected for project level
2024-02-11 10:52:35,762 [INFO] CADModel:114 - Register for checkConnection events
2024-02-11 10:52:35,762 [FATAL] Updater:308 - Updater called before beeing initialized
2024-02-11 10:52:35,762 [ERROR] CADModel:125 - Updater not yet initialized, retry later 
2024-02-11 10:52:35,764 [FATAL] Updater:308 - Updater called before beeing initialized
2024-02-11 10:52:35,811 [FATAL] Updater:308 - Updater called before beeing initialized
2024-02-11 10:52:35,814 [INFO] DbMcusAds:53 - JSON generation date=Wed Nov 29 11:52:27 CET 2023 (1701255147349)
2024-02-11 10:52:35,814 [FATAL] Updater:308 - Updater called before beeing initialized
2024-02-11 10:52:35,841 [WARN] DetailPanel:346 - Failed to get advertising image, set to default
2024-02-11 10:52:35,904 [FATAL] Updater:308 - Updater called before beeing initialized
2024-02-11 10:52:35,905 [FATAL] Updater:308 - Updater called before beeing initialized
2024-02-11 10:52:35,905 [FATAL] Updater:308 - Updater called before beeing initialized
2024-02-11 10:52:35,905 [WARN] DetailPanel:346 - Failed to get advertising image, set to default
2024-02-11 10:52:35,905 [FATAL] Updater:308 - Updater called before beeing initialized
2024-02-11 10:52:35,927 [ERROR] Updater:1120 - MainUpdater not yet initialized. External WinMGr cannot be set.
2024-02-11 10:52:35,928 [INFO] Updater:1056 - Updater Version found : 6.10.0
2024-02-11 10:52:35,942 [INFO] ApplicationProperties:184 - Using Application install path: /home/fredrikr/st/stm32cubeide_1.14.0/plugins/com.st.stm32cube.common.mx_6.10.0.202311202037
2024-02-11 10:52:36,095 [INFO] MainUpdater:2873 - connection check result : 10
2024-02-11 10:52:36,095 [INFO] MainUpdater:3567 - Updater definition file requires update
2024-02-11 10:52:36,095 [INFO] MainUpdater:290 - Updater Check For Update Now.
2024-02-11 10:52:36,096 [INFO] MicroXplorer:498 - Change Database Version : DB.6.0.100
2024-02-11 10:52:36,098 [INFO] McuFinderGlobals:63 - Set McuFinder mode to 2 (CubeIDE integrated)
2024-02-11 10:52:36,099 [INFO] UserAuth:180 - activating auth plugin
2024-02-11 10:52:36,101 [INFO] UserAuth:404 - Internet connection configuration mode: 1
2024-02-11 10:52:36,114 [INFO] JxBrowserEngine:152 - Initiate JxBrowser Engine with user profile folder
2024-02-11 10:52:36,216 [INFO] ServerAccessManage:473 - Download File updaters.zip
2024-02-11 10:52:36,256 [INFO] FileExtend:240 - Unzip File : updaters.zip
2024-02-11 10:52:36,256 [INFO] FileExtend:255 - Standard Zip Deflate
2024-02-11 10:52:36,465 [INFO] ServerAccessManage:473 - Download File PacksControlFlags.xml
2024-02-11 10:52:36,501 [INFO] ServerAccessManage:473 - Download File cubemx.pidx
2024-02-11 10:52:36,667 [INFO] LoadServerUpdatesThread:375 - End of LoadServerUpdate Thread
2024-02-11 10:52:36,802 [INFO] CheckServerUpdateThread:120 - End of CheckServer Thread
2024-02-11 10:52:36,900 [INFO] MainUpdater:2873 - connection check result : 10
2024-02-11 10:52:36,901 [INFO] MainUpdater:2873 - connection check result : 10
2024-02-11 10:52:36,922 [INFO] MicroXplorer:468 - Change Database Path : 
2024-02-11 10:52:36,923 [INFO] MicroXplorer:498 - Change Database Version : DB.6.0.100
2024-02-11 10:52:36,925 [WARN] ThirdParty:871 - waiting for thirdparty lock release [close project]
2024-02-11 10:52:37,233 [INFO] WebApp:161 - Instantiating new browser for Auth
2024-02-11 10:52:37,686 [INFO] WebApp:780 - Register for checkConnection events
2024-02-11 10:52:37,687 [INFO] WebApp:414 - Apply proxy settings
2024-02-11 10:52:37,687 [INFO] WebApp:499 - Chromium requires no authentication
2024-02-11 10:52:37,690 [INFO] WebApp:442 - Direct internet connection detected
2024-02-11 10:52:37,770 [INFO] WebApp:192 - Starting web application
2024-02-11 10:52:37,770 [INFO] WebApp:544 - Web application path used /home/fredrikr/st/stm32cubeide_1.14.0/plugins/com.st.stm32cube.common.mx_6.10.0.202311202037/db/plugins/mcufinder/reactClient1/index.html
2024-02-11 10:52:38,258 [WARN] PackLoader:240 - Cannot read IP mode file for STMicroelectronics.X-CUBE-SMBUS.2.1.0
2024-02-11 10:52:38,266 [WARN] PackLoader:240 - Cannot read IP mode file for STMicroelectronics.X-CUBE-TOUCHGFX.4.23.0
2024-02-11 10:52:38,287 [WARN] PackLoader:240 - Cannot read IP mode file for STMicroelectronics.X-CUBE-AZRTOS-F7.1.1.0
2024-02-11 10:52:38,295 [WARN] PackLoader:240 - Cannot read IP mode file for STMicroelectronics.FP-SNS-MOTENV1.4.3.2
2024-02-11 10:52:38,300 [WARN] PackLoader:240 - Cannot read IP mode file for STMicroelectronics.FP-SNS-FLIGHT1.5.0.2
2024-02-11 10:52:38,307 [WARN] PackLoader:240 - Cannot read IP mode file for STMicroelectronics.X-CUBE-DISPLAY.3.0.0
2024-02-11 10:52:38,316 [WARN] PackLoader:240 - Cannot read IP mode file for STMicroelectronics.X-CUBE-BLE1.7.0.0
2024-02-11 10:52:38,320 [WARN] PackLoader:240 - Cannot read IP mode file for emotas.I-CUBE-CANOPEN.1.3.0
2024-02-11 10:52:38,323 [WARN] PackLoader:240 - Cannot read IP mode file for STMicroelectronics.FP-SNS-SMARTAG2.1.2.0
2024-02-11 10:52:38,329 [INFO] LogOutputStream:77 - [STDOUT_REDIRECT] 1 : Invalid condition id : UX_CORESTACK_Condition cause : null
2024-02-11 10:52:38,330 [INFO] LogOutputStream:77 - [STDOUT_REDIRECT] 1 : Invalid condition id : UX_CORESTACK_Condition cause : null
2024-02-11 10:52:38,330 [INFO] LogOutputStream:77 - [STDOUT_REDIRECT] 1 : Invalid condition id : UX_CORESTACK_Condition cause : null
2024-02-11 10:52:38,330 [INFO] LogOutputStream:77 - [STDOUT_REDIRECT] 1 : Invalid condition id : UX_CORESTACK_Condition cause : null
2024-02-11 10:52:38,330 [INFO] LogOutputStream:77 - [STDOUT_REDIRECT] 1 : Invalid condition id : UX_CORESTACK_Condition cause : null
2024-02-11 10:52:38,335 [WARN] PackLoader:240 - Cannot read IP mode file for STMicroelectronics.X-CUBE-AZRTOS-WL.2.0.0
2024-02-11 10:52:38,341 [WARN] PackLoader:240 - Cannot read IP mode file for WES.I-CUBE-Cesium.1.3.0
2024-02-11 10:52:38,344 [WARN] PackLoader:240 - Cannot read IP mode file for STMicroelectronics.X-CUBE-BLE2.3.3.0
2024-02-11 10:52:38,349 [WARN] PackLoader:240 - Cannot read IP mode file for STMicroelectronics.X-CUBE-ALGOBUILD.1.3.0
2024-02-11 10:52:38,363 [WARN] PackLoader:240 - Cannot read IP mode file for STMicroelectronics.X-CUBE-AZRTOS-G0.1.1.0
2024-02-11 10:52:38,368 [WARN] PackLoader:240 - Cannot read IP mode file for STMicroelectronics.X-CUBE-NFC4.3.0.0
2024-02-11 10:52:38,376 [WARN] PackLoader:240 - Cannot read IP mode file for STMicroelectronics.X-CUBE-BLEMGR.3.0.0
2024-02-11 10:52:38,381 [WARN] PackLoader:240 - Cannot read IP mode file for STMicroelectronics.FP-ATR-SIGFOX1.3.2.0
2024-02-11 10:52:38,385 [WARN] PackLoader:240 - Cannot read IP mode file for STMicroelectronics.X-CUBE-EEPRMA1.5.1.0
2024-02-11 10:52:38,409 [WARN] PackLoader:240 - Cannot read IP mode file for SEGGER.I-CUBE-embOS.1.3.1
2024-02-11 10:52:38,441 [WARN] PackLoader:240 - Cannot read IP mode file for STMicroelectronics.X-CUBE-GNSS1.6.0.0
2024-02-11 10:52:38,453 [WARN] PackLoader:240 - Cannot read IP mode file for STMicroelectronics.X-CUBE-AZRTOS-F4.1.1.0
2024-02-11 10:52:38,458 [WARN] PackLoader:240 - Cannot read IP mode file for wolfSSL.I-CUBE-wolfSSL.5.6.6
2024-02-11 10:52:38,470 [WARN] PackLoader:240 - Cannot read IP mode file for STMicroelectronics.X-CUBE-AZRTOS-L5.2.0.0
2024-02-11 10:52:38,475 [WARN] PackLoader:240 - Cannot read IP mode file for STMicroelectronics.X-CUBE-EEPRMA1.4.2.0
2024-02-11 10:52:38,479 [WARN] PackLoader:240 - Cannot read IP mode file for ITTIA_DB.I-CUBE-ITTIADB.8.8.0
2024-02-11 10:52:38,482 [WARN] PackLoader:240 - Cannot read IP mode file for STMicroelectronics.X-CUBE-NFC7.1.0.1
2024-02-11 10:52:38,487 [WARN] PackLoader:240 - Cannot read IP mode file for STMicroelectronics.X-CUBE-NFC6.3.0.0
2024-02-11 10:52:38,490 [WARN] PackLoader:240 - Cannot read IP mode file for STMicroelectronics.X-CUBE-AI.8.1.0
2024-02-11 10:52:38,504 [WARN] ConditionMgr:438 - getConditionDescription Invalid condition id : LAN8742 Phy interface Condition cause : null
2024-02-11 10:52:38,505 [WARN] PackLoader:240 - Cannot read IP mode file for STMicroelectronics.X-CUBE-AZRTOS-L4.2.0.0
2024-02-11 10:52:38,506 [WARN] ConditionMgr:1039 - genDependencies : Invalid condition id : LAN8742 Phy interface Condition cause : null
2024-02-11 10:52:38,506 [WARN] ConditionMgr:1039 - genDependencies : Invalid condition id : LAN8742 Phy interface Condition cause : null
2024-02-11 10:52:38,506 [WARN] ConditionMgr:1039 - genDependencies : Invalid condition id : LAN8742 Phy interface Condition cause : null
2024-02-11 10:52:38,511 [WARN] PackLoader:240 - Cannot read IP mode file for STMicroelectronics.X-CUBE-SFXS2LP1.4.0.0
2024-02-11 10:52:38,519 [WARN] ConditionMgr:438 - getConditionDescription Invalid condition id : UX DEVICE CLASS RTOS Condition cause : null
2024-02-11 10:52:38,520 [WARN] ConditionMgr:438 - getConditionDescription Invalid condition id : UX DEVICE CLASS RTOS Condition cause : null
2024-02-11 10:52:38,521 [WARN] PackLoader:240 - Cannot read IP mode file for STMicroelectronics.X-CUBE-AZRTOS-WB.2.0.0
2024-02-11 10:52:38,522 [WARN] ConditionMgr:1039 - genDependencies : Invalid condition id : UX DEVICE CLASS RTOS Condition cause : null
2024-02-11 10:52:38,522 [WARN] ConditionMgr:1039 - genDependencies : Invalid condition id : UX DEVICE CLASS RTOS Condition cause : null
2024-02-11 10:52:38,522 [WARN] ConditionMgr:1039 - genDependencies : Invalid condition id : UX DEVICE CLASS RTOS Condition cause : null
2024-02-11 10:52:38,522 [WARN] ConditionMgr:1039 - genDependencies : Invalid condition id : UX DEVICE CLASS RTOS Condition cause : null
2024-02-11 10:52:38,522 [WARN] ConditionMgr:1039 - genDependencies : Invalid condition id : UX DEVICE CLASS RTOS Condition cause : null
2024-02-11 10:52:38,529 [WARN] PackLoader:240 - Cannot read IP mode file for STMicroelectronics.X-CUBE-SUBG2.5.0.0
2024-02-11 10:52:38,550 [WARN] PackLoader:240 - Cannot read IP mode file for STMicroelectronics.X-CUBE-AZRTOS-G4.2.0.0
2024-02-11 10:52:38,558 [WARN] PackLoader:240 - Cannot read IP mode file for Infineon.AIROC-Wi-Fi-Bluetooth-STM32.1.5.1
2024-02-11 10:52:38,562 [WARN] PackLoader:240 - Cannot read IP mode file for STMicroelectronics.FP-SNS-MOTENVWB1.1.3.1
2024-02-11 10:52:38,564 [WARN] PackLoader:240 - Cannot read IP mode file for STMicroelectronics.X-CUBE-ISPU.2.0.0
2024-02-11 10:52:38,598 [WARN] PackLoader:240 - Cannot read IP mode file for STMicroelectronics.X-CUBE-MEMS1.10.0.0
2024-02-11 10:52:38,688 [WARN] PackLoader:240 - Cannot read IP mode file for STMicroelectronics.X-CUBE-FREERTOS.1.1.0
2024-02-11 10:52:38,691 [WARN] PackLoader:240 - Cannot read IP mode file for portGmbH.I-Cube-SoM-uGOAL.1.1.0
2024-02-11 10:52:38,694 [WARN] PackLoader:240 - Cannot read IP mode file for STMicroelectronics.X-CUBE-ALS.1.0.1
2024-02-11 10:52:38,696 [WARN] PackLoader:240 - Cannot read IP mode file for STMicroelectronics.FP-ATR-ASTRA1.2.0.0
2024-02-11 10:52:38,702 [WARN] PackLoader:240 - Cannot read IP mode file for STMicroelectronics.X-CUBE-TOF1.3.4.0
2024-02-11 10:52:38,721 [WARN] PackLoader:240 - Cannot read IP mode file for STMicroelectronics.X-CUBE-AZRTOS-H7.3.2.0
2024-02-11 10:52:38,723 [INFO] ThirdParty:978 - Integrity check success = true
2024-02-11 10:52:38,723 [INFO] IntegrityCheckThread:100 - exiting critical section [integrity check]
2024-02-11 10:52:38,723 [INFO] IntegrityCheckThread:103 - End integrity checks thread
2024-02-11 10:52:38,723 [INFO] ThirdParty:873 - entering critical section [close project]
2024-02-11 10:52:38,724 [INFO] ThirdParty:883 - exiting critical section [close project]
2024-02-11 10:52:38,725 [INFO] PinOutPanel:1499 - setPackage(No Configuration,No Configuration)
2024-02-11 10:52:38,728 [INFO] UtilMem:75 - Begin LoadConfig() Used Memory: 217531872 Bytes (702545920)
2024-02-11 10:52:38,729 [INFO] MicroXplorer:468 - Change Database Path : 
2024-02-11 10:52:38,729 [INFO] MicroXplorer:498 - Change Database Version : DB.6.0.100
2024-02-11 10:52:38,729 [INFO] OpenFileManager:312 - Change cursor
2024-02-11 10:52:38,749 [INFO] Mcu:2016 - Initializing MCU STM32H723ZGTx STM32H723ZGTx STM32H723ZGT6
2024-02-11 10:52:40,618 [INFO] Context:659 - Trying to add GPIOservice into a context  which must be forbidden
2024-02-11 10:52:41,645 [INFO] RtosManager:555 - Registered RTOS mode: class=CMSIS, group=RTOS, mode=CMSIS_V1, owner=FREERTOS
2024-02-11 10:52:41,645 [INFO] RtosManager:555 - Registered RTOS mode: class=CMSIS, group=RTOS2, mode=CMSIS_V2, owner=FREERTOS
2024-02-11 10:52:41,645 [INFO] RtosManager:555 - Registered RTOS mode: class=RTOS, group=Core, mode=CMSIS_V1, owner=FREERTOS
2024-02-11 10:52:41,645 [INFO] RtosManager:555 - Registered RTOS mode: class=RTOS, group=Core, mode=CMSIS_V2, owner=FREERTOS
2024-02-11 10:52:41,645 [WARN] ModelIntegratedComponent:184 - Missing modes for component STMicroelectronics:FreeRTOS:0.0.1:STMicroelectronics:RTOS:FreeRTOS:Core:::10.2.0:
2024-02-11 10:52:41,650 [WARN] ModelIntegratedComponent:182 - Modes not found for component STMicroelectronics:USB_HOST:1.0.0:STMicroelectronics:USB::USB Host:Audio FS::1.0:USB_HOST_1_0_RESTRICTED_FS
2024-02-11 10:52:41,650 [WARN] ModelIntegratedComponent:188 - Modes not found for component STMicroelectronics:USB_HOST:1.0.0:STMicroelectronics:USB::USB Host:Audio FS::1.0:USB_HOST_1_0_RESTRICTED_FS
2024-02-11 10:52:41,651 [WARN] ModelIntegratedComponent:182 - Modes not found for component STMicroelectronics:USB_HOST:1.0.0:STMicroelectronics:USB::USB Host:CDC FS::1.0:USB_HOST_1_0_RESTRICTED_FS
2024-02-11 10:52:41,651 [WARN] ModelIntegratedComponent:188 - Modes not found for component STMicroelectronics:USB_HOST:1.0.0:STMicroelectronics:USB::USB Host:CDC FS::1.0:USB_HOST_1_0_RESTRICTED_FS
2024-02-11 10:52:41,651 [WARN] ModelIntegratedComponent:182 - Modes not found for component STMicroelectronics:USB_HOST:1.0.0:STMicroelectronics:USB::USB Host:MSC FS::1.0:USB_HOST_1_0_RESTRICTED_FS
2024-02-11 10:52:41,651 [WARN] ModelIntegratedComponent:188 - Modes not found for component STMicroelectronics:USB_HOST:1.0.0:STMicroelectronics:USB::USB Host:MSC FS::1.0:USB_HOST_1_0_RESTRICTED_FS
2024-02-11 10:52:41,651 [WARN] ModelIntegratedComponent:182 - Modes not found for component STMicroelectronics:USB_HOST:1.0.0:STMicroelectronics:USB::USB Host:HID FS::1.0:USB_HOST_1_0_RESTRICTED_FS
2024-02-11 10:52:41,651 [WARN] ModelIntegratedComponent:188 - Modes not found for component STMicroelectronics:USB_HOST:1.0.0:STMicroelectronics:USB::USB Host:HID FS::1.0:USB_HOST_1_0_RESTRICTED_FS
2024-02-11 10:52:41,651 [WARN] ModelIntegratedComponent:182 - Modes not found for component STMicroelectronics:USB_HOST:1.0.0:STMicroelectronics:USB::USB Host:MTP FS::1.0:USB_HOST_1_0_RESTRICTED_FS
2024-02-11 10:52:41,651 [WARN] ModelIntegratedComponent:188 - Modes not found for component STMicroelectronics:USB_HOST:1.0.0:STMicroelectronics:USB::USB Host:MTP FS::1.0:USB_HOST_1_0_RESTRICTED_FS
2024-02-11 10:52:41,658 [WARN] ModelIntegratedComponent:63 - No mode defined for component null
2024-02-11 10:52:41,658 [WARN] ModelIntegratedComponent:63 - No mode defined for component null
2024-02-11 10:52:41,658 [WARN] ModelIntegratedComponent:63 - No mode defined for component null
2024-02-11 10:52:41,658 [WARN] ModelIntegratedComponent:63 - No mode defined for component null
2024-02-11 10:52:41,658 [WARN] ModelIntegratedComponent:63 - No mode defined for component null
2024-02-11 10:52:41,658 [WARN] ModelIntegratedComponent:63 - No mode defined for component null
2024-02-11 10:52:41,658 [WARN] ModelIntegratedComponent:63 - No mode defined for component null
2024-02-11 10:52:41,658 [WARN] ModelIntegratedComponent:63 - No mode defined for component null
2024-02-11 10:52:41,658 [WARN] ModelIntegratedComponent:63 - No mode defined for component null
2024-02-11 10:52:41,658 [WARN] ModelIntegratedComponent:63 - No mode defined for component null
2024-02-11 10:52:41,659 [WARN] ModelIntegratedComponent:63 - No mode defined for component null
2024-02-11 10:52:41,659 [WARN] ModelIntegratedComponent:63 - No mode defined for component null
2024-02-11 10:52:41,659 [WARN] ModelIntegratedComponent:63 - No mode defined for component null
2024-02-11 10:52:41,659 [WARN] ModelIntegratedComponent:63 - No mode defined for component null
2024-02-11 10:52:41,659 [WARN] ModelIntegratedComponent:63 - No mode defined for component null
2024-02-11 10:52:41,659 [WARN] ModelIntegratedComponent:63 - No mode defined for component null
2024-02-11 10:52:41,659 [WARN] ModelIntegratedComponent:63 - No mode defined for component null
2024-02-11 10:52:41,659 [WARN] ModelIntegratedComponent:63 - No mode defined for component null
2024-02-11 10:52:41,659 [WARN] ModelIntegratedComponent:63 - No mode defined for component null
2024-02-11 10:52:41,659 [WARN] ModelIntegratedComponent:63 - No mode defined for component null
2024-02-11 10:52:41,659 [WARN] ModelIntegratedComponent:63 - No mode defined for component null
2024-02-11 10:52:41,659 [WARN] ModelIntegratedComponent:63 - No mode defined for component null
2024-02-11 10:52:41,659 [WARN] ModelIntegratedComponent:63 - No mode defined for component null
2024-02-11 10:52:41,659 [WARN] ModelIntegratedComponent:63 - No mode defined for component null
2024-02-11 10:52:41,659 [WARN] ModelIntegratedComponent:63 - No mode defined for component null
2024-02-11 10:52:41,659 [WARN] ModelIntegratedComponent:63 - No mode defined for component null
2024-02-11 10:52:41,659 [WARN] ModelIntegratedComponent:63 - No mode defined for component null
2024-02-11 10:52:41,659 [WARN] ModelIntegratedComponent:63 - No mode defined for component null
2024-02-11 10:52:41,659 [WARN] ModelIntegratedComponent:63 - No mode defined for component null
2024-02-11 10:52:41,659 [WARN] ModelIntegratedComponent:63 - No mode defined for component null
2024-02-11 10:52:41,659 [WARN] ModelIntegratedComponent:63 - No mode defined for component null
2024-02-11 10:52:41,659 [WARN] ModelIntegratedComponent:63 - No mode defined for component null
2024-02-11 10:52:41,659 [WARN] ModelIntegratedComponent:63 - No mode defined for component null
2024-02-11 10:52:41,722 [WARN] ModelIntegratedComponent:182 - Modes not found for component STMicroelectronics:USB_DEVICE:1.0.0:STMicroelectronics:USB::USB Device:Audio FS::1.0:USB_DEVICE_1_0_RESTRICTED_FS
2024-02-11 10:52:41,722 [WARN] ModelIntegratedComponent:188 - Modes not found for component STMicroelectronics:USB_DEVICE:1.0.0:STMicroelectronics:USB::USB Device:Audio FS::1.0:USB_DEVICE_1_0_RESTRICTED_FS
2024-02-11 10:52:41,722 [WARN] ModelIntegratedComponent:182 - Modes not found for component STMicroelectronics:USB_DEVICE:1.0.0:STMicroelectronics:USB::USB Device:CDC FS::1.0:USB_DEVICE_1_0_RESTRICTED_FS
2024-02-11 10:52:41,722 [WARN] ModelIntegratedComponent:188 - Modes not found for component STMicroelectronics:USB_DEVICE:1.0.0:STMicroelectronics:USB::USB Device:CDC FS::1.0:USB_DEVICE_1_0_RESTRICTED_FS
2024-02-11 10:52:41,722 [WARN] ModelIntegratedComponent:182 - Modes not found for component STMicroelectronics:USB_DEVICE:1.0.0:STMicroelectronics:USB::USB Device:DFU FS::1.0:USB_DEVICE_1_0_RESTRICTED_FS
2024-02-11 10:52:41,722 [WARN] ModelIntegratedComponent:188 - Modes not found for component STMicroelectronics:USB_DEVICE:1.0.0:STMicroelectronics:USB::USB Device:DFU FS::1.0:USB_DEVICE_1_0_RESTRICTED_FS
2024-02-11 10:52:41,723 [WARN] ModelIntegratedComponent:182 - Modes not found for component STMicroelectronics:USB_DEVICE:1.0.0:STMicroelectronics:USB::USB Device:HID FS::1.0:USB_DEVICE_1_0_RESTRICTED_FS
2024-02-11 10:52:41,723 [WARN] ModelIntegratedComponent:188 - Modes not found for component STMicroelectronics:USB_DEVICE:1.0.0:STMicroelectronics:USB::USB Device:HID FS::1.0:USB_DEVICE_1_0_RESTRICTED_FS
2024-02-11 10:52:41,723 [WARN] ModelIntegratedComponent:182 - Modes not found for component STMicroelectronics:USB_DEVICE:1.0.0:STMicroelectronics:USB::USB Device:Custom HID FS::1.0:USB_DEVICE_1_0_RESTRICTED_FS
2024-02-11 10:52:41,723 [WARN] ModelIntegratedComponent:188 - Modes not found for component STMicroelectronics:USB_DEVICE:1.0.0:STMicroelectronics:USB::USB Device:Custom HID FS::1.0:USB_DEVICE_1_0_RESTRICTED_FS
2024-02-11 10:52:41,723 [WARN] ModelIntegratedComponent:182 - Modes not found for component STMicroelectronics:USB_DEVICE:1.0.0:STMicroelectronics:USB::USB Device:MSC FS::1.0:USB_DEVICE_1_0_RESTRICTED_FS
2024-02-11 10:52:41,723 [WARN] ModelIntegratedComponent:188 - Modes not found for component STMicroelectronics:USB_DEVICE:1.0.0:STMicroelectronics:USB::USB Device:MSC FS::1.0:USB_DEVICE_1_0_RESTRICTED_FS
2024-02-11 10:52:41,740 [INFO] ThirdPartyModel:298 - Start build external matchings
2024-02-11 10:52:41,974 [INFO] ThirdPartyModel:316 - End build external matchings
2024-02-11 10:52:41,990 [INFO] ImportTextPane:194 - (OptionalMessage_ERROR) IP (RCC) : Invalid parameter (FamilyName)
2024-02-11 10:52:42,304 [INFO] UtilMem:75 - End LoadConfig() Used Memory: 214686352 Bytes (681574400)
2024-02-11 10:52:42,380 [INFO] ApiDb:581 - Connected to CubeFinder SQLite database (/home/fredrikr/.stmcufinder/plugins/mcufinder/mcu/cube-finder-db.db)
2024-02-11 10:52:42,437 [INFO] ApiDb:668 - CubeFinder database Data Model version=2.1
2024-02-11 10:52:42,437 [INFO] ApiDb:669 - CubeFinder database Configuration version=3.0.39
2024-02-11 10:52:42,437 [INFO] ApiDb:670 - CubeFinder database generation date=2023-12-08 (1702028721)
2024-02-11 10:52:42,437 [INFO] ApiDb:671 - CubeFinder database FW Pack versions=[FP-ATR-ASTRA1_V2.0.0, FP-SNS-FLIGHT1_V5.0.1, FP-SNS-FLIGHT1_V5.0.2, FP-SNS-MOTENV1_V4.3.1, FP-SNS-MOTENV1_V4.3.2, FP-SNS-MOTENVWB1_V1.3.1, FP-SNS-SMARTAG2_V1.2.0, STM32Cube_FW_C0_V1.1.0, STM32Cube_FW_F4_V1.28.0, STM32Cube_FW_F7_V1.17.0, STM32Cube_FW_G0_V1.6.1, STM32Cube_FW_G4_V1.5.1, STM32Cube_FW_H5_V0.5.1, STM32Cube_FW_H5_V1.1.1, STM32Cube_FW_H5_V1.2.0RC2, STM32Cube_FW_H7_V1.11.0, STM32Cube_FW_L0_V1.12.2, STM32Cube_FW_L5_V1.5.0, STM32Cube_FW_U5_V1.3.0RC4, STM32Cube_FW_U5_V1.4.0, STM32Cube_FW_WBA_V1.0.0RC1, STM32Cube_FW_WBA_V1.1.0RC1, STM32Cube_FW_WBA_V1.2.0, STM32Cube_FW_WBA_V1.2.0RC2, STM32Cube_FW_WB_V1.15.0RC1, STM32Cube_FW_WB_V1.16.0, STM32Cube_FW_WB_V1.16.0RC2, STM32Cube_FW_WB_V1.18.0, STM32Cube_FW_WL_V1.3.0, X-CUBE-ALGOBUILD_V1.3.0, X-CUBE-ALS_V1.0.1, X-CUBE-AZRTOS-F4_V1.1.0, X-CUBE-AZRTOS-F7_V1.1.0, X-CUBE-AZRTOS-G0_V1.1.0, X-CUBE-AZRTOS-G4_V2.0.0, X-CUBE-AZRTOS-H7_V3.1.0, X-CUBE-AZRTOS-L4_V1.0.0, X-CUBE-AZRTOS-L4_V2.0.0, X-CUBE-AZRTOS-L5_V1.1.0, X-CUBE-AZRTOS-WB_V2.0.0, X-CUBE-AZRTOS-WL_V2.0.0, X-CUBE-BLE1_V7.0.0, X-CUBE-BLE2_V3.3.0, X-CUBE-BLEMGR_V3.0.0, X-CUBE-EEPRMA1_V4.1.0, X-CUBE-EEPRMA1_V4.2.0, X-CUBE-FREERTOS_V1.1.0, X-CUBE-GNSS1_V6.0.0, X-CUBE-MEMS1_V10.0.0, X-CUBE-MEMS1_V9.1.0, X-CUBE-MEMS1_V9.4.0, X-CUBE-MEMS1_V9.6.0, X-CUBE-NFC4_V3.0.0, X-CUBE-NFC7_V1.0.1, X-CUBE-SFXS2LP1_V4.0.0, X-CUBE-SUBG2_V5.0.0, X-CUBE-TOF1_V3.4.0]
2024-02-11 10:52:43,902 [INFO] ApiDb:240 - Found 371 in-development CPN: [B-G473E-ZEST1S, B-WB1M-WPAN1, B-WL5M-SUBG1, NUCLEO-C031C6, NUCLEO-H503RB, NUCLEO-H563ZI, NUCLEO-U545RE-Q, NUCLEO-U5A5ZJ-Q, NUCLEO-WBA52CG, NUCLEO-WBA55CG, STEVAL-MKBOXPRO, STEVAL-PROTEUS1, STEVAL-STWINBX1, STM320518-EVAL, STM32C0116-DK, STM32C011D6Y3TR, STM32C011D6Y6TR, STM32C011F4P3, STM32C011F4P6, STM32C011F4U3, STM32C011F4U6TR, STM32C011F6P3, STM32C011F6P6, STM32C011F6U3, STM32C011F6U6TR, STM32C011J4M3, STM32C011J4M6, STM32C011J6M3, STM32C011J6M6, STM32C0316-DK, STM32C031C4T3, STM32C031C4T6, STM32C031C4U3, STM32C031C4U6, STM32C031C6T3, STM32C031C6T6, STM32C031C6U3, STM32C031C6U6, STM32C031F4P3, STM32C031F4P6, STM32C031F6P3, STM32C031F6P6, STM32C031G4U3, STM32C031G4U6, STM32C031G6U3, STM32C031G6U6, STM32C031K4T3, STM32C031K4T6, STM32C031K4U3, STM32C031K4U6, STM32C031K6T3, STM32C031K6T6, STM32C031K6U3, STM32C031K6U6, STM32G071K8TXN, STM32G071K8UXN, STM32G081GBU6N, STM32G081KBT6N, STM32G081KBUXN, STM32G0B1CCT6N, STM32G0B1KCT6, STM32G0B1NEY6TR, STM32G0B1RCT6N, STM32G0C1CCT6, STM32G0C1CCT6N, STM32G0C1CCU6N, STM32G0C1CET6N, STM32G0C1CEU6N, STM32G0C1KCT6, STM32G0C1NEY6TR, STM32G0C1RCI6N, STM32G0C1RCT6N, STM32G0C1REI6N, STM32G0C1RET6N, STM32G0C1VCI6, STM32G0C1VEI6, STM32G471CCT6, STM32G471CCU6, STM32G471CET3, STM32G471CET6, STM32G471CEU3, STM32G471CEU6, STM32G471MCT6, STM32G471MET3, STM32G471MET6, STM32G471MEY6TR, STM32G471QCT6, STM32G471QET3, STM32G471RCT6, STM32G471RET3, STM32G471RET6, STM32G471VCH6, STM32G471VCI6, STM32G471VCT6, STM32G471VEH3, STM32G471VEH6, STM32G471VEI3, STM32G471VEI6, STM32G471VET3, STM32G471VET6, STM32G474CCT6, STM32H503CBT6, STM32H503CBU6, STM32H503EBY6TR, STM32H503KBU6, STM32H503RBT6, STM32H562AGI6, STM32H562AII6, STM32H562IGK6, STM32H562IGT6, STM32H562IIK6, STM32H562IIT6, STM32H562RGT6, STM32H562RGV6, STM32H562RIT6, STM32H562RIV6, STM32H562VGT6, STM32H562VIT6, STM32H562ZGT6, STM32H562ZIT6, STM32H563AGI6, STM32H563AII3Q, STM32H563AII6, STM32H563IGK6, STM32H563IGT6, STM32H563IIK3Q, STM32H563IIK6, STM32H563IIT3Q, STM32H563IIT6, STM32H563MIY3QTR, STM32H563RGT6, STM32H563RGV6, STM32H563RIT6, STM32H563RIV6, STM32H563VGT6, STM32H563VIT3Q, STM32H563VIT6, STM32H563ZGT6, STM32H563ZIT3Q, STM32H563ZIT6, STM32H573AII3Q, STM32H573AII6, STM32H573I-DK, STM32H573IIK3Q, STM32H573IIK6, STM32H573IIT3Q, STM32H573IIT6, STM32H573MIY3QTR, STM32H573RIT6, STM32H573RIV6, STM32H573VIT3Q, STM32H573VIT6, STM32H573ZIT3Q, STM32H573ZIT6, STM32L4R5QGI6STR, STM32MP131AAE3, STM32MP131AAF3, STM32MP131AAG3, STM32MP131CAE3, STM32MP131CAF3, STM32MP131CAG3, STM32MP131DAE7, STM32MP131DAF7, STM32MP131DAG7, STM32MP131FAE7, STM32MP131FAF7, STM32MP131FAG7, STM32MP133AAE3, STM32MP133AAF3, STM32MP133AAG3, STM32MP133CAE3, STM32MP133CAF3, STM32MP133CAG3, STM32MP133DAE7, STM32MP133DAF7, STM32MP133DAG7, STM32MP133FAE7, STM32MP133FAF7, STM32MP133FAG7, STM32MP135AAE3, STM32MP135AAF3, STM32MP135AAG3, STM32MP135CAE3, STM32MP135CAF3, STM32MP135CAG3, STM32MP135DAE7, STM32MP135DAF7, STM32MP135DAG7, STM32MP135F-DK, STM32MP135FAE7, STM32MP135FAF7, STM32MP135FAF7T, STM32MP135FAF7U, STM32MP135FAG7, STM32U535CBT6, STM32U535CBT6Q, STM32U535CBU6, STM32U535CBU6Q, STM32U535CCT6, STM32U535CCT6Q, STM32U535CCU6, STM32U535CCU6Q, STM32U535CET6, STM32U535CET6Q, STM32U535CEU6, STM32U535CEU6Q, STM32U535JEY6QTR, STM32U535NCY6QTR, STM32U535NEY6QTR, STM32U535RBI6, STM32U535RBI6Q, STM32U535RBT6, STM32U535RBT6Q, STM32U535RCI6, STM32U535RCI6Q, STM32U535RCT6, STM32U535RCT6Q, STM32U535REI6, STM32U535REI6Q, STM32U535RET6, STM32U535RET6Q, STM32U535VCI6, STM32U535VCI6Q, STM32U535VCT6, STM32U535VCT6Q, STM32U535VEI6, STM32U535VEI6Q, STM32U535VET6, STM32U535VET6Q, STM32U545CET6, STM32U545CET6Q, STM32U545CEU6, STM32U545CEU6Q, STM32U545JEY6QTR, STM32U545NEY6QTR, STM32U545REI6, STM32U545REI6Q, STM32U545RET6, STM32U545RET6Q, STM32U545VEI6, STM32U545VEI6Q, STM32U545VET6, STM32U545VET6Q, STM32U595AIH6, STM32U595AIH6Q, STM32U595AJH6, STM32U595AJH6Q, STM32U595QII6, STM32U595QII6Q, STM32U595QJI6, STM32U595QJI6Q, STM32U595RIT6, STM32U595RIT6Q, STM32U595RJT6, STM32U595RJT6Q, STM32U595VIT6, STM32U595VIT6Q, STM32U595VJT6, STM32U595VJT6Q, STM32U595ZIT6, STM32U595ZIT6Q, STM32U595ZIY6QTR, STM32U595ZJT6, STM32U595ZJT6Q, STM32U595ZJY6QTR, STM32U599BJY6QTR, STM32U599NIH6Q, STM32U599NJH6Q, STM32U599VIT6Q, STM32U599VJT6, STM32U599VJT6Q, STM32U599ZIT6Q, STM32U599ZIY6QTR, STM32U599ZJT6Q, STM32U599ZJY6QTR, STM32U5A5AJH6, STM32U5A5AJH6Q, STM32U5A5QJI6, STM32U5A5QJI6Q, STM32U5A5RJT6, STM32U5A5RJT6Q, STM32U5A5VJT6, STM32U5A5VJT6Q, STM32U5A5ZJT6, STM32U5A5ZJT6Q, STM32U5A5ZJY6QTR, STM32U5A9BJY6QTR, STM32U5A9J-DK, STM32U5A9NJH6Q, STM32U5A9VJT6Q, STM32U5A9ZJT6Q, STM32U5A9ZJY6QTR, STM32U5F7VIT6, STM32U5F7VIT6Q, STM32U5F7VJT6, STM32U5F7VJT6Q, STM32U5F9BJY6QTR, STM32U5F9NJH6Q, STM32U5F9VIT6Q, STM32U5F9VJT6Q, STM32U5F9ZIJ6QTR, STM32U5F9ZIT6Q, STM32U5F9ZJJ6QTR, STM32U5F9ZJT6Q, STM32U5G7VJT6, STM32U5G7VJT6Q, STM32U5G9BJY6QTR, STM32U5G9J-DK1, STM32U5G9J-DK2, STM32U5G9NJH6Q, STM32U5G9VJT6Q, STM32U5G9ZJJ6QTR, STM32U5G9ZJT6Q, STM32WB1MMCH6, STM32WBA50KEU6, STM32WBA50KEU6TR, STM32WBA50KGU6, STM32WBA50KGU6TR, STM32WBA52CEU6, STM32WBA52CEU6TR, STM32WBA52CEU7, STM32WBA52CEU7TR, STM32WBA52CGU6, STM32WBA52CGU6TR, STM32WBA52CGU6U, STM32WBA52CGU7, STM32WBA52CGU7TR, STM32WBA52KEU6, STM32WBA52KEU6TR, STM32WBA52KGU6, STM32WBA52KGU6TR, STM32WBA54CEU6, STM32WBA54CEU6TR, STM32WBA54CEU7, STM32WBA54CEU7TR, STM32WBA54CGU6, STM32WBA54CGU6TR, STM32WBA54CGU7, STM32WBA54CGU7TR, STM32WBA54KEU6, STM32WBA54KEU6TR, STM32WBA54KEU7, STM32WBA54KEU7TR, STM32WBA54KGU6, STM32WBA54KGU6TR, STM32WBA54KGU7, STM32WBA54KGU7TR, STM32WBA55CEU6, STM32WBA55CEU6TR, STM32WBA55CEU7, STM32WBA55CEU7TR, STM32WBA55CGU6, STM32WBA55CGU6TR, STM32WBA55CGU6U, STM32WBA55CGU7, STM32WBA55CGU7TR, STM32WBA55G-DK1, STM32WBA55HEF6, STM32WBA55HEF7, STM32WBA55HGF6, STM32WBA55HGF7, STM32WBA55UEI6, STM32WBA55UEI6TR, STM32WBA55UEI7, STM32WBA55UEI7TR, STM32WBA55UGI6, STM32WBA55UGI6TR, STM32WBA55UGI7, STM32WBA55UGI7TR, STM32WL5MOCH6, STM32WL5MOCH6TR]
2024-02-11 10:52:43,907 [INFO] DbMcus:218 - Found 3930 MCUs, 3930 are supported
2024-02-11 10:52:43,907 [INFO] ApiDb:423 - Load user favorites file /home/fredrikr/.stm32cubeide/favorites.mcus.txt: 0 item(s)
2024-02-11 10:52:43,907 [INFO] ApiDb:427 - User favorites MCUs=[]
2024-02-11 10:52:43,907 [INFO] DbMcus:224 - Set 0 / 0 favorites MCUs
2024-02-11 10:52:44,187 [INFO] MicroXplorer:468 - Change Database Path : 
2024-02-11 10:52:44,187 [INFO] MicroXplorer:498 - Change Database Version : DB.6.0.100
2024-02-11 10:52:44,187 [WARN] ThirdParty:833 - waiting for thirdparty lock release [change project]
2024-02-11 10:52:44,187 [INFO] ThirdParty:835 - entering critical section [change project]
2024-02-11 10:52:44,187 [INFO] ThirdParty:1030 - CMSIS Pack Vendor :STMicroelectronics USBPD 4.1
2024-02-11 10:52:44,187 [INFO] ThirdParty:1030 - CMSIS Pack Vendor :STMicroelectronics X-CUBE-GNSS1 6.0.0
2024-02-11 10:52:44,187 [INFO] ThirdParty:1030 - CMSIS Pack Vendor :STMicroelectronics USB_HOST 2.0.0
2024-02-11 10:52:44,187 [INFO] ThirdParty:1030 - CMSIS Pack Vendor :STMicroelectronics X-CUBE-AZRTOS-F4 1.1.0
2024-02-11 10:52:44,187 [INFO] ThirdParty:1030 - CMSIS Pack Vendor :STMicroelectronics LIBJPEG 8.0.0
2024-02-11 10:52:44,187 [INFO] ThirdParty:1030 - CMSIS Pack Vendor :STMicroelectronics X-CUBE-SMBUS 2.1.0
2024-02-11 10:52:44,188 [INFO] ThirdParty:1030 - CMSIS Pack Vendor :STMicroelectronics USB_DEVICE 3.0.0
2024-02-11 10:52:44,188 [INFO] ThirdParty:1030 - CMSIS Pack Vendor :STMicroelectronics X-CUBE-AZRTOS-WB 2.0.0
2024-02-11 10:52:44,188 [INFO] ThirdParty:1030 - CMSIS Pack Vendor :wolfSSL I-CUBE-wolfSSL 5.6.6
2024-02-11 10:52:44,188 [INFO] ThirdParty:1030 - CMSIS Pack Vendor :STMicroelectronics X-CUBE-TOUCHGFX 4.23.0
2024-02-11 10:52:44,188 [INFO] ThirdParty:1030 - CMSIS Pack Vendor :STMicroelectronics X-CUBE-AZRTOS-F7 1.1.0
2024-02-11 10:52:44,188 [INFO] ThirdParty:1030 - CMSIS Pack Vendor :STMicroelectronics X-CUBE-AZRTOS-L5 2.0.0
2024-02-11 10:52:44,188 [INFO] ThirdParty:1030 - CMSIS Pack Vendor :STMicroelectronics USB_DEVICE 2.0.0
2024-02-11 10:52:44,188 [INFO] ThirdParty:1030 - CMSIS Pack Vendor :STMicroelectronics X-CUBE-EEPRMA1 4.2.0
2024-02-11 10:52:44,188 [INFO] ThirdParty:1030 - CMSIS Pack Vendor :ITTIA_DB I-CUBE-ITTIADB 8.8.0
2024-02-11 10:52:44,188 [INFO] ThirdParty:1030 - CMSIS Pack Vendor :STMicroelectronics FP-SNS-MOTENV1 4.3.2
2024-02-11 10:52:44,188 [INFO] ThirdParty:1030 - CMSIS Pack Vendor :STMicroelectronics X-CUBE-ALGOBUILD 1.3.0
2024-02-11 10:52:44,188 [INFO] ThirdParty:1030 - CMSIS Pack Vendor :STMicroelectronics FreeRTOS 0.0.1
2024-02-11 10:52:44,188 [INFO] ThirdParty:1030 - CMSIS Pack Vendor :STMicroelectronics X-CUBE-AZRTOS-G0 1.1.0
2024-02-11 10:52:44,188 [INFO] ThirdParty:1030 - CMSIS Pack Vendor :STMicroelectronics X-CUBE-NFC4 3.0.0
2024-02-11 10:52:44,188 [INFO] ThirdParty:1030 - CMSIS Pack Vendor :STMicroelectronics X-CUBE-SUBG2 5.0.0
2024-02-11 10:52:44,188 [INFO] ThirdParty:1030 - CMSIS Pack Vendor :STMicroelectronics STM32_WPAN 1.0.0
2024-02-11 10:52:44,188 [INFO] ThirdParty:1030 - CMSIS Pack Vendor :STMicroelectronics lwIP 2.0.3
2024-02-11 10:52:44,188 [INFO] ThirdParty:1030 - CMSIS Pack Vendor :STMicroelectronics FP-SNS-FLIGHT1 5.0.2
2024-02-11 10:52:44,188 [INFO] ThirdParty:1030 - CMSIS Pack Vendor :STMicroelectronics USB_HOST 1.0.0
2024-02-11 10:52:44,188 [INFO] ThirdParty:1030 - CMSIS Pack Vendor :STMicroelectronics X-CUBE-AZRTOS-G4 2.0.0
2024-02-11 10:52:44,189 [INFO] ThirdParty:1030 - CMSIS Pack Vendor :STMicroelectronics PDM2PCM 3.1.0
2024-02-11 10:52:44,189 [INFO] ThirdParty:1030 - CMSIS Pack Vendor :Infineon AIROC-Wi-Fi-Bluetooth-STM32 1.5.1
2024-02-11 10:52:44,189 [INFO] ThirdParty:1030 - CMSIS Pack Vendor :STMicroelectronics X-CUBE-BLEMGR 3.0.0
2024-02-11 10:52:44,189 [INFO] ThirdParty:1030 - CMSIS Pack Vendor :STMicroelectronics PDM2PCM 3.3.0
2024-02-11 10:52:44,189 [INFO] ThirdParty:1030 - CMSIS Pack Vendor :STMicroelectronics X-CUBE-DISPLAY 3.0.0
2024-02-11 10:52:44,189 [INFO] ThirdParty:1030 - CMSIS Pack Vendor :STMicroelectronics FP-SNS-MOTENVWB1 1.3.1
2024-02-11 10:52:44,189 [INFO] ThirdParty:1030 - CMSIS Pack Vendor :STMicroelectronics X-CUBE-BLE1 7.0.0
2024-02-11 10:52:44,189 [INFO] ThirdParty:1030 - CMSIS Pack Vendor :STMicroelectronics FP-ATR-SIGFOX1 3.2.0
2024-02-11 10:52:44,189 [INFO] ThirdParty:1030 - CMSIS Pack Vendor :STMicroelectronics X-CUBE-ISPU 2.0.0
2024-02-11 10:52:44,189 [INFO] ThirdParty:1030 - CMSIS Pack Vendor :STMicroelectronics X-CUBE-EEPRMA1 5.1.0
2024-02-11 10:52:44,189 [INFO] ThirdParty:1030 - CMSIS Pack Vendor :STMicroelectronics HAL Drivers 0.0.0
2024-02-11 10:52:44,189 [INFO] ThirdParty:1030 - CMSIS Pack Vendor :STMicroelectronics MBEDTLS 2.16.2
2024-02-11 10:52:44,189 [INFO] ThirdParty:1030 - CMSIS Pack Vendor :emotas I-CUBE-CANOPEN 1.3.0
2024-02-11 10:52:44,189 [INFO] ThirdParty:1030 - CMSIS Pack Vendor :STMicroelectronics X-CUBE-MEMS1 10.0.0
2024-02-11 10:52:44,189 [INFO] ThirdParty:1030 - CMSIS Pack Vendor :STMicroelectronics X-CUBE-FREERTOS 1.1.0
2024-02-11 10:52:44,189 [INFO] ThirdParty:1030 - CMSIS Pack Vendor :STMicroelectronics X-CUBE-NFC7 1.0.1
2024-02-11 10:52:44,189 [INFO] ThirdParty:1030 - CMSIS Pack Vendor :STMicroelectronics MBEDTLS 2.14.1
2024-02-11 10:52:44,189 [INFO] ThirdParty:1030 - CMSIS Pack Vendor :STMicroelectronics X-CUBE-NFC6 3.0.0
2024-02-11 10:52:44,189 [INFO] ThirdParty:1030 - CMSIS Pack Vendor :portGmbH I-Cube-SoM-uGOAL 1.1.0
2024-02-11 10:52:44,189 [INFO] ThirdParty:1030 - CMSIS Pack Vendor :STMicroelectronics X-CUBE-ALS 1.0.1
2024-02-11 10:52:44,189 [INFO] ThirdParty:1030 - CMSIS Pack Vendor :STMicroelectronics ThreadX 1.0.0
2024-02-11 10:52:44,190 [INFO] ThirdParty:1030 - CMSIS Pack Vendor :STMicroelectronics FP-SNS-SMARTAG2 1.2.0
2024-02-11 10:52:44,190 [INFO] ThirdParty:1030 - CMSIS Pack Vendor :STMicroelectronics X-CUBE-AZRTOS-WL 2.0.0
2024-02-11 10:52:44,190 [INFO] ThirdParty:1030 - CMSIS Pack Vendor :SEGGER I-CUBE-embOS 1.3.1
2024-02-11 10:52:44,190 [INFO] ThirdParty:1030 - CMSIS Pack Vendor :STMicroelectronics USB_DEVICE 1.0.0
2024-02-11 10:52:44,190 [INFO] ThirdParty:1030 - CMSIS Pack Vendor :STMicroelectronics X-CUBE-AI 8.1.0
2024-02-11 10:52:44,190 [INFO] ThirdParty:1030 - CMSIS Pack Vendor :STMicroelectronics X-CUBE-AZRTOS-L4 2.0.0
2024-02-11 10:52:44,190 [INFO] ThirdParty:1030 - CMSIS Pack Vendor :STMicroelectronics ThreadX 0.0.2
2024-02-11 10:52:44,190 [INFO] ThirdParty:1030 - CMSIS Pack Vendor :WES I-CUBE-Cesium 1.3.0
2024-02-11 10:52:44,190 [INFO] ThirdParty:1030 - CMSIS Pack Vendor :STMicroelectronics FP-ATR-ASTRA1 2.0.0
2024-02-11 10:52:44,190 [INFO] ThirdParty:1030 - CMSIS Pack Vendor :STMicroelectronics lwIP 2.1.2
2024-02-11 10:52:44,190 [INFO] ThirdParty:1030 - CMSIS Pack Vendor :STMicroelectronics X-CUBE-SFXS2LP1 4.0.0
2024-02-11 10:52:44,190 [INFO] ThirdParty:1030 - CMSIS Pack Vendor :STMicroelectronics X-CUBE-BLE2 3.3.0
2024-02-11 10:52:44,190 [INFO] ThirdParty:1030 - CMSIS Pack Vendor :STMicroelectronics X-CUBE-TOF1 3.4.0
2024-02-11 10:52:44,190 [INFO] ThirdParty:1030 - CMSIS Pack Vendor :STMicroelectronics X-CUBE-AZRTOS-H7 3.2.0
2024-02-11 10:52:44,190 [INFO] ThirdParty:1030 - CMSIS Pack Vendor :STMicroelectronics PDM2PCM 3.2.0
2024-02-11 10:52:44,190 [INFO] ThirdParty:841 - exiting critical section [change project]
2024-02-11 10:52:44,614 [INFO] PinOutPanel:1499 - setPackage(No Configuration,No Configuration)
2024-02-11 10:52:44,615 [INFO] PinOutPanel:1499 - setPackage(STM32H723ZGTx,LQFP144)
2024-02-11 10:52:45,200 [INFO] UtilMem:75 - Before build in PCC Used Memory: 327181584 Bytes (681574400)
2024-02-11 10:52:46,388 [INFO] UtilMem:75 - After build in PCC Used Memory: 306042864 Bytes (719323136)
2024-02-11 10:52:46,423 [INFO] IPUIPlugin:80 - create IPUIPlugin
2024-02-11 10:52:46,423 [INFO] IPUIPlugin:80 - create IPUIPlugin
2024-02-11 10:52:46,423 [INFO] IPUIPlugin:80 - create IPUIPlugin
2024-02-11 10:52:46,423 [INFO] IPUIPlugin:80 - create IPUIPlugin
2024-02-11 10:52:46,423 [INFO] IPUIPlugin:80 - create IPUIPlugin
2024-02-11 10:52:46,423 [INFO] IPUIPlugin:80 - create IPUIPlugin
2024-02-11 10:52:46,423 [INFO] IPUIPlugin:80 - create IPUIPlugin
2024-02-11 10:52:46,424 [INFO] IPUIPlugin:80 - create IPUIPlugin
2024-02-11 10:52:46,424 [INFO] IPUIPlugin:80 - create IPUIPlugin
2024-02-11 10:52:46,424 [INFO] IPUIPlugin:80 - create IPUIPlugin
2024-02-11 10:52:46,424 [INFO] IPUIPlugin:80 - create IPUIPlugin
2024-02-11 10:52:46,424 [INFO] IPUIPlugin:80 - create IPUIPlugin
2024-02-11 10:52:46,424 [INFO] IPUIPlugin:80 - create IPUIPlugin
2024-02-11 10:52:46,424 [INFO] IPUIPlugin:80 - create IPUIPlugin
2024-02-11 10:52:46,424 [INFO] IPUIPlugin:80 - create IPUIPlugin
2024-02-11 10:52:46,424 [INFO] IPUIPlugin:80 - create IPUIPlugin
2024-02-11 10:52:46,425 [INFO] IPUIPlugin:80 - create IPUIPlugin
2024-02-11 10:52:46,425 [INFO] IPUIPlugin:80 - create IPUIPlugin
2024-02-11 10:52:46,425 [INFO] IPUIPlugin:80 - create IPUIPlugin
2024-02-11 10:52:46,425 [INFO] IPUIPlugin:80 - create IPUIPlugin
2024-02-11 10:52:46,425 [INFO] IPUIPlugin:80 - create IPUIPlugin
2024-02-11 10:52:46,425 [INFO] IPUIPlugin:80 - create IPUIPlugin
2024-02-11 10:52:46,425 [INFO] IPUIPlugin:80 - create IPUIPlugin
2024-02-11 10:52:46,425 [INFO] IPUIPlugin:80 - create IPUIPlugin
2024-02-11 10:52:46,426 [INFO] IPUIPlugin:80 - create IPUIPlugin
2024-02-11 10:52:46,426 [INFO] IPUIPlugin:80 - create IPUIPlugin
2024-02-11 10:52:46,426 [INFO] IPUIPlugin:80 - create IPUIPlugin
2024-02-11 10:52:46,426 [INFO] IPUIPlugin:80 - create IPUIPlugin
2024-02-11 10:52:46,426 [INFO] IPUIPlugin:80 - create IPUIPlugin
2024-02-11 10:52:46,426 [INFO] IPUIPlugin:80 - create IPUIPlugin
2024-02-11 10:52:46,426 [INFO] IPUIPlugin:80 - create IPUIPlugin
2024-02-11 10:52:46,426 [INFO] IPUIPlugin:80 - create IPUIPlugin
2024-02-11 10:52:46,427 [INFO] IPUIPlugin:80 - create IPUIPlugin
2024-02-11 10:52:46,427 [INFO] IPUIPlugin:80 - create IPUIPlugin
2024-02-11 10:52:46,427 [INFO] IPUIPlugin:80 - create IPUIPlugin
2024-02-11 10:52:46,427 [INFO] IPUIPlugin:80 - create IPUIPlugin
2024-02-11 10:52:46,427 [INFO] IPUIPlugin:80 - create IPUIPlugin
2024-02-11 10:52:46,427 [INFO] IPUIPlugin:80 - create IPUIPlugin
2024-02-11 10:52:46,428 [INFO] IPUIPlugin:80 - create IPUIPlugin
2024-02-11 10:52:46,428 [INFO] IPUIPlugin:80 - create IPUIPlugin
2024-02-11 10:52:46,428 [INFO] IPUIPlugin:80 - create IPUIPlugin
2024-02-11 10:52:46,428 [INFO] IPUIPlugin:80 - create IPUIPlugin
2024-02-11 10:52:46,428 [INFO] IPUIPlugin:80 - create IPUIPlugin
2024-02-11 10:52:46,429 [INFO] IPUIPlugin:80 - create IPUIPlugin
2024-02-11 10:52:46,429 [INFO] IPUIPlugin:80 - create IPUIPlugin
2024-02-11 10:52:46,429 [INFO] IPUIPlugin:80 - create IPUIPlugin
2024-02-11 10:52:46,429 [INFO] IPUIPlugin:80 - create IPUIPlugin
2024-02-11 10:52:46,429 [INFO] IPUIPlugin:80 - create IPUIPlugin
2024-02-11 10:52:46,429 [INFO] IPUIPlugin:80 - create IPUIPlugin
2024-02-11 10:52:46,430 [INFO] IPUIPlugin:80 - create IPUIPlugin
2024-02-11 10:52:46,430 [INFO] IPUIPlugin:80 - create IPUIPlugin
2024-02-11 10:52:46,430 [INFO] IPUIPlugin:80 - create IPUIPlugin
2024-02-11 10:52:46,430 [INFO] IPUIPlugin:80 - create IPUIPlugin
2024-02-11 10:52:46,430 [INFO] IPUIPlugin:80 - create IPUIPlugin
2024-02-11 10:52:46,431 [INFO] IPUIPlugin:80 - create IPUIPlugin
2024-02-11 10:52:46,431 [INFO] IPUIPlugin:80 - create IPUIPlugin
2024-02-11 10:52:46,431 [INFO] IPUIPlugin:80 - create IPUIPlugin
2024-02-11 10:52:46,431 [INFO] IPUIPlugin:80 - create IPUIPlugin
2024-02-11 10:52:46,431 [INFO] IPUIPlugin:80 - create IPUIPlugin
2024-02-11 10:52:46,432 [INFO] IPUIPlugin:80 - create IPUIPlugin
2024-02-11 10:52:46,432 [INFO] IPUIPlugin:80 - create IPUIPlugin
2024-02-11 10:52:46,432 [INFO] IPUIPlugin:80 - create IPUIPlugin
2024-02-11 10:52:46,432 [INFO] IPUIPlugin:80 - create IPUIPlugin
2024-02-11 10:52:46,433 [INFO] IPUIPlugin:80 - create IPUIPlugin
2024-02-11 10:52:46,433 [INFO] IPUIPlugin:80 - create IPUIPlugin
2024-02-11 10:52:46,433 [INFO] IPUIPlugin:80 - create IPUIPlugin
2024-02-11 10:52:46,433 [INFO] IPUIPlugin:80 - create IPUIPlugin
2024-02-11 10:52:46,434 [INFO] IPUIPlugin:80 - create IPUIPlugin
2024-02-11 10:52:46,434 [INFO] IPUIPlugin:80 - create IPUIPlugin
2024-02-11 10:52:46,434 [INFO] IPUIPlugin:80 - create IPUIPlugin
2024-02-11 10:52:46,434 [INFO] IPUIPlugin:80 - create IPUIPlugin
2024-02-11 10:52:46,434 [INFO] IPUIPlugin:80 - create IPUIPlugin
2024-02-11 10:52:46,435 [INFO] IPUIPlugin:80 - create IPUIPlugin
2024-02-11 10:52:46,435 [INFO] IPUIPlugin:80 - create IPUIPlugin
2024-02-11 10:52:46,435 [INFO] IPUIPlugin:80 - create IPUIPlugin
2024-02-11 10:52:46,436 [INFO] IPUIPlugin:80 - create IPUIPlugin
2024-02-11 10:52:46,436 [INFO] IPUIPlugin:80 - create IPUIPlugin
2024-02-11 10:52:46,436 [INFO] IPUIPlugin:80 - create IPUIPlugin
2024-02-11 10:52:46,436 [INFO] IPUIPlugin:80 - create IPUIPlugin
2024-02-11 10:52:46,437 [INFO] IPUIPlugin:80 - create IPUIPlugin
2024-02-11 10:52:46,437 [INFO] IPUIPlugin:80 - create IPUIPlugin
2024-02-11 10:52:46,437 [INFO] IPUIPlugin:80 - create IPUIPlugin
2024-02-11 10:52:46,438 [INFO] IPUIPlugin:80 - create IPUIPlugin
2024-02-11 10:52:46,438 [INFO] IPUIPlugin:80 - create IPUIPlugin
2024-02-11 10:52:46,438 [INFO] IPUIPlugin:80 - create IPUIPlugin
2024-02-11 10:52:46,439 [INFO] IPUIPlugin:80 - create IPUIPlugin
2024-02-11 10:52:46,439 [INFO] IPUIPlugin:80 - create IPUIPlugin
2024-02-11 10:52:46,439 [INFO] IPUIPlugin:80 - create IPUIPlugin
2024-02-11 10:52:46,440 [INFO] IPUIPlugin:80 - create IPUIPlugin
2024-02-11 10:52:46,440 [INFO] IPUIPlugin:80 - create IPUIPlugin
2024-02-11 10:52:46,440 [INFO] IPUIPlugin:80 - create IPUIPlugin
2024-02-11 10:52:46,440 [INFO] IPUIPlugin:80 - create IPUIPlugin
2024-02-11 10:52:46,440 [INFO] IPUIPlugin:80 - create IPUIPlugin
2024-02-11 10:52:46,440 [INFO] IPUIPlugin:80 - create IPUIPlugin
2024-02-11 10:52:46,441 [INFO] IPUIPlugin:80 - create IPUIPlugin
2024-02-11 10:52:46,441 [INFO] IPUIPlugin:80 - create IPUIPlugin
2024-02-11 10:52:46,441 [INFO] IPUIPlugin:80 - create IPUIPlugin
2024-02-11 10:52:46,441 [INFO] IPUIPlugin:80 - create IPUIPlugin
2024-02-11 10:52:46,441 [INFO] IPUIPlugin:80 - create IPUIPlugin
2024-02-11 10:52:46,441 [INFO] IPUIPlugin:80 - create IPUIPlugin
2024-02-11 10:52:46,441 [INFO] IPUIPlugin:80 - create IPUIPlugin
2024-02-11 10:52:46,442 [INFO] IPUIPlugin:80 - create IPUIPlugin
2024-02-11 10:52:46,442 [INFO] IPUIPlugin:80 - create IPUIPlugin
2024-02-11 10:52:46,443 [INFO] IPUIPlugin:80 - create IPUIPlugin
2024-02-11 10:52:46,443 [INFO] IPUIPlugin:80 - create IPUIPlugin
2024-02-11 10:52:46,464 [INFO] ApiDbMcu:508 - Load IP Config File for PDM2PCM
2024-02-11 10:52:46,473 [INFO] I2sManager:658 - 1.1E8
2024-02-11 10:52:46,474 [INFO] I2sManager:195 - I2S Clock Value : 1.1E8
2024-02-11 10:52:46,474 [INFO] I2sManager:553 - AudioClock : 47743Divider : 4Odd : 1
2024-02-11 10:52:46,598 [INFO] CADModel:165 - CPN selected for project levelSTM32H723ZGT6
2024-02-11 10:52:46,598 [INFO] CADModel:114 - Register for checkConnection events
2024-02-11 10:52:46,635 [INFO] OpenFileManager:343 - Restore cursor
2024-02-11 10:52:58,218 [ERROR] LogOutputStream:75 - [STDERR_REDIRECT] SLF4J: Failed to load class "org.slf4j.impl.StaticLoggerBinder".
2024-02-11 10:52:58,218 [ERROR] LogOutputStream:75 - [STDERR_REDIRECT] SLF4J: Defaulting to no-operation (NOP) logger implementation
2024-02-11 10:52:58,218 [ERROR] LogOutputStream:75 - [STDERR_REDIRECT] SLF4J: See http://www.slf4j.org/codes.html#StaticLoggerBinder for further details.
2024-02-11 13:08:25,027 [INFO] I2sManager:658 - 1.1E8
2024-02-11 13:08:25,027 [INFO] I2sManager:195 - I2S Clock Value : 1.1E8
2024-02-11 13:08:25,027 [INFO] I2sManager:553 - AudioClock : 47743Divider : 4Odd : 1
2024-02-11 13:08:29,269 [INFO] I2sManager:658 - 1.1E8
2024-02-11 13:08:29,269 [INFO] I2sManager:195 - I2S Clock Value : 1.1E8
2024-02-11 13:08:29,269 [INFO] I2sManager:553 - AudioClock : 47743Divider : 18Odd : 0
2024-02-11 13:08:29,373 [INFO] I2sManager:658 - 1.1E8
2024-02-11 13:08:29,373 [INFO] I2sManager:195 - I2S Clock Value : 1.1E8
2024-02-11 13:08:29,373 [INFO] I2sManager:553 - AudioClock : 47743Divider : 18Odd : 0
2024-02-11 13:08:29,424 [INFO] I2sManager:658 - 1.1E8
2024-02-11 13:08:29,425 [INFO] I2sManager:195 - I2S Clock Value : 1.1E8
2024-02-11 13:08:29,425 [INFO] I2sManager:553 - AudioClock : 47743Divider : 18Odd : 0
2024-02-11 13:08:30,264 [INFO] I2sManager:658 - 1.1E8
2024-02-11 13:08:30,265 [INFO] I2sManager:195 - I2S Clock Value : 1.1E8
2024-02-11 13:08:30,265 [INFO] I2sManager:553 - AudioClock : 47743Divider : 4Odd : 1
2024-02-11 13:08:30,372 [INFO] I2sManager:658 - 1.1E8
2024-02-11 13:08:30,372 [INFO] I2sManager:195 - I2S Clock Value : 1.1E8
2024-02-11 13:08:30,372 [INFO] I2sManager:553 - AudioClock : 47743Divider : 4Odd : 1
2024-02-11 13:08:30,412 [INFO] I2sManager:658 - 1.1E8
2024-02-11 13:08:30,412 [INFO] I2sManager:195 - I2S Clock Value : 1.1E8
2024-02-11 13:08:30,412 [INFO] I2sManager:553 - AudioClock : 47743Divider : 4Odd : 1
2024-02-11 13:09:12,941 [INFO] NvicIntPanel:101 - NVIC parent = com.st.microxplorer.plugins.ip.nvic.MultiNvicIntPanel[,0,0,0x0,invalid,layout=javax.swing.BoxLayout,alignmentX=0.0,alignmentY=0.0,border=,flags=9,maximumSize=,minimumSize=,preferredSize=]
2024-02-11 13:09:40,021 [INFO] I2sManager:658 - 1.1E8
2024-02-11 13:09:40,021 [INFO] I2sManager:195 - I2S Clock Value : 1.1E8
2024-02-11 13:09:40,021 [INFO] I2sManager:553 - AudioClock : 7957Divider : 27Odd : 0
2024-02-11 13:09:40,051 [INFO] I2sManager:658 - 1.1E8
2024-02-11 13:09:40,051 [INFO] I2sManager:195 - I2S Clock Value : 1.1E8
2024-02-11 13:09:40,051 [INFO] I2sManager:553 - AudioClock : 7957Divider : 27Odd : 0
2024-02-11 13:10:09,410 [INFO] NvicIntPanel:101 - NVIC parent = com.st.microxplorer.plugins.ip.nvic.MultiNvicIntPanel[,0,0,0x0,invalid,layout=javax.swing.BoxLayout,alignmentX=0.0,alignmentY=0.0,border=,flags=9,maximumSize=,minimumSize=,preferredSize=]
2024-02-11 13:10:09,449 [INFO] I2sManager:553 - AudioClock : 7957Divider : 27Odd : 0
2024-02-11 13:10:14,881 [INFO] NvicIntPanel:101 - NVIC parent = com.st.microxplorer.plugins.ip.nvic.MultiNvicIntPanel[,0,0,0x0,invalid,layout=javax.swing.BoxLayout,alignmentX=0.0,alignmentY=0.0,border=,flags=9,maximumSize=,minimumSize=,preferredSize=]
2024-02-11 13:10:14,902 [INFO] I2sManager:658 - 1.1E8
2024-02-11 13:10:14,902 [INFO] I2sManager:195 - I2S Clock Value : 1.1E8
2024-02-11 13:10:14,903 [INFO] I2sManager:553 - AudioClock : 47743Divider : 4Odd : 1
2024-02-11 13:10:14,977 [INFO] NvicIntPanel:101 - NVIC parent = com.st.microxplorer.plugins.ip.nvic.MultiNvicIntPanel[,0,0,0x0,invalid,layout=javax.swing.BoxLayout,alignmentX=0.0,alignmentY=0.0,border=,flags=9,maximumSize=,minimumSize=,preferredSize=]
2024-02-11 13:12:08,023 [INFO] I2sManager:658 - 1.1E8
2024-02-11 13:12:08,024 [INFO] I2sManager:195 - I2S Clock Value : 1.1E8
2024-02-11 13:12:08,024 [INFO] I2sManager:553 - AudioClock : 47743Divider : 4Odd : 1
2024-02-11 13:13:14,819 [INFO] NvicIntPanel:101 - NVIC parent = com.st.microxplorer.plugins.ip.nvic.MultiNvicIntPanel[,0,0,0x0,invalid,layout=javax.swing.BoxLayout,alignmentX=0.0,alignmentY=0.0,border=,flags=9,maximumSize=,minimumSize=,preferredSize=]
2024-02-11 13:13:14,918 [INFO] NvicIntPanel:101 - NVIC parent = com.st.microxplorer.plugins.ip.nvic.MultiNvicIntPanel[,0,0,0x0,invalid,layout=javax.swing.BoxLayout,alignmentX=0.0,alignmentY=0.0,border=,flags=9,maximumSize=,minimumSize=,preferredSize=]
2024-02-11 13:13:28,688 [INFO] NvicIntPanel:101 - NVIC parent = com.st.microxplorer.plugins.ip.nvic.MultiNvicIntPanel[,0,0,0x0,invalid,layout=javax.swing.BoxLayout,alignmentX=0.0,alignmentY=0.0,border=,flags=9,maximumSize=,minimumSize=,preferredSize=]
2024-02-11 13:13:28,792 [INFO] NvicIntPanel:101 - NVIC parent = com.st.microxplorer.plugins.ip.nvic.MultiNvicIntPanel[,0,0,0x0,invalid,layout=javax.swing.BoxLayout,alignmentX=0.0,alignmentY=0.0,border=,flags=9,maximumSize=,minimumSize=,preferredSize=]
2024-02-11 13:13:32,600 [INFO] NvicIntPanel:101 - NVIC parent = com.st.microxplorer.plugins.ip.nvic.MultiNvicIntPanel[,0,0,0x0,invalid,layout=javax.swing.BoxLayout,alignmentX=0.0,alignmentY=0.0,border=,flags=9,maximumSize=,minimumSize=,preferredSize=]
2024-02-11 13:13:32,696 [INFO] NvicIntPanel:101 - NVIC parent = com.st.microxplorer.plugins.ip.nvic.MultiNvicIntPanel[,0,0,0x0,invalid,layout=javax.swing.BoxLayout,alignmentX=0.0,alignmentY=0.0,border=,flags=9,maximumSize=,minimumSize=,preferredSize=]
2024-02-11 13:14:25,744 [INFO] NvicIntPanel:101 - NVIC parent = com.st.microxplorer.plugins.ip.nvic.MultiNvicIntPanel[,0,0,0x0,invalid,layout=javax.swing.BoxLayout,alignmentX=0.0,alignmentY=0.0,border=,flags=9,maximumSize=,minimumSize=,preferredSize=]
2024-02-11 13:14:29,648 [INFO] NvicIntPanel:101 - NVIC parent = com.st.microxplorer.plugins.ip.nvic.MultiNvicIntPanel[,0,0,0x0,invalid,layout=javax.swing.BoxLayout,alignmentX=0.0,alignmentY=0.0,border=,flags=9,maximumSize=,minimumSize=,preferredSize=]
2024-02-11 13:14:29,753 [INFO] NvicIntPanel:101 - NVIC parent = com.st.microxplorer.plugins.ip.nvic.MultiNvicIntPanel[,0,0,0x0,invalid,layout=javax.swing.BoxLayout,alignmentX=0.0,alignmentY=0.0,border=,flags=9,maximumSize=,minimumSize=,preferredSize=]
2024-02-11 13:14:45,784 [INFO] NvicIntPanel:101 - NVIC parent = com.st.microxplorer.plugins.ip.nvic.MultiNvicIntPanel[,0,0,0x0,invalid,layout=javax.swing.BoxLayout,alignmentX=0.0,alignmentY=0.0,border=,flags=9,maximumSize=,minimumSize=,preferredSize=]
2024-02-11 13:14:52,350 [INFO] NvicIntPanel:101 - NVIC parent = com.st.microxplorer.plugins.ip.nvic.MultiNvicIntPanel[,0,0,0x0,invalid,layout=javax.swing.BoxLayout,alignmentX=0.0,alignmentY=0.0,border=,flags=9,maximumSize=,minimumSize=,preferredSize=]
2024-02-11 13:14:54,649 [INFO] NvicIntPanel:101 - NVIC parent = com.st.microxplorer.plugins.ip.nvic.MultiNvicIntPanel[,0,0,0x0,invalid,layout=javax.swing.BoxLayout,alignmentX=0.0,alignmentY=0.0,border=,flags=9,maximumSize=,minimumSize=,preferredSize=]
2024-02-11 13:15:06,314 [INFO] NvicIntPanel:101 - NVIC parent = com.st.microxplorer.plugins.ip.nvic.MultiNvicIntPanel[,0,0,0x0,invalid,layout=javax.swing.BoxLayout,alignmentX=0.0,alignmentY=0.0,border=,flags=9,maximumSize=,minimumSize=,preferredSize=]
2024-02-11 13:15:06,413 [INFO] NvicIntPanel:101 - NVIC parent = com.st.microxplorer.plugins.ip.nvic.MultiNvicIntPanel[,0,0,0x0,invalid,layout=javax.swing.BoxLayout,alignmentX=0.0,alignmentY=0.0,border=,flags=9,maximumSize=,minimumSize=,preferredSize=]
2024-02-11 13:27:54,960 [INFO] UtilMem:75 - End SaveConfig() Used Memory: 645795288 Bytes (1073741824)
2024-02-11 13:28:02,749 [ERROR] LogOutputStream:75 - [STDERR_REDIRECT] 
