2024-02-05 19:45:06,730 [INFO] Activator:176 - 


2024-02-05 19:45:06,734 [INFO] Activator:177 - !SESSION log4j initialized
2024-02-05 19:45:08,255 [INFO] ApplicationProperties:184 - Using Application install path: /home/fredrikr/st/stm32cubeide_1.14.0/plugins/com.st.stm32cube.common.mx_6.10.0.202311202037
2024-02-05 19:45:08,264 [INFO] DbMcusXml:78 - Set database path to: /home/fredrikr/st/stm32cubeide_1.14.0/plugins/com.st.stm32cube.common.mx_6.10.0.202311202037//db//mcu/
2024-02-05 19:45:08,264 [INFO] ApiDb:274 - Set plugin database path to: /home/fredrikr/st/stm32cubeide_1.14.0/plugins/com.st.stm32cube.common.mx_6.10.0.202311202037//db//plugins/boardmanager/
2024-02-05 19:45:08,264 [WARN] ApiDb:259 - Overriding images path with different value:  => /home/fredrikr/st/stm32cubeide_1.14.0/plugins/com.st.stm32cube.common.mx_6.10.0.202311202037//db//plugins/mcufinder/images/
2024-02-05 19:45:08,269 [INFO] ApiDb:250 - Set database path to: /home/fredrikr/.stmcufinder/plugins/mcufinder//mcu/
2024-02-05 19:45:08,270 [INFO] DbMcusAds:125 - Set database path to: /home/fredrikr/.stmcufinder/plugins/mcufinder//mcu/
2024-02-05 19:45:08,322 [INFO] CrossReferenceDbSqlite:203 - Set database path to: /home/fredrikr/.stmcufinder/plugins/mcufinder//mcu/cs/
2024-02-05 19:45:08,393 [INFO] RulesReader:64 - Compatibility file has been processed (297 Rules)
2024-02-05 19:45:08,441 [INFO] DbMcusXml:78 - Set database path to: /home/fredrikr/st/stm32cubeide_1.14.0/plugins/com.st.stm32cube.common.mx_6.10.0.202311202037//db//mcu/
2024-02-05 19:45:08,441 [INFO] ApiDb:274 - Set plugin database path to: /home/fredrikr/st/stm32cubeide_1.14.0/plugins/com.st.stm32cube.common.mx_6.10.0.202311202037//db//plugins/boardmanager/
2024-02-05 19:45:08,441 [INFO] ApiDb:261 - Set plugin images path to: /home/fredrikr/st/stm32cubeide_1.14.0/plugins/com.st.stm32cube.common.mx_6.10.0.202311202037//db//plugins/mcufinder/images/
2024-02-05 19:45:08,441 [WARN] DbFile:41 - Overriding database path with different value: /home/fredrikr/.stmcufinder/plugins/mcufinder/ => /home/fredrikr/.stmcufinder/plugins/mcufinder
2024-02-05 19:45:08,441 [INFO] ApiDb:250 - Set database path to: /home/fredrikr/.stmcufinder/plugins/mcufinder//mcu/
2024-02-05 19:45:08,441 [WARN] DbFile:41 - Overriding database path with different value: /home/fredrikr/.stmcufinder/plugins/mcufinder/ => /home/fredrikr/.stmcufinder/plugins/mcufinder
2024-02-05 19:45:08,441 [INFO] DbMcusAds:125 - Set database path to: /home/fredrikr/.stmcufinder/plugins/mcufinder//mcu/
2024-02-05 19:45:08,441 [WARN] DbFile:41 - Overriding database path with different value: /home/fredrikr/.stmcufinder/plugins/mcufinder/ => /home/fredrikr/.stmcufinder/plugins/mcufinder
2024-02-05 19:45:08,442 [WARN] DbFile:41 - Overriding database path with different value: /home/fredrikr/.stmcufinder/plugins/mcufinder/ => /home/fredrikr/.stmcufinder/plugins/mcufinder
2024-02-05 19:45:08,442 [INFO] CrossReferenceDbSqlite:203 - Set database path to: /home/fredrikr/.stmcufinder/plugins/mcufinder//mcu/cs/
2024-02-05 19:45:08,497 [INFO] MainPanel:264 - HeapMemory: 268435456
2024-02-05 19:45:08,557 [INFO] DbMcusXml:78 - Set database path to: /home/fredrikr/st/stm32cubeide_1.14.0/plugins/com.st.stm32cube.common.mx_6.10.0.202311202037//db//mcu/
2024-02-05 19:45:08,557 [INFO] ApiDb:274 - Set plugin database path to: /home/fredrikr/st/stm32cubeide_1.14.0/plugins/com.st.stm32cube.common.mx_6.10.0.202311202037//db//plugins/boardmanager/
2024-02-05 19:45:08,557 [INFO] ApiDb:261 - Set plugin images path to: /home/fredrikr/st/stm32cubeide_1.14.0/plugins/com.st.stm32cube.common.mx_6.10.0.202311202037//db//plugins/mcufinder/images/
2024-02-05 19:45:08,557 [WARN] DbFile:41 - Overriding database path with different value: /home/fredrikr/.stmcufinder/plugins/mcufinder/ => /home/fredrikr/.stmcufinder/plugins/mcufinder
2024-02-05 19:45:08,558 [INFO] ApiDb:250 - Set database path to: /home/fredrikr/.stmcufinder/plugins/mcufinder//mcu/
2024-02-05 19:45:08,558 [WARN] DbFile:41 - Overriding database path with different value: /home/fredrikr/.stmcufinder/plugins/mcufinder/ => /home/fredrikr/.stmcufinder/plugins/mcufinder
2024-02-05 19:45:08,558 [INFO] DbMcusAds:125 - Set database path to: /home/fredrikr/.stmcufinder/plugins/mcufinder//mcu/
2024-02-05 19:45:08,558 [WARN] DbFile:41 - Overriding database path with different value: /home/fredrikr/.stmcufinder/plugins/mcufinder/ => /home/fredrikr/.stmcufinder/plugins/mcufinder
2024-02-05 19:45:08,558 [WARN] DbFile:41 - Overriding database path with different value: /home/fredrikr/.stmcufinder/plugins/mcufinder/ => /home/fredrikr/.stmcufinder/plugins/mcufinder
2024-02-05 19:45:08,558 [INFO] CrossReferenceDbSqlite:203 - Set database path to: /home/fredrikr/.stmcufinder/plugins/mcufinder//mcu/cs/
2024-02-05 19:45:08,567 [INFO] ApplicationProperties:184 - Using Application install path: /home/fredrikr/st/stm32cubeide_1.14.0/plugins/com.st.stm32cube.common.mx_6.10.0.202311202037
2024-02-05 19:45:08,568 [INFO] PluginManage:196 - Search for loadable plugins [exclusion list=, ]
2024-02-05 19:45:08,568 [INFO] PluginManage:310 - Check plugin analytics
2024-02-05 19:45:08,754 [INFO] AnalyticsPlugin:253 - Accepted Software Licenses: 
2024-02-05 19:45:08,755 [INFO] AnalyticsPlugin:255 - Accepted CMSIS Pack Licenses: 
2024-02-05 19:45:08,755 [INFO] AnalyticsPlugin:257 - Accepted Firmware Licenses: 
2024-02-05 19:45:08,756 [INFO] PluginManage:359 - Loaded plugin analytics (category:tool,tabindex:-1)
2024-02-05 19:45:08,757 [INFO] PluginManage:310 - Check plugin cadmodel
2024-02-05 19:45:08,862 [INFO] CADModel:105 - Init CAD model plugin
2024-02-05 19:45:08,862 [INFO] PluginManage:359 - Loaded plugin cadmodel (category:power,tabindex:5)
2024-02-05 19:45:08,862 [INFO] PluginManage:310 - Check plugin clock
2024-02-05 19:45:08,874 [INFO] PluginManage:359 - Loaded plugin clock (category:base,tabindex:2)
2024-02-05 19:45:08,874 [INFO] PluginManage:310 - Check plugin ddr
2024-02-05 19:45:08,876 [INFO] PluginManage:359 - Loaded plugin ddr (category:tool,tabindex:6)
2024-02-05 19:45:08,876 [INFO] PluginManage:310 - Check plugin filemanager
2024-02-05 19:45:08,978 [INFO] PluginManage:359 - Loaded plugin filemanager (category:base,tabindex:10)
2024-02-05 19:45:08,978 [INFO] PluginManage:310 - Check plugin ipmanager
2024-02-05 19:45:08,984 [INFO] PluginManage:359 - Loaded plugin ipmanager (category:base,tabindex:5)
2024-02-05 19:45:08,984 [INFO] PluginManage:310 - Check plugin lpbam
2024-02-05 19:45:08,992 [INFO] PluginManage:359 - Loaded plugin lpbam (category:base,tabindex:0)
2024-02-05 19:45:08,992 [INFO] PluginManage:310 - Check plugin memorymap
2024-02-05 19:45:09,000 [INFO] PluginManage:359 - Loaded plugin memorymap (category:base,tabindex:4)
2024-02-05 19:45:09,000 [INFO] PluginManage:310 - Check plugin pinoutandconfiguration
2024-02-05 19:45:09,008 [INFO] PluginManage:359 - Loaded plugin pinoutandconfiguration (category:base,tabindex:1)
2024-02-05 19:45:09,008 [INFO] PluginManage:310 - Check plugin pinoutconfig
2024-02-05 19:45:09,070 [WARN] SupportedApi:132 - Cannot load RTOS API schema: s4s-elt-must-match.1: The content of 'definitions' must match (annotation?, (simpleType | complexType)?, (unique | key | keyref)*)). A problem was found starting at: attribute.
2024-02-05 19:45:09,184 [INFO] PluginManage:359 - Loaded plugin pinoutconfig (category:base,tabindex:0)
2024-02-05 19:45:09,184 [INFO] PluginManage:310 - Check plugin power
2024-02-05 19:45:09,193 [INFO] PluginManage:359 - Loaded plugin power (category:power,tabindex:4)
2024-02-05 19:45:09,193 [INFO] PluginManage:310 - Check plugin projectmanager
2024-02-05 19:45:09,204 [INFO] PluginManage:359 - Loaded plugin projectmanager (category:projectmanager,tabindex:3)
2024-02-05 19:45:09,204 [INFO] PluginManage:310 - Check plugin thirdparty
2024-02-05 19:45:09,297 [INFO] PluginManage:359 - Loaded plugin thirdparty (category:base,tabindex:-1)
2024-02-05 19:45:09,297 [WARN] IntegrityCheckThread:84 - waiting for thirdparty lock release [integrity check]
2024-02-05 19:45:09,297 [INFO] PluginManage:310 - Check plugin tools
2024-02-05 19:45:09,297 [INFO] IntegrityCheckThread:86 - entering critical section [integrity check]
2024-02-05 19:45:09,298 [INFO] ThirdPartyUpdaterWithRetryManager:70 - Updater plugin not ready yet. [1/15]
2024-02-05 19:45:09,299 [INFO] PluginManage:359 - Loaded plugin tools (category:base,tabindex:7)
2024-02-05 19:45:09,299 [INFO] PluginManage:310 - Check plugin tutovideos
2024-02-05 19:45:09,426 [INFO] PluginManage:359 - Loaded plugin tutovideos (category:base,tabindex:-1)
2024-02-05 19:45:09,426 [INFO] PluginManage:310 - Check plugin updater
2024-02-05 19:45:09,436 [INFO] PluginManage:359 - Loaded plugin updater (category:base,tabindex:12)
2024-02-05 19:45:09,436 [INFO] PluginManage:310 - Check plugin userauth
2024-02-05 19:45:09,440 [INFO] UserAuth:114 - Init User Auth plugin
2024-02-05 19:45:09,440 [INFO] PluginManage:359 - Loaded plugin userauth (category:base,tabindex:14)
2024-02-05 19:45:09,441 [INFO] PluginManage:283 - PluginManage : Loaded plugins [17]
2024-02-05 19:45:09,572 [INFO] PinOutPanel:1499 - setPackage(No Configuration,No Configuration)
2024-02-05 19:45:09,615 [INFO] CADModel:165 - CPN selected for project level
2024-02-05 19:45:09,616 [INFO] CADModel:114 - Register for checkConnection events
2024-02-05 19:45:09,624 [INFO] IPUIPlugin:80 - create IPUIPlugin
2024-02-05 19:45:09,624 [INFO] PluginManager:220 - loadIPPluginJar : add ucpd
2024-02-05 19:45:09,631 [INFO] IPUIPlugin:80 - create IPUIPlugin
2024-02-05 19:45:09,631 [INFO] PluginManager:220 - loadIPPluginJar : add mdma
2024-02-05 19:45:09,632 [INFO] IPUIPlugin:80 - create IPUIPlugin
2024-02-05 19:45:09,632 [INFO] PluginManager:220 - loadIPPluginJar : add quadspi
2024-02-05 19:45:09,637 [INFO] IPUIPlugin:80 - create IPUIPlugin
2024-02-05 19:45:09,637 [INFO] PluginManager:220 - loadIPPluginJar : add usart
2024-02-05 19:45:09,643 [INFO] IPUIPlugin:80 - create IPUIPlugin
2024-02-05 19:45:09,643 [INFO] PluginManager:220 - loadIPPluginJar : add freertos
2024-02-05 19:45:09,645 [INFO] IPUIPlugin:80 - create IPUIPlugin
2024-02-05 19:45:09,645 [INFO] PluginManager:220 - loadIPPluginJar : add openamp
2024-02-05 19:45:09,650 [INFO] IPUIPlugin:80 - create IPUIPlugin
2024-02-05 19:45:09,650 [INFO] PluginManager:220 - loadIPPluginJar : add dma
2024-02-05 19:45:09,661 [INFO] IPUIPlugin:80 - create IPUIPlugin
2024-02-05 19:45:09,661 [INFO] PluginManager:220 - loadIPPluginJar : add adc
2024-02-05 19:45:09,666 [INFO] IPUIPlugin:80 - create IPUIPlugin
2024-02-05 19:45:09,666 [INFO] PluginManager:220 - loadIPPluginJar : add resmgrutility
2024-02-05 19:45:09,669 [INFO] IPUIPlugin:80 - create IPUIPlugin
2024-02-05 19:45:09,669 [INFO] PluginManager:220 - loadIPPluginJar : add dma3
2024-02-05 19:45:09,675 [INFO] IPUIPlugin:80 - create IPUIPlugin
2024-02-05 19:45:09,675 [INFO] PluginManager:220 - loadIPPluginJar : add gic
2024-02-05 19:45:09,678 [INFO] IPUIPlugin:80 - create IPUIPlugin
2024-02-05 19:45:09,678 [INFO] PluginManager:220 - loadIPPluginJar : add i2s
2024-02-05 19:45:09,681 [INFO] IPUIPlugin:80 - create IPUIPlugin
2024-02-05 19:45:09,681 [INFO] PluginManager:220 - loadIPPluginJar : add gfxmmu
2024-02-05 19:45:09,683 [INFO] IPUIPlugin:80 - create IPUIPlugin
2024-02-05 19:45:09,684 [INFO] PluginManager:220 - loadIPPluginJar : add fatfs
2024-02-05 19:45:09,688 [INFO] IPUIPlugin:80 - create IPUIPlugin
2024-02-05 19:45:09,688 [INFO] PluginManager:220 - loadIPPluginJar : add fmc
2024-02-05 19:45:09,690 [INFO] IPUIPlugin:80 - create IPUIPlugin
2024-02-05 19:45:09,690 [INFO] PluginManager:220 - loadIPPluginJar : add comp
2024-02-05 19:45:09,693 [INFO] IPUIPlugin:80 - create IPUIPlugin
2024-02-05 19:45:09,693 [INFO] PluginManager:220 - loadIPPluginJar : add aes
2024-02-05 19:45:09,709 [INFO] IPUIPlugin:80 - create IPUIPlugin
2024-02-05 19:45:09,710 [INFO] PluginManager:220 - loadIPPluginJar : add linkedlist
2024-02-05 19:45:09,712 [INFO] IPUIPlugin:80 - create IPUIPlugin
2024-02-05 19:45:09,712 [INFO] PluginManager:220 - loadIPPluginJar : add opamp
2024-02-05 19:45:09,713 [INFO] IPUIPlugin:80 - create IPUIPlugin
2024-02-05 19:45:09,713 [INFO] PluginManager:220 - loadIPPluginJar : add tsc
2024-02-05 19:45:09,715 [INFO] IPUIPlugin:80 - create IPUIPlugin
2024-02-05 19:45:09,715 [INFO] PluginManager:220 - loadIPPluginJar : add i3c
2024-02-05 19:45:09,718 [INFO] IPUIPlugin:80 - create IPUIPlugin
2024-02-05 19:45:09,719 [INFO] PluginManager:220 - loadIPPluginJar : add gtzc
2024-02-05 19:45:09,721 [INFO] IPUIPlugin:80 - create IPUIPlugin
2024-02-05 19:45:09,721 [INFO] PluginManager:220 - loadIPPluginJar : add pdm2pcm
2024-02-05 19:45:09,724 [INFO] IPUIPlugin:80 - create IPUIPlugin
2024-02-05 19:45:09,724 [INFO] PluginManager:220 - loadIPPluginJar : add touchsensing
2024-02-05 19:45:09,729 [INFO] IPUIPlugin:80 - create IPUIPlugin
2024-02-05 19:45:09,730 [INFO] PluginManager:220 - loadIPPluginJar : add nvic
2024-02-05 19:45:09,735 [INFO] IPUIPlugin:80 - create IPUIPlugin
2024-02-05 19:45:09,735 [INFO] PluginManager:220 - loadIPPluginJar : add lorawan
2024-02-05 19:45:09,737 [INFO] IPUIPlugin:80 - create IPUIPlugin
2024-02-05 19:45:09,737 [INFO] PluginManager:220 - loadIPPluginJar : add spi
2024-02-05 19:45:09,740 [INFO] IPUIPlugin:80 - create IPUIPlugin
2024-02-05 19:45:09,740 [INFO] PluginManager:220 - loadIPPluginJar : add i2c
2024-02-05 19:45:09,745 [INFO] IPUIPlugin:80 - create IPUIPlugin
2024-02-05 19:45:09,745 [INFO] PluginManager:220 - loadIPPluginJar : add cryp
2024-02-05 19:45:09,747 [INFO] IPUIPlugin:80 - create IPUIPlugin
2024-02-05 19:45:09,748 [INFO] PluginManager:220 - loadIPPluginJar : add dfsdm
2024-02-05 19:45:09,749 [INFO] IPUIPlugin:80 - create IPUIPlugin
2024-02-05 19:45:09,750 [INFO] PluginManager:220 - loadIPPluginJar : add ltdc
2024-02-05 19:45:09,751 [INFO] IPUIPlugin:80 - create IPUIPlugin
2024-02-05 19:45:09,751 [INFO] PluginManager:220 - loadIPPluginJar : add genericplugin
2024-02-05 19:45:09,753 [INFO] IPUIPlugin:80 - create IPUIPlugin
2024-02-05 19:45:09,753 [INFO] PluginManager:220 - loadIPPluginJar : add ts
2024-02-05 19:45:09,755 [INFO] IPUIPlugin:80 - create IPUIPlugin
2024-02-05 19:45:09,755 [INFO] PluginManager:220 - loadIPPluginJar : add hash
2024-02-05 19:45:09,758 [INFO] IPUIPlugin:80 - create IPUIPlugin
2024-02-05 19:45:09,759 [INFO] PluginManager:220 - loadIPPluginJar : add gpio
2024-02-05 19:45:09,761 [INFO] IPUIPlugin:80 - create IPUIPlugin
2024-02-05 19:45:09,761 [INFO] PluginManager:220 - loadIPPluginJar : add can
2024-02-05 19:45:09,766 [INFO] IPUIPlugin:80 - create IPUIPlugin
2024-02-05 19:45:09,766 [INFO] PluginManager:220 - loadIPPluginJar : add stm32_wpan
2024-02-05 19:45:09,771 [INFO] IPUIPlugin:80 - create IPUIPlugin
2024-02-05 19:45:09,771 [INFO] PluginManager:220 - loadIPPluginJar : add usbx
2024-02-05 19:45:09,773 [INFO] IPUIPlugin:80 - create IPUIPlugin
2024-02-05 19:45:09,773 [INFO] PluginManager:220 - loadIPPluginJar : add tim
2024-02-05 19:45:09,778 [INFO] IPUIPlugin:80 - create IPUIPlugin
2024-02-05 19:45:09,781 [INFO] PluginManager:220 - loadIPPluginJar : add plateformsettings
2024-02-05 19:45:09,784 [INFO] IPUIPlugin:80 - create IPUIPlugin
2024-02-05 19:45:09,784 [INFO] PluginManager:220 - loadIPPluginJar : add ipddr
2024-02-05 19:45:09,786 [INFO] IPUIPlugin:80 - create IPUIPlugin
2024-02-05 19:45:09,786 [INFO] PluginManager:220 - loadIPPluginJar : add sai
2024-02-05 19:45:09,788 [INFO] IPUIPlugin:80 - create IPUIPlugin
2024-02-05 19:45:09,788 [INFO] PluginManager:220 - loadIPPluginJar : add tracer_emb
2024-02-05 19:45:09,883 [INFO] CADModel:165 - CPN selected for project level
2024-02-05 19:45:09,883 [INFO] CADModel:114 - Register for checkConnection events
2024-02-05 19:45:09,883 [FATAL] Updater:308 - Updater called before beeing initialized
2024-02-05 19:45:09,883 [ERROR] CADModel:125 - Updater not yet initialized, retry later 
2024-02-05 19:45:09,961 [INFO] CADModel:165 - CPN selected for project level
2024-02-05 19:45:09,961 [INFO] CADModel:114 - Register for checkConnection events
2024-02-05 19:45:09,961 [FATAL] Updater:308 - Updater called before beeing initialized
2024-02-05 19:45:09,961 [ERROR] CADModel:125 - Updater not yet initialized, retry later 
2024-02-05 19:45:09,963 [FATAL] Updater:308 - Updater called before beeing initialized
2024-02-05 19:45:10,015 [FATAL] Updater:308 - Updater called before beeing initialized
2024-02-05 19:45:10,018 [INFO] DbMcusAds:53 - JSON generation date=Wed Nov 29 11:52:27 CET 2023 (1701255147349)
2024-02-05 19:45:10,019 [FATAL] Updater:308 - Updater called before beeing initialized
2024-02-05 19:45:10,049 [WARN] DetailPanel:346 - Failed to get advertising image, set to default
2024-02-05 19:45:10,112 [FATAL] Updater:308 - Updater called before beeing initialized
2024-02-05 19:45:10,113 [FATAL] Updater:308 - Updater called before beeing initialized
2024-02-05 19:45:10,113 [FATAL] Updater:308 - Updater called before beeing initialized
2024-02-05 19:45:10,113 [WARN] DetailPanel:346 - Failed to get advertising image, set to default
2024-02-05 19:45:10,114 [FATAL] Updater:308 - Updater called before beeing initialized
2024-02-05 19:45:10,139 [ERROR] Updater:1120 - MainUpdater not yet initialized. External WinMGr cannot be set.
2024-02-05 19:45:10,140 [INFO] Updater:1056 - Updater Version found : 6.10.0
2024-02-05 19:45:10,153 [INFO] ApplicationProperties:184 - Using Application install path: /home/fredrikr/st/stm32cubeide_1.14.0/plugins/com.st.stm32cube.common.mx_6.10.0.202311202037
2024-02-05 19:45:10,339 [INFO] MainUpdater:2873 - connection check result : 10
2024-02-05 19:45:10,339 [INFO] MainUpdater:3567 - Updater definition file requires update
2024-02-05 19:45:10,340 [INFO] MainUpdater:290 - Updater Check For Update Now.
2024-02-05 19:45:10,340 [INFO] MicroXplorer:498 - Change Database Version : DB.6.0.100
2024-02-05 19:45:10,464 [INFO] ServerAccessManage:473 - Download File updaters.zip
2024-02-05 19:45:10,575 [INFO] FileExtend:240 - Unzip File : updaters.zip
2024-02-05 19:45:10,575 [INFO] FileExtend:255 - Standard Zip Deflate
2024-02-05 19:45:10,697 [INFO] ServerAccessManage:473 - Download File PacksControlFlags.xml
2024-02-05 19:45:10,746 [INFO] ServerAccessManage:473 - Download File cubemx.pidx
2024-02-05 19:45:11,014 [INFO] ServerAccessManage:473 - Download File STMicroelectronics.X-CUBE-EEPRMA1.pdsc
2024-02-05 19:45:11,264 [ERROR] ServerAccessManage:1089 - Problem, file not found on Server
2024-02-05 19:45:11,657 [ERROR] ServerAccessManage:1089 - Problem, file not found on Server
2024-02-05 19:45:12,298 [WARN] MainUpdater:1194 - Updater busy. Cannot search thirdparties
2024-02-05 19:45:12,298 [INFO] ThirdPartyUpdaterWithRetryManager:96 - Updater plugin is busy. [1/15]
2024-02-05 19:45:12,719 [ERROR] ServerAccessManage:1096 - Problem, Http access forbiden
2024-02-05 19:45:12,721 [ERROR] ServerAccessManage:651 - Problem, Http access forbiden : RoweBots.I-CUBE-UNISONRTOS.pdsc.
2024-02-05 19:45:12,846 [WARN] PackLoader:240 - Cannot read IP mode file for STMicroelectronics.X-CUBE-EEPRMA1.5.1.0
2024-02-05 19:45:12,851 [INFO] PopulateThirdPartyThread:66 - Ending populate Thread
2024-02-05 19:45:12,853 [INFO] ThirdParty:1030 - CMSIS Pack Vendor :STMicroelectronics X-CUBE-EEPRMA1 5.1.0
2024-02-05 19:45:12,853 [INFO] LoadServerUpdatesThread:375 - End of LoadServerUpdate Thread
2024-02-05 19:45:12,960 [INFO] CheckServerUpdateThread:120 - End of CheckServer Thread
2024-02-05 19:45:13,151 [INFO] MainUpdater:2873 - connection check result : 10
2024-02-05 19:45:13,153 [INFO] MainUpdater:2873 - connection check result : 10
2024-02-05 19:45:15,349 [WARN] PackLoader:240 - Cannot read IP mode file for STMicroelectronics.X-CUBE-SMBUS.2.1.0
2024-02-05 19:45:15,351 [WARN] PackLoader:240 - Cannot read IP mode file for STMicroelectronics.X-CUBE-TOUCHGFX.4.23.0
2024-02-05 19:45:15,376 [WARN] PackLoader:240 - Cannot read IP mode file for STMicroelectronics.X-CUBE-AZRTOS-F7.1.1.0
2024-02-05 19:45:15,385 [WARN] PackLoader:240 - Cannot read IP mode file for STMicroelectronics.FP-SNS-MOTENV1.4.3.2
2024-02-05 19:45:15,390 [WARN] PackLoader:240 - Cannot read IP mode file for STMicroelectronics.FP-SNS-FLIGHT1.5.0.2
2024-02-05 19:45:15,396 [WARN] PackLoader:240 - Cannot read IP mode file for STMicroelectronics.X-CUBE-DISPLAY.3.0.0
2024-02-05 19:45:15,404 [WARN] PackLoader:240 - Cannot read IP mode file for STMicroelectronics.X-CUBE-BLE1.7.0.0
2024-02-05 19:45:15,408 [WARN] PackLoader:240 - Cannot read IP mode file for emotas.I-CUBE-CANOPEN.1.3.0
2024-02-05 19:45:15,411 [WARN] PackLoader:240 - Cannot read IP mode file for STMicroelectronics.FP-SNS-SMARTAG2.1.2.0
2024-02-05 19:45:15,419 [INFO] LogOutputStream:77 - [STDOUT_REDIRECT] 1 : Invalid condition id : UX_CORESTACK_Condition cause : null
2024-02-05 19:45:15,419 [INFO] LogOutputStream:77 - [STDOUT_REDIRECT] 1 : Invalid condition id : UX_CORESTACK_Condition cause : null
2024-02-05 19:45:15,419 [INFO] LogOutputStream:77 - [STDOUT_REDIRECT] 1 : Invalid condition id : UX_CORESTACK_Condition cause : null
2024-02-05 19:45:15,420 [INFO] LogOutputStream:77 - [STDOUT_REDIRECT] 1 : Invalid condition id : UX_CORESTACK_Condition cause : null
2024-02-05 19:45:15,420 [INFO] LogOutputStream:77 - [STDOUT_REDIRECT] 1 : Invalid condition id : UX_CORESTACK_Condition cause : null
2024-02-05 19:45:15,424 [WARN] PackLoader:240 - Cannot read IP mode file for STMicroelectronics.X-CUBE-AZRTOS-WL.2.0.0
2024-02-05 19:45:15,430 [WARN] PackLoader:240 - Cannot read IP mode file for WES.I-CUBE-Cesium.1.3.0
2024-02-05 19:45:15,434 [WARN] PackLoader:240 - Cannot read IP mode file for STMicroelectronics.X-CUBE-BLE2.3.3.0
2024-02-05 19:45:15,440 [WARN] PackLoader:240 - Cannot read IP mode file for STMicroelectronics.X-CUBE-ALGOBUILD.1.3.0
2024-02-05 19:45:15,454 [WARN] PackLoader:240 - Cannot read IP mode file for STMicroelectronics.X-CUBE-AZRTOS-G0.1.1.0
2024-02-05 19:45:15,461 [WARN] PackLoader:240 - Cannot read IP mode file for STMicroelectronics.X-CUBE-NFC4.3.0.0
2024-02-05 19:45:15,470 [WARN] PackLoader:240 - Cannot read IP mode file for STMicroelectronics.X-CUBE-BLEMGR.3.0.0
2024-02-05 19:45:15,474 [WARN] PackLoader:240 - Cannot read IP mode file for STMicroelectronics.FP-ATR-SIGFOX1.3.2.0
2024-02-05 19:45:15,477 [WARN] PackLoader:240 - Cannot read IP mode file for STMicroelectronics.X-CUBE-EEPRMA1.5.1.0
2024-02-05 19:45:15,498 [WARN] PackLoader:240 - Cannot read IP mode file for SEGGER.I-CUBE-embOS.1.3.1
2024-02-05 19:45:15,529 [WARN] PackLoader:240 - Cannot read IP mode file for STMicroelectronics.X-CUBE-GNSS1.6.0.0
2024-02-05 19:45:15,541 [WARN] PackLoader:240 - Cannot read IP mode file for STMicroelectronics.X-CUBE-AZRTOS-F4.1.1.0
2024-02-05 19:45:15,545 [WARN] PackLoader:240 - Cannot read IP mode file for wolfSSL.I-CUBE-wolfSSL.5.6.6
2024-02-05 19:45:15,556 [WARN] PackLoader:240 - Cannot read IP mode file for STMicroelectronics.X-CUBE-AZRTOS-L5.2.0.0
2024-02-05 19:45:15,561 [WARN] PackLoader:240 - Cannot read IP mode file for STMicroelectronics.X-CUBE-EEPRMA1.4.2.0
2024-02-05 19:45:15,564 [WARN] PackLoader:240 - Cannot read IP mode file for ITTIA_DB.I-CUBE-ITTIADB.8.8.0
2024-02-05 19:45:15,568 [WARN] PackLoader:240 - Cannot read IP mode file for STMicroelectronics.X-CUBE-NFC7.1.0.1
2024-02-05 19:45:15,573 [WARN] PackLoader:240 - Cannot read IP mode file for STMicroelectronics.X-CUBE-NFC6.3.0.0
2024-02-05 19:45:15,577 [WARN] PackLoader:240 - Cannot read IP mode file for STMicroelectronics.X-CUBE-AI.8.1.0
2024-02-05 19:45:15,590 [WARN] ConditionMgr:438 - getConditionDescription Invalid condition id : LAN8742 Phy interface Condition cause : null
2024-02-05 19:45:15,591 [WARN] PackLoader:240 - Cannot read IP mode file for STMicroelectronics.X-CUBE-AZRTOS-L4.2.0.0
2024-02-05 19:45:15,592 [WARN] ConditionMgr:1039 - genDependencies : Invalid condition id : LAN8742 Phy interface Condition cause : null
2024-02-05 19:45:15,592 [WARN] ConditionMgr:1039 - genDependencies : Invalid condition id : LAN8742 Phy interface Condition cause : null
2024-02-05 19:45:15,593 [WARN] ConditionMgr:1039 - genDependencies : Invalid condition id : LAN8742 Phy interface Condition cause : null
2024-02-05 19:45:15,598 [WARN] PackLoader:240 - Cannot read IP mode file for STMicroelectronics.X-CUBE-SFXS2LP1.4.0.0
2024-02-05 19:45:15,607 [WARN] ConditionMgr:438 - getConditionDescription Invalid condition id : UX DEVICE CLASS RTOS Condition cause : null
2024-02-05 19:45:15,607 [WARN] ConditionMgr:438 - getConditionDescription Invalid condition id : UX DEVICE CLASS RTOS Condition cause : null
2024-02-05 19:45:15,609 [WARN] PackLoader:240 - Cannot read IP mode file for STMicroelectronics.X-CUBE-AZRTOS-WB.2.0.0
2024-02-05 19:45:15,610 [WARN] ConditionMgr:1039 - genDependencies : Invalid condition id : UX DEVICE CLASS RTOS Condition cause : null
2024-02-05 19:45:15,610 [WARN] ConditionMgr:1039 - genDependencies : Invalid condition id : UX DEVICE CLASS RTOS Condition cause : null
2024-02-05 19:45:15,610 [WARN] ConditionMgr:1039 - genDependencies : Invalid condition id : UX DEVICE CLASS RTOS Condition cause : null
2024-02-05 19:45:15,610 [WARN] ConditionMgr:1039 - genDependencies : Invalid condition id : UX DEVICE CLASS RTOS Condition cause : null
2024-02-05 19:45:15,611 [WARN] ConditionMgr:1039 - genDependencies : Invalid condition id : UX DEVICE CLASS RTOS Condition cause : null
2024-02-05 19:45:15,618 [WARN] PackLoader:240 - Cannot read IP mode file for STMicroelectronics.X-CUBE-SUBG2.5.0.0
2024-02-05 19:45:15,631 [WARN] PackLoader:240 - Cannot read IP mode file for STMicroelectronics.X-CUBE-AZRTOS-G4.2.0.0
2024-02-05 19:45:15,640 [WARN] PackLoader:240 - Cannot read IP mode file for Infineon.AIROC-Wi-Fi-Bluetooth-STM32.1.5.1
2024-02-05 19:45:15,644 [WARN] PackLoader:240 - Cannot read IP mode file for STMicroelectronics.FP-SNS-MOTENVWB1.1.3.1
2024-02-05 19:45:15,647 [WARN] PackLoader:240 - Cannot read IP mode file for STMicroelectronics.X-CUBE-ISPU.2.0.0
2024-02-05 19:45:15,674 [WARN] PackLoader:240 - Cannot read IP mode file for STMicroelectronics.X-CUBE-MEMS1.10.0.0
2024-02-05 19:45:15,774 [WARN] PackLoader:240 - Cannot read IP mode file for STMicroelectronics.X-CUBE-FREERTOS.1.1.0
2024-02-05 19:45:15,778 [WARN] PackLoader:240 - Cannot read IP mode file for portGmbH.I-Cube-SoM-uGOAL.1.1.0
2024-02-05 19:45:15,787 [WARN] PackLoader:240 - Cannot read IP mode file for STMicroelectronics.X-CUBE-ALS.1.0.1
2024-02-05 19:45:15,790 [WARN] PackLoader:240 - Cannot read IP mode file for STMicroelectronics.FP-ATR-ASTRA1.2.0.0
2024-02-05 19:45:15,797 [WARN] PackLoader:240 - Cannot read IP mode file for STMicroelectronics.X-CUBE-TOF1.3.4.0
2024-02-05 19:45:15,821 [WARN] PackLoader:240 - Cannot read IP mode file for STMicroelectronics.X-CUBE-AZRTOS-H7.3.2.0
2024-02-05 19:45:15,825 [INFO] ThirdParty:978 - Integrity check success = true
2024-02-05 19:45:15,825 [INFO] IntegrityCheckThread:100 - exiting critical section [integrity check]
2024-02-05 19:45:15,825 [INFO] IntegrityCheckThread:103 - End integrity checks thread
2024-02-05 19:56:21,134 [INFO] Activator:176 - 


2024-02-05 19:56:21,136 [INFO] Activator:177 - !SESSION log4j initialized
2024-02-05 19:56:22,326 [INFO] ApplicationProperties:184 - Using Application install path: /home/fredrikr/st/stm32cubeide_1.14.0/plugins/com.st.stm32cube.common.mx_6.10.0.202311202037
2024-02-05 19:56:22,336 [INFO] DbMcusXml:78 - Set database path to: /home/fredrikr/st/stm32cubeide_1.14.0/plugins/com.st.stm32cube.common.mx_6.10.0.202311202037//db//mcu/
2024-02-05 19:56:22,337 [INFO] ApiDb:274 - Set plugin database path to: /home/fredrikr/st/stm32cubeide_1.14.0/plugins/com.st.stm32cube.common.mx_6.10.0.202311202037//db//plugins/boardmanager/
2024-02-05 19:56:22,337 [WARN] ApiDb:259 - Overriding images path with different value:  => /home/fredrikr/st/stm32cubeide_1.14.0/plugins/com.st.stm32cube.common.mx_6.10.0.202311202037//db//plugins/mcufinder/images/
2024-02-05 19:56:22,339 [INFO] ApiDb:250 - Set database path to: /home/fredrikr/.stmcufinder/plugins/mcufinder//mcu/
2024-02-05 19:56:22,340 [INFO] DbMcusAds:125 - Set database path to: /home/fredrikr/.stmcufinder/plugins/mcufinder//mcu/
2024-02-05 19:56:22,345 [INFO] CrossReferenceDbSqlite:203 - Set database path to: /home/fredrikr/.stmcufinder/plugins/mcufinder//mcu/cs/
2024-02-05 19:56:22,417 [INFO] RulesReader:64 - Compatibility file has been processed (297 Rules)
2024-02-05 19:56:22,454 [INFO] DbMcusXml:78 - Set database path to: /home/fredrikr/st/stm32cubeide_1.14.0/plugins/com.st.stm32cube.common.mx_6.10.0.202311202037//db//mcu/
2024-02-05 19:56:22,454 [INFO] ApiDb:274 - Set plugin database path to: /home/fredrikr/st/stm32cubeide_1.14.0/plugins/com.st.stm32cube.common.mx_6.10.0.202311202037//db//plugins/boardmanager/
2024-02-05 19:56:22,454 [INFO] ApiDb:261 - Set plugin images path to: /home/fredrikr/st/stm32cubeide_1.14.0/plugins/com.st.stm32cube.common.mx_6.10.0.202311202037//db//plugins/mcufinder/images/
2024-02-05 19:56:22,454 [WARN] DbFile:41 - Overriding database path with different value: /home/fredrikr/.stmcufinder/plugins/mcufinder/ => /home/fredrikr/.stmcufinder/plugins/mcufinder
2024-02-05 19:56:22,454 [INFO] ApiDb:250 - Set database path to: /home/fredrikr/.stmcufinder/plugins/mcufinder//mcu/
2024-02-05 19:56:22,454 [WARN] DbFile:41 - Overriding database path with different value: /home/fredrikr/.stmcufinder/plugins/mcufinder/ => /home/fredrikr/.stmcufinder/plugins/mcufinder
2024-02-05 19:56:22,454 [INFO] DbMcusAds:125 - Set database path to: /home/fredrikr/.stmcufinder/plugins/mcufinder//mcu/
2024-02-05 19:56:22,454 [WARN] DbFile:41 - Overriding database path with different value: /home/fredrikr/.stmcufinder/plugins/mcufinder/ => /home/fredrikr/.stmcufinder/plugins/mcufinder
2024-02-05 19:56:22,455 [WARN] DbFile:41 - Overriding database path with different value: /home/fredrikr/.stmcufinder/plugins/mcufinder/ => /home/fredrikr/.stmcufinder/plugins/mcufinder
2024-02-05 19:56:22,455 [INFO] CrossReferenceDbSqlite:203 - Set database path to: /home/fredrikr/.stmcufinder/plugins/mcufinder//mcu/cs/
2024-02-05 19:56:22,491 [INFO] MainPanel:264 - HeapMemory: 268435456
2024-02-05 19:56:22,540 [INFO] DbMcusXml:78 - Set database path to: /home/fredrikr/st/stm32cubeide_1.14.0/plugins/com.st.stm32cube.common.mx_6.10.0.202311202037//db//mcu/
2024-02-05 19:56:22,541 [INFO] ApiDb:274 - Set plugin database path to: /home/fredrikr/st/stm32cubeide_1.14.0/plugins/com.st.stm32cube.common.mx_6.10.0.202311202037//db//plugins/boardmanager/
2024-02-05 19:56:22,541 [INFO] ApiDb:261 - Set plugin images path to: /home/fredrikr/st/stm32cubeide_1.14.0/plugins/com.st.stm32cube.common.mx_6.10.0.202311202037//db//plugins/mcufinder/images/
2024-02-05 19:56:22,541 [WARN] DbFile:41 - Overriding database path with different value: /home/fredrikr/.stmcufinder/plugins/mcufinder/ => /home/fredrikr/.stmcufinder/plugins/mcufinder
2024-02-05 19:56:22,541 [INFO] ApiDb:250 - Set database path to: /home/fredrikr/.stmcufinder/plugins/mcufinder//mcu/
2024-02-05 19:56:22,541 [WARN] DbFile:41 - Overriding database path with different value: /home/fredrikr/.stmcufinder/plugins/mcufinder/ => /home/fredrikr/.stmcufinder/plugins/mcufinder
2024-02-05 19:56:22,541 [INFO] DbMcusAds:125 - Set database path to: /home/fredrikr/.stmcufinder/plugins/mcufinder//mcu/
2024-02-05 19:56:22,541 [WARN] DbFile:41 - Overriding database path with different value: /home/fredrikr/.stmcufinder/plugins/mcufinder/ => /home/fredrikr/.stmcufinder/plugins/mcufinder
2024-02-05 19:56:22,541 [WARN] DbFile:41 - Overriding database path with different value: /home/fredrikr/.stmcufinder/plugins/mcufinder/ => /home/fredrikr/.stmcufinder/plugins/mcufinder
2024-02-05 19:56:22,541 [INFO] CrossReferenceDbSqlite:203 - Set database path to: /home/fredrikr/.stmcufinder/plugins/mcufinder//mcu/cs/
2024-02-05 19:56:22,550 [INFO] ApplicationProperties:184 - Using Application install path: /home/fredrikr/st/stm32cubeide_1.14.0/plugins/com.st.stm32cube.common.mx_6.10.0.202311202037
2024-02-05 19:56:22,551 [INFO] PluginManage:196 - Search for loadable plugins [exclusion list=, ]
2024-02-05 19:56:22,552 [INFO] PluginManage:310 - Check plugin analytics
2024-02-05 19:56:22,722 [INFO] AnalyticsPlugin:253 - Accepted Software Licenses: 
2024-02-05 19:56:22,723 [INFO] AnalyticsPlugin:255 - Accepted CMSIS Pack Licenses: 
2024-02-05 19:56:22,723 [INFO] AnalyticsPlugin:257 - Accepted Firmware Licenses: 
2024-02-05 19:56:22,724 [INFO] PluginManage:359 - Loaded plugin analytics (category:tool,tabindex:-1)
2024-02-05 19:56:22,724 [INFO] PluginManage:310 - Check plugin cadmodel
2024-02-05 19:56:22,759 [INFO] CADModel:105 - Init CAD model plugin
2024-02-05 19:56:22,759 [INFO] PluginManage:359 - Loaded plugin cadmodel (category:power,tabindex:5)
2024-02-05 19:56:22,760 [INFO] PluginManage:310 - Check plugin clock
2024-02-05 19:56:22,765 [INFO] PluginManage:359 - Loaded plugin clock (category:base,tabindex:2)
2024-02-05 19:56:22,765 [INFO] PluginManage:310 - Check plugin ddr
2024-02-05 19:56:22,767 [INFO] PluginManage:359 - Loaded plugin ddr (category:tool,tabindex:6)
2024-02-05 19:56:22,767 [INFO] PluginManage:310 - Check plugin filemanager
2024-02-05 19:56:22,852 [INFO] PluginManage:359 - Loaded plugin filemanager (category:base,tabindex:10)
2024-02-05 19:56:22,853 [INFO] PluginManage:310 - Check plugin ipmanager
2024-02-05 19:56:22,856 [INFO] PluginManage:359 - Loaded plugin ipmanager (category:base,tabindex:5)
2024-02-05 19:56:22,856 [INFO] PluginManage:310 - Check plugin lpbam
2024-02-05 19:56:22,862 [INFO] PluginManage:359 - Loaded plugin lpbam (category:base,tabindex:0)
2024-02-05 19:56:22,862 [INFO] PluginManage:310 - Check plugin memorymap
2024-02-05 19:56:22,869 [INFO] PluginManage:359 - Loaded plugin memorymap (category:base,tabindex:4)
2024-02-05 19:56:22,869 [INFO] PluginManage:310 - Check plugin pinoutandconfiguration
2024-02-05 19:56:22,873 [INFO] PluginManage:359 - Loaded plugin pinoutandconfiguration (category:base,tabindex:1)
2024-02-05 19:56:22,874 [INFO] PluginManage:310 - Check plugin pinoutconfig
2024-02-05 19:56:22,927 [WARN] SupportedApi:132 - Cannot load RTOS API schema: s4s-elt-must-match.1: The content of 'definitions' must match (annotation?, (simpleType | complexType)?, (unique | key | keyref)*)). A problem was found starting at: attribute.
2024-02-05 19:56:23,004 [INFO] PluginManage:359 - Loaded plugin pinoutconfig (category:base,tabindex:0)
2024-02-05 19:56:23,004 [INFO] PluginManage:310 - Check plugin power
2024-02-05 19:56:23,009 [INFO] PluginManage:359 - Loaded plugin power (category:power,tabindex:4)
2024-02-05 19:56:23,009 [INFO] PluginManage:310 - Check plugin projectmanager
2024-02-05 19:56:23,018 [INFO] PluginManage:359 - Loaded plugin projectmanager (category:projectmanager,tabindex:3)
2024-02-05 19:56:23,019 [INFO] PluginManage:310 - Check plugin thirdparty
2024-02-05 19:56:23,090 [INFO] PluginManage:359 - Loaded plugin thirdparty (category:base,tabindex:-1)
2024-02-05 19:56:23,090 [WARN] IntegrityCheckThread:84 - waiting for thirdparty lock release [integrity check]
2024-02-05 19:56:23,090 [INFO] PluginManage:310 - Check plugin tools
2024-02-05 19:56:23,090 [INFO] IntegrityCheckThread:86 - entering critical section [integrity check]
2024-02-05 19:56:23,091 [INFO] ThirdPartyUpdaterWithRetryManager:70 - Updater plugin not ready yet. [1/15]
2024-02-05 19:56:23,092 [INFO] PluginManage:359 - Loaded plugin tools (category:base,tabindex:7)
2024-02-05 19:56:23,092 [INFO] PluginManage:310 - Check plugin tutovideos
2024-02-05 19:56:23,201 [INFO] PluginManage:359 - Loaded plugin tutovideos (category:base,tabindex:-1)
2024-02-05 19:56:23,201 [INFO] PluginManage:310 - Check plugin updater
2024-02-05 19:56:23,207 [INFO] PluginManage:359 - Loaded plugin updater (category:base,tabindex:12)
2024-02-05 19:56:23,207 [INFO] PluginManage:310 - Check plugin userauth
2024-02-05 19:56:23,210 [INFO] UserAuth:114 - Init User Auth plugin
2024-02-05 19:56:23,210 [INFO] PluginManage:359 - Loaded plugin userauth (category:base,tabindex:14)
2024-02-05 19:56:23,211 [INFO] PluginManage:283 - PluginManage : Loaded plugins [17]
2024-02-05 19:56:23,316 [INFO] PinOutPanel:1499 - setPackage(No Configuration,No Configuration)
2024-02-05 19:56:23,351 [INFO] CADModel:165 - CPN selected for project level
2024-02-05 19:56:23,351 [INFO] CADModel:114 - Register for checkConnection events
2024-02-05 19:56:23,357 [INFO] IPUIPlugin:80 - create IPUIPlugin
2024-02-05 19:56:23,357 [INFO] PluginManager:220 - loadIPPluginJar : add ucpd
2024-02-05 19:56:23,361 [INFO] IPUIPlugin:80 - create IPUIPlugin
2024-02-05 19:56:23,361 [INFO] PluginManager:220 - loadIPPluginJar : add mdma
2024-02-05 19:56:23,362 [INFO] IPUIPlugin:80 - create IPUIPlugin
2024-02-05 19:56:23,362 [INFO] PluginManager:220 - loadIPPluginJar : add quadspi
2024-02-05 19:56:23,365 [INFO] IPUIPlugin:80 - create IPUIPlugin
2024-02-05 19:56:23,365 [INFO] PluginManager:220 - loadIPPluginJar : add usart
2024-02-05 19:56:23,368 [INFO] IPUIPlugin:80 - create IPUIPlugin
2024-02-05 19:56:23,368 [INFO] PluginManager:220 - loadIPPluginJar : add freertos
2024-02-05 19:56:23,369 [INFO] IPUIPlugin:80 - create IPUIPlugin
2024-02-05 19:56:23,370 [INFO] PluginManager:220 - loadIPPluginJar : add openamp
2024-02-05 19:56:23,373 [INFO] IPUIPlugin:80 - create IPUIPlugin
2024-02-05 19:56:23,373 [INFO] PluginManager:220 - loadIPPluginJar : add dma
2024-02-05 19:56:23,377 [INFO] IPUIPlugin:80 - create IPUIPlugin
2024-02-05 19:56:23,377 [INFO] PluginManager:220 - loadIPPluginJar : add adc
2024-02-05 19:56:23,379 [INFO] IPUIPlugin:80 - create IPUIPlugin
2024-02-05 19:56:23,379 [INFO] PluginManager:220 - loadIPPluginJar : add resmgrutility
2024-02-05 19:56:23,380 [INFO] IPUIPlugin:80 - create IPUIPlugin
2024-02-05 19:56:23,381 [INFO] PluginManager:220 - loadIPPluginJar : add dma3
2024-02-05 19:56:23,384 [INFO] IPUIPlugin:80 - create IPUIPlugin
2024-02-05 19:56:23,384 [INFO] PluginManager:220 - loadIPPluginJar : add gic
2024-02-05 19:56:23,385 [INFO] IPUIPlugin:80 - create IPUIPlugin
2024-02-05 19:56:23,385 [INFO] PluginManager:220 - loadIPPluginJar : add i2s
2024-02-05 19:56:23,386 [INFO] IPUIPlugin:80 - create IPUIPlugin
2024-02-05 19:56:23,386 [INFO] PluginManager:220 - loadIPPluginJar : add gfxmmu
2024-02-05 19:56:23,387 [INFO] IPUIPlugin:80 - create IPUIPlugin
2024-02-05 19:56:23,387 [INFO] PluginManager:220 - loadIPPluginJar : add fatfs
2024-02-05 19:56:23,390 [INFO] IPUIPlugin:80 - create IPUIPlugin
2024-02-05 19:56:23,390 [INFO] PluginManager:220 - loadIPPluginJar : add fmc
2024-02-05 19:56:23,391 [INFO] IPUIPlugin:80 - create IPUIPlugin
2024-02-05 19:56:23,391 [INFO] PluginManager:220 - loadIPPluginJar : add comp
2024-02-05 19:56:23,392 [INFO] IPUIPlugin:80 - create IPUIPlugin
2024-02-05 19:56:23,392 [INFO] PluginManager:220 - loadIPPluginJar : add aes
2024-02-05 19:56:23,396 [INFO] IPUIPlugin:80 - create IPUIPlugin
2024-02-05 19:56:23,397 [INFO] PluginManager:220 - loadIPPluginJar : add linkedlist
2024-02-05 19:56:23,398 [INFO] IPUIPlugin:80 - create IPUIPlugin
2024-02-05 19:56:23,398 [INFO] PluginManager:220 - loadIPPluginJar : add opamp
2024-02-05 19:56:23,399 [INFO] IPUIPlugin:80 - create IPUIPlugin
2024-02-05 19:56:23,399 [INFO] PluginManager:220 - loadIPPluginJar : add tsc
2024-02-05 19:56:23,400 [INFO] IPUIPlugin:80 - create IPUIPlugin
2024-02-05 19:56:23,400 [INFO] PluginManager:220 - loadIPPluginJar : add i3c
2024-02-05 19:56:23,402 [INFO] IPUIPlugin:80 - create IPUIPlugin
2024-02-05 19:56:23,402 [INFO] PluginManager:220 - loadIPPluginJar : add gtzc
2024-02-05 19:56:23,404 [INFO] IPUIPlugin:80 - create IPUIPlugin
2024-02-05 19:56:23,404 [INFO] PluginManager:220 - loadIPPluginJar : add pdm2pcm
2024-02-05 19:56:23,406 [INFO] IPUIPlugin:80 - create IPUIPlugin
2024-02-05 19:56:23,406 [INFO] PluginManager:220 - loadIPPluginJar : add touchsensing
2024-02-05 19:56:23,408 [INFO] IPUIPlugin:80 - create IPUIPlugin
2024-02-05 19:56:23,408 [INFO] PluginManager:220 - loadIPPluginJar : add nvic
2024-02-05 19:56:23,409 [INFO] IPUIPlugin:80 - create IPUIPlugin
2024-02-05 19:56:23,409 [INFO] PluginManager:220 - loadIPPluginJar : add lorawan
2024-02-05 19:56:23,411 [INFO] IPUIPlugin:80 - create IPUIPlugin
2024-02-05 19:56:23,411 [INFO] PluginManager:220 - loadIPPluginJar : add spi
2024-02-05 19:56:23,412 [INFO] IPUIPlugin:80 - create IPUIPlugin
2024-02-05 19:56:23,412 [INFO] PluginManager:220 - loadIPPluginJar : add i2c
2024-02-05 19:56:23,413 [INFO] IPUIPlugin:80 - create IPUIPlugin
2024-02-05 19:56:23,413 [INFO] PluginManager:220 - loadIPPluginJar : add cryp
2024-02-05 19:56:23,414 [INFO] IPUIPlugin:80 - create IPUIPlugin
2024-02-05 19:56:23,414 [INFO] PluginManager:220 - loadIPPluginJar : add dfsdm
2024-02-05 19:56:23,415 [INFO] IPUIPlugin:80 - create IPUIPlugin
2024-02-05 19:56:23,415 [INFO] PluginManager:220 - loadIPPluginJar : add ltdc
2024-02-05 19:56:23,416 [INFO] IPUIPlugin:80 - create IPUIPlugin
2024-02-05 19:56:23,416 [INFO] PluginManager:220 - loadIPPluginJar : add genericplugin
2024-02-05 19:56:23,417 [INFO] IPUIPlugin:80 - create IPUIPlugin
2024-02-05 19:56:23,417 [INFO] PluginManager:220 - loadIPPluginJar : add ts
2024-02-05 19:56:23,418 [INFO] IPUIPlugin:80 - create IPUIPlugin
2024-02-05 19:56:23,418 [INFO] PluginManager:220 - loadIPPluginJar : add hash
2024-02-05 19:56:23,420 [INFO] IPUIPlugin:80 - create IPUIPlugin
2024-02-05 19:56:23,420 [INFO] PluginManager:220 - loadIPPluginJar : add gpio
2024-02-05 19:56:23,422 [INFO] IPUIPlugin:80 - create IPUIPlugin
2024-02-05 19:56:23,422 [INFO] PluginManager:220 - loadIPPluginJar : add can
2024-02-05 19:56:23,425 [INFO] IPUIPlugin:80 - create IPUIPlugin
2024-02-05 19:56:23,425 [INFO] PluginManager:220 - loadIPPluginJar : add stm32_wpan
2024-02-05 19:56:23,427 [INFO] IPUIPlugin:80 - create IPUIPlugin
2024-02-05 19:56:23,427 [INFO] PluginManager:220 - loadIPPluginJar : add usbx
2024-02-05 19:56:23,428 [INFO] IPUIPlugin:80 - create IPUIPlugin
2024-02-05 19:56:23,428 [INFO] PluginManager:220 - loadIPPluginJar : add tim
2024-02-05 19:56:23,431 [INFO] IPUIPlugin:80 - create IPUIPlugin
2024-02-05 19:56:23,433 [INFO] PluginManager:220 - loadIPPluginJar : add plateformsettings
2024-02-05 19:56:23,435 [INFO] IPUIPlugin:80 - create IPUIPlugin
2024-02-05 19:56:23,435 [INFO] PluginManager:220 - loadIPPluginJar : add ipddr
2024-02-05 19:56:23,436 [INFO] IPUIPlugin:80 - create IPUIPlugin
2024-02-05 19:56:23,436 [INFO] PluginManager:220 - loadIPPluginJar : add sai
2024-02-05 19:56:23,438 [INFO] IPUIPlugin:80 - create IPUIPlugin
2024-02-05 19:56:23,438 [INFO] PluginManager:220 - loadIPPluginJar : add tracer_emb
2024-02-05 19:56:23,531 [INFO] CADModel:165 - CPN selected for project level
2024-02-05 19:56:23,531 [INFO] CADModel:114 - Register for checkConnection events
2024-02-05 19:56:23,531 [FATAL] Updater:308 - Updater called before beeing initialized
2024-02-05 19:56:23,531 [ERROR] CADModel:125 - Updater not yet initialized, retry later 
2024-02-05 19:56:23,603 [INFO] CADModel:165 - CPN selected for project level
2024-02-05 19:56:23,603 [INFO] CADModel:114 - Register for checkConnection events
2024-02-05 19:56:23,604 [FATAL] Updater:308 - Updater called before beeing initialized
2024-02-05 19:56:23,604 [ERROR] CADModel:125 - Updater not yet initialized, retry later 
2024-02-05 19:56:23,606 [FATAL] Updater:308 - Updater called before beeing initialized
2024-02-05 19:56:23,653 [FATAL] Updater:308 - Updater called before beeing initialized
2024-02-05 19:56:23,656 [INFO] DbMcusAds:53 - JSON generation date=Wed Nov 29 11:52:27 CET 2023 (1701255147349)
2024-02-05 19:56:23,656 [FATAL] Updater:308 - Updater called before beeing initialized
2024-02-05 19:56:23,679 [WARN] DetailPanel:346 - Failed to get advertising image, set to default
2024-02-05 19:56:23,737 [FATAL] Updater:308 - Updater called before beeing initialized
2024-02-05 19:56:23,738 [FATAL] Updater:308 - Updater called before beeing initialized
2024-02-05 19:56:23,738 [FATAL] Updater:308 - Updater called before beeing initialized
2024-02-05 19:56:23,738 [WARN] DetailPanel:346 - Failed to get advertising image, set to default
2024-02-05 19:56:23,739 [FATAL] Updater:308 - Updater called before beeing initialized
2024-02-05 19:56:23,761 [ERROR] Updater:1120 - MainUpdater not yet initialized. External WinMGr cannot be set.
2024-02-05 19:56:23,762 [INFO] Updater:1056 - Updater Version found : 6.10.0
2024-02-05 19:56:23,772 [INFO] ApplicationProperties:184 - Using Application install path: /home/fredrikr/st/stm32cubeide_1.14.0/plugins/com.st.stm32cube.common.mx_6.10.0.202311202037
2024-02-05 19:56:23,945 [INFO] MainUpdater:2873 - connection check result : 10
2024-02-05 19:56:23,946 [INFO] MainUpdater:290 - Updater Check For Update Now.
2024-02-05 19:56:23,946 [INFO] MicroXplorer:498 - Change Database Version : DB.6.0.100
2024-02-05 19:56:24,090 [INFO] CheckServerUpdateThread:120 - End of CheckServer Thread
2024-02-05 19:56:24,155 [INFO] MainUpdater:2873 - connection check result : 10
2024-02-05 19:56:24,155 [INFO] MainUpdater:2873 - connection check result : 10
2024-02-05 19:56:26,192 [WARN] PackLoader:240 - Cannot read IP mode file for STMicroelectronics.X-CUBE-SMBUS.2.1.0
2024-02-05 19:56:26,196 [WARN] PackLoader:240 - Cannot read IP mode file for STMicroelectronics.X-CUBE-TOUCHGFX.4.23.0
2024-02-05 19:56:26,229 [WARN] PackLoader:240 - Cannot read IP mode file for STMicroelectronics.X-CUBE-AZRTOS-F7.1.1.0
2024-02-05 19:56:26,237 [WARN] PackLoader:240 - Cannot read IP mode file for STMicroelectronics.FP-SNS-MOTENV1.4.3.2
2024-02-05 19:56:26,242 [WARN] PackLoader:240 - Cannot read IP mode file for STMicroelectronics.FP-SNS-FLIGHT1.5.0.2
2024-02-05 19:56:26,247 [WARN] PackLoader:240 - Cannot read IP mode file for STMicroelectronics.X-CUBE-DISPLAY.3.0.0
2024-02-05 19:56:26,256 [WARN] PackLoader:240 - Cannot read IP mode file for STMicroelectronics.X-CUBE-BLE1.7.0.0
2024-02-05 19:56:26,259 [WARN] PackLoader:240 - Cannot read IP mode file for emotas.I-CUBE-CANOPEN.1.3.0
2024-02-05 19:56:26,262 [WARN] PackLoader:240 - Cannot read IP mode file for STMicroelectronics.FP-SNS-SMARTAG2.1.2.0
2024-02-05 19:56:26,270 [INFO] LogOutputStream:77 - [STDOUT_REDIRECT] 1 : Invalid condition id : UX_CORESTACK_Condition cause : null
2024-02-05 19:56:26,271 [INFO] LogOutputStream:77 - [STDOUT_REDIRECT] 1 : Invalid condition id : UX_CORESTACK_Condition cause : null
2024-02-05 19:56:26,271 [INFO] LogOutputStream:77 - [STDOUT_REDIRECT] 1 : Invalid condition id : UX_CORESTACK_Condition cause : null
2024-02-05 19:56:26,271 [INFO] LogOutputStream:77 - [STDOUT_REDIRECT] 1 : Invalid condition id : UX_CORESTACK_Condition cause : null
2024-02-05 19:56:26,271 [INFO] LogOutputStream:77 - [STDOUT_REDIRECT] 1 : Invalid condition id : UX_CORESTACK_Condition cause : null
2024-02-05 19:56:26,275 [WARN] PackLoader:240 - Cannot read IP mode file for STMicroelectronics.X-CUBE-AZRTOS-WL.2.0.0
2024-02-05 19:56:26,280 [WARN] PackLoader:240 - Cannot read IP mode file for WES.I-CUBE-Cesium.1.3.0
2024-02-05 19:56:26,283 [WARN] PackLoader:240 - Cannot read IP mode file for STMicroelectronics.X-CUBE-BLE2.3.3.0
2024-02-05 19:56:26,288 [WARN] PackLoader:240 - Cannot read IP mode file for STMicroelectronics.X-CUBE-ALGOBUILD.1.3.0
2024-02-05 19:56:26,302 [WARN] PackLoader:240 - Cannot read IP mode file for STMicroelectronics.X-CUBE-AZRTOS-G0.1.1.0
2024-02-05 19:56:26,307 [WARN] PackLoader:240 - Cannot read IP mode file for STMicroelectronics.X-CUBE-NFC4.3.0.0
2024-02-05 19:56:26,313 [WARN] PackLoader:240 - Cannot read IP mode file for STMicroelectronics.X-CUBE-BLEMGR.3.0.0
2024-02-05 19:56:26,317 [WARN] PackLoader:240 - Cannot read IP mode file for STMicroelectronics.FP-ATR-SIGFOX1.3.2.0
2024-02-05 19:56:26,320 [WARN] PackLoader:240 - Cannot read IP mode file for STMicroelectronics.X-CUBE-EEPRMA1.5.1.0
2024-02-05 19:56:26,344 [WARN] PackLoader:240 - Cannot read IP mode file for SEGGER.I-CUBE-embOS.1.3.1
2024-02-05 19:56:26,373 [WARN] PackLoader:240 - Cannot read IP mode file for STMicroelectronics.X-CUBE-GNSS1.6.0.0
2024-02-05 19:56:26,385 [WARN] PackLoader:240 - Cannot read IP mode file for STMicroelectronics.X-CUBE-AZRTOS-F4.1.1.0
2024-02-05 19:56:26,389 [WARN] PackLoader:240 - Cannot read IP mode file for wolfSSL.I-CUBE-wolfSSL.5.6.6
2024-02-05 19:56:26,399 [WARN] PackLoader:240 - Cannot read IP mode file for STMicroelectronics.X-CUBE-AZRTOS-L5.2.0.0
2024-02-05 19:56:26,403 [WARN] PackLoader:240 - Cannot read IP mode file for STMicroelectronics.X-CUBE-EEPRMA1.4.2.0
2024-02-05 19:56:26,406 [WARN] PackLoader:240 - Cannot read IP mode file for ITTIA_DB.I-CUBE-ITTIADB.8.8.0
2024-02-05 19:56:26,408 [WARN] PackLoader:240 - Cannot read IP mode file for STMicroelectronics.X-CUBE-NFC7.1.0.1
2024-02-05 19:56:26,412 [WARN] PackLoader:240 - Cannot read IP mode file for STMicroelectronics.X-CUBE-NFC6.3.0.0
2024-02-05 19:56:26,415 [WARN] PackLoader:240 - Cannot read IP mode file for STMicroelectronics.X-CUBE-AI.8.1.0
2024-02-05 19:56:26,431 [WARN] ConditionMgr:438 - getConditionDescription Invalid condition id : LAN8742 Phy interface Condition cause : null
2024-02-05 19:56:26,431 [WARN] PackLoader:240 - Cannot read IP mode file for STMicroelectronics.X-CUBE-AZRTOS-L4.2.0.0
2024-02-05 19:56:26,432 [WARN] ConditionMgr:1039 - genDependencies : Invalid condition id : LAN8742 Phy interface Condition cause : null
2024-02-05 19:56:26,432 [WARN] ConditionMgr:1039 - genDependencies : Invalid condition id : LAN8742 Phy interface Condition cause : null
2024-02-05 19:56:26,433 [WARN] ConditionMgr:1039 - genDependencies : Invalid condition id : LAN8742 Phy interface Condition cause : null
2024-02-05 19:56:26,437 [WARN] PackLoader:240 - Cannot read IP mode file for STMicroelectronics.X-CUBE-SFXS2LP1.4.0.0
2024-02-05 19:56:26,445 [WARN] ConditionMgr:438 - getConditionDescription Invalid condition id : UX DEVICE CLASS RTOS Condition cause : null
2024-02-05 19:56:26,445 [WARN] ConditionMgr:438 - getConditionDescription Invalid condition id : UX DEVICE CLASS RTOS Condition cause : null
2024-02-05 19:56:26,446 [WARN] PackLoader:240 - Cannot read IP mode file for STMicroelectronics.X-CUBE-AZRTOS-WB.2.0.0
2024-02-05 19:56:26,446 [WARN] ConditionMgr:1039 - genDependencies : Invalid condition id : UX DEVICE CLASS RTOS Condition cause : null
2024-02-05 19:56:26,447 [WARN] ConditionMgr:1039 - genDependencies : Invalid condition id : UX DEVICE CLASS RTOS Condition cause : null
2024-02-05 19:56:26,447 [WARN] ConditionMgr:1039 - genDependencies : Invalid condition id : UX DEVICE CLASS RTOS Condition cause : null
2024-02-05 19:56:26,447 [WARN] ConditionMgr:1039 - genDependencies : Invalid condition id : UX DEVICE CLASS RTOS Condition cause : null
2024-02-05 19:56:26,447 [WARN] ConditionMgr:1039 - genDependencies : Invalid condition id : UX DEVICE CLASS RTOS Condition cause : null
2024-02-05 19:56:26,453 [WARN] PackLoader:240 - Cannot read IP mode file for STMicroelectronics.X-CUBE-SUBG2.5.0.0
2024-02-05 19:56:26,465 [WARN] PackLoader:240 - Cannot read IP mode file for STMicroelectronics.X-CUBE-AZRTOS-G4.2.0.0
2024-02-05 19:56:26,472 [WARN] PackLoader:240 - Cannot read IP mode file for Infineon.AIROC-Wi-Fi-Bluetooth-STM32.1.5.1
2024-02-05 19:56:26,477 [WARN] PackLoader:240 - Cannot read IP mode file for STMicroelectronics.FP-SNS-MOTENVWB1.1.3.1
2024-02-05 19:56:26,479 [WARN] PackLoader:240 - Cannot read IP mode file for STMicroelectronics.X-CUBE-ISPU.2.0.0
2024-02-05 19:56:26,502 [WARN] PackLoader:240 - Cannot read IP mode file for STMicroelectronics.X-CUBE-MEMS1.10.0.0
2024-02-05 19:56:26,595 [WARN] PackLoader:240 - Cannot read IP mode file for STMicroelectronics.X-CUBE-FREERTOS.1.1.0
2024-02-05 19:56:26,598 [WARN] PackLoader:240 - Cannot read IP mode file for portGmbH.I-Cube-SoM-uGOAL.1.1.0
2024-02-05 19:56:26,600 [WARN] PackLoader:240 - Cannot read IP mode file for STMicroelectronics.X-CUBE-ALS.1.0.1
2024-02-05 19:56:26,603 [WARN] PackLoader:240 - Cannot read IP mode file for STMicroelectronics.FP-ATR-ASTRA1.2.0.0
2024-02-05 19:56:26,611 [WARN] PackLoader:240 - Cannot read IP mode file for STMicroelectronics.X-CUBE-TOF1.3.4.0
2024-02-05 19:56:26,630 [WARN] PackLoader:240 - Cannot read IP mode file for STMicroelectronics.X-CUBE-AZRTOS-H7.3.2.0
2024-02-05 19:56:26,632 [INFO] ThirdParty:978 - Integrity check success = true
2024-02-05 19:56:26,632 [INFO] IntegrityCheckThread:100 - exiting critical section [integrity check]
2024-02-05 19:56:26,632 [INFO] IntegrityCheckThread:103 - End integrity checks thread
