2024-06-03 20:43:32,201 [INFO] Activator:176 - 


2024-06-03 20:43:32,204 [INFO] Activator:177 - !SESSION log4j initialized
2024-06-03 20:43:33,590 [INFO] ApplicationProperties:184 - Using Application install path: /home/fredrikr/st/stm32cubeide_1.14.0/plugins/com.st.stm32cube.common.mx_6.10.0.202311202037
2024-06-03 20:43:33,598 [INFO] DbMcusXml:78 - Set database path to: /home/fredrikr/st/stm32cubeide_1.14.0/plugins/com.st.stm32cube.common.mx_6.10.0.202311202037//db//mcu/
2024-06-03 20:43:33,599 [INFO] ApiDb:274 - Set plugin database path to: /home/fredrikr/st/stm32cubeide_1.14.0/plugins/com.st.stm32cube.common.mx_6.10.0.202311202037//db//plugins/boardmanager/
2024-06-03 20:43:33,599 [WARN] ApiDb:259 - Overriding images path with different value:  => /home/fredrikr/st/stm32cubeide_1.14.0/plugins/com.st.stm32cube.common.mx_6.10.0.202311202037//db//plugins/mcufinder/images/
2024-06-03 20:43:33,604 [INFO] ApiDb:250 - Set database path to: /home/fredrikr/.stmcufinder/plugins/mcufinder//mcu/
2024-06-03 20:43:33,605 [INFO] DbMcusAds:125 - Set database path to: /home/fredrikr/.stmcufinder/plugins/mcufinder//mcu/
2024-06-03 20:43:33,613 [INFO] CrossReferenceDbSqlite:203 - Set database path to: /home/fredrikr/.stmcufinder/plugins/mcufinder//mcu/cs/
2024-06-03 20:43:33,678 [INFO] RulesReader:64 - Compatibility file has been processed (297 Rules)
2024-06-03 20:43:33,724 [INFO] DbMcusXml:78 - Set database path to: /home/fredrikr/st/stm32cubeide_1.14.0/plugins/com.st.stm32cube.common.mx_6.10.0.202311202037//db//mcu/
2024-06-03 20:43:33,724 [INFO] ApiDb:274 - Set plugin database path to: /home/fredrikr/st/stm32cubeide_1.14.0/plugins/com.st.stm32cube.common.mx_6.10.0.202311202037//db//plugins/boardmanager/
2024-06-03 20:43:33,724 [INFO] ApiDb:261 - Set plugin images path to: /home/fredrikr/st/stm32cubeide_1.14.0/plugins/com.st.stm32cube.common.mx_6.10.0.202311202037//db//plugins/mcufinder/images/
2024-06-03 20:43:33,724 [WARN] DbFile:41 - Overriding database path with different value: /home/fredrikr/.stmcufinder/plugins/mcufinder/ => /home/fredrikr/.stmcufinder/plugins/mcufinder
2024-06-03 20:43:33,724 [INFO] ApiDb:250 - Set database path to: /home/fredrikr/.stmcufinder/plugins/mcufinder//mcu/
2024-06-03 20:43:33,724 [WARN] DbFile:41 - Overriding database path with different value: /home/fredrikr/.stmcufinder/plugins/mcufinder/ => /home/fredrikr/.stmcufinder/plugins/mcufinder
2024-06-03 20:43:33,724 [INFO] DbMcusAds:125 - Set database path to: /home/fredrikr/.stmcufinder/plugins/mcufinder//mcu/
2024-06-03 20:43:33,724 [WARN] DbFile:41 - Overriding database path with different value: /home/fredrikr/.stmcufinder/plugins/mcufinder/ => /home/fredrikr/.stmcufinder/plugins/mcufinder
2024-06-03 20:43:33,724 [WARN] DbFile:41 - Overriding database path with different value: /home/fredrikr/.stmcufinder/plugins/mcufinder/ => /home/fredrikr/.stmcufinder/plugins/mcufinder
2024-06-03 20:43:33,725 [INFO] CrossReferenceDbSqlite:203 - Set database path to: /home/fredrikr/.stmcufinder/plugins/mcufinder//mcu/cs/
2024-06-03 20:43:33,770 [INFO] MainPanel:264 - HeapMemory: 268435456
2024-06-03 20:43:33,821 [INFO] DbMcusXml:78 - Set database path to: /home/fredrikr/st/stm32cubeide_1.14.0/plugins/com.st.stm32cube.common.mx_6.10.0.202311202037//db//mcu/
2024-06-03 20:43:33,821 [INFO] ApiDb:274 - Set plugin database path to: /home/fredrikr/st/stm32cubeide_1.14.0/plugins/com.st.stm32cube.common.mx_6.10.0.202311202037//db//plugins/boardmanager/
2024-06-03 20:43:33,821 [INFO] ApiDb:261 - Set plugin images path to: /home/fredrikr/st/stm32cubeide_1.14.0/plugins/com.st.stm32cube.common.mx_6.10.0.202311202037//db//plugins/mcufinder/images/
2024-06-03 20:43:33,822 [WARN] DbFile:41 - Overriding database path with different value: /home/fredrikr/.stmcufinder/plugins/mcufinder/ => /home/fredrikr/.stmcufinder/plugins/mcufinder
2024-06-03 20:43:33,822 [INFO] ApiDb:250 - Set database path to: /home/fredrikr/.stmcufinder/plugins/mcufinder//mcu/
2024-06-03 20:43:33,822 [WARN] DbFile:41 - Overriding database path with different value: /home/fredrikr/.stmcufinder/plugins/mcufinder/ => /home/fredrikr/.stmcufinder/plugins/mcufinder
2024-06-03 20:43:33,822 [INFO] DbMcusAds:125 - Set database path to: /home/fredrikr/.stmcufinder/plugins/mcufinder//mcu/
2024-06-03 20:43:33,822 [WARN] DbFile:41 - Overriding database path with different value: /home/fredrikr/.stmcufinder/plugins/mcufinder/ => /home/fredrikr/.stmcufinder/plugins/mcufinder
2024-06-03 20:43:33,822 [WARN] DbFile:41 - Overriding database path with different value: /home/fredrikr/.stmcufinder/plugins/mcufinder/ => /home/fredrikr/.stmcufinder/plugins/mcufinder
2024-06-03 20:43:33,822 [INFO] CrossReferenceDbSqlite:203 - Set database path to: /home/fredrikr/.stmcufinder/plugins/mcufinder//mcu/cs/
2024-06-03 20:43:33,830 [INFO] ApplicationProperties:184 - Using Application install path: /home/fredrikr/st/stm32cubeide_1.14.0/plugins/com.st.stm32cube.common.mx_6.10.0.202311202037
2024-06-03 20:43:33,831 [INFO] PluginManage:196 - Search for loadable plugins [exclusion list=, ]
2024-06-03 20:43:33,832 [INFO] PluginManage:310 - Check plugin analytics
2024-06-03 20:43:34,022 [INFO] AnalyticsPlugin:253 - Accepted Software Licenses: 
2024-06-03 20:43:34,022 [INFO] AnalyticsPlugin:255 - Accepted CMSIS Pack Licenses: 
2024-06-03 20:43:34,023 [INFO] AnalyticsPlugin:257 - Accepted Firmware Licenses: 
2024-06-03 20:43:34,024 [INFO] PluginManage:359 - Loaded plugin analytics (category:tool,tabindex:-1)
2024-06-03 20:43:34,024 [INFO] PluginManage:310 - Check plugin cadmodel
2024-06-03 20:43:34,045 [INFO] CADModel:105 - Init CAD model plugin
2024-06-03 20:43:34,045 [INFO] PluginManage:359 - Loaded plugin cadmodel (category:power,tabindex:5)
2024-06-03 20:43:34,045 [INFO] PluginManage:310 - Check plugin clock
2024-06-03 20:43:34,056 [INFO] PluginManage:359 - Loaded plugin clock (category:base,tabindex:2)
2024-06-03 20:43:34,056 [INFO] PluginManage:310 - Check plugin ddr
2024-06-03 20:43:34,058 [INFO] PluginManage:359 - Loaded plugin ddr (category:tool,tabindex:6)
2024-06-03 20:43:34,058 [INFO] PluginManage:310 - Check plugin filemanager
2024-06-03 20:43:34,156 [INFO] PluginManage:359 - Loaded plugin filemanager (category:base,tabindex:10)
2024-06-03 20:43:34,156 [INFO] PluginManage:310 - Check plugin ipmanager
2024-06-03 20:43:34,160 [INFO] PluginManage:359 - Loaded plugin ipmanager (category:base,tabindex:5)
2024-06-03 20:43:34,160 [INFO] PluginManage:310 - Check plugin lpbam
2024-06-03 20:43:34,169 [INFO] PluginManage:359 - Loaded plugin lpbam (category:base,tabindex:0)
2024-06-03 20:43:34,169 [INFO] PluginManage:310 - Check plugin memorymap
2024-06-03 20:43:34,178 [INFO] PluginManage:359 - Loaded plugin memorymap (category:base,tabindex:4)
2024-06-03 20:43:34,178 [INFO] PluginManage:310 - Check plugin pinoutandconfiguration
2024-06-03 20:43:34,186 [INFO] PluginManage:359 - Loaded plugin pinoutandconfiguration (category:base,tabindex:1)
2024-06-03 20:43:34,186 [INFO] PluginManage:310 - Check plugin pinoutconfig
2024-06-03 20:43:34,243 [WARN] SupportedApi:132 - Cannot load RTOS API schema: s4s-elt-must-match.1: The content of 'definitions' must match (annotation?, (simpleType | complexType)?, (unique | key | keyref)*)). A problem was found starting at: attribute.
2024-06-03 20:43:34,331 [INFO] PluginManage:359 - Loaded plugin pinoutconfig (category:base,tabindex:0)
2024-06-03 20:43:34,331 [INFO] PluginManage:310 - Check plugin power
2024-06-03 20:43:34,340 [INFO] PluginManage:359 - Loaded plugin power (category:power,tabindex:4)
2024-06-03 20:43:34,340 [INFO] PluginManage:310 - Check plugin projectmanager
2024-06-03 20:43:34,351 [INFO] PluginManage:359 - Loaded plugin projectmanager (category:projectmanager,tabindex:3)
2024-06-03 20:43:34,351 [INFO] PluginManage:310 - Check plugin thirdparty
2024-06-03 20:43:34,439 [INFO] PluginManage:359 - Loaded plugin thirdparty (category:base,tabindex:-1)
2024-06-03 20:43:34,439 [WARN] IntegrityCheckThread:84 - waiting for thirdparty lock release [integrity check]
2024-06-03 20:43:34,439 [INFO] PluginManage:310 - Check plugin tools
2024-06-03 20:43:34,439 [INFO] IntegrityCheckThread:86 - entering critical section [integrity check]
2024-06-03 20:43:34,439 [INFO] ThirdPartyUpdaterWithRetryManager:70 - Updater plugin not ready yet. [1/15]
2024-06-03 20:43:34,441 [INFO] PluginManage:359 - Loaded plugin tools (category:base,tabindex:7)
2024-06-03 20:43:34,441 [INFO] PluginManage:310 - Check plugin tutovideos
2024-06-03 20:43:34,557 [INFO] PluginManage:359 - Loaded plugin tutovideos (category:base,tabindex:-1)
2024-06-03 20:43:34,557 [INFO] PluginManage:310 - Check plugin updater
2024-06-03 20:43:34,567 [INFO] PluginManage:359 - Loaded plugin updater (category:base,tabindex:12)
2024-06-03 20:43:34,567 [INFO] PluginManage:310 - Check plugin userauth
2024-06-03 20:43:34,571 [INFO] UserAuth:114 - Init User Auth plugin
2024-06-03 20:43:34,571 [INFO] PluginManage:359 - Loaded plugin userauth (category:base,tabindex:14)
2024-06-03 20:43:34,572 [INFO] PluginManage:283 - PluginManage : Loaded plugins [17]
2024-06-03 20:43:34,698 [INFO] PinOutPanel:1499 - setPackage(No Configuration,No Configuration)
2024-06-03 20:43:34,738 [INFO] CADModel:165 - CPN selected for project level
2024-06-03 20:43:34,738 [INFO] CADModel:114 - Register for checkConnection events
2024-06-03 20:43:34,747 [INFO] IPUIPlugin:80 - create IPUIPlugin
2024-06-03 20:43:34,747 [INFO] PluginManager:220 - loadIPPluginJar : add ucpd
2024-06-03 20:43:34,753 [INFO] IPUIPlugin:80 - create IPUIPlugin
2024-06-03 20:43:34,753 [INFO] PluginManager:220 - loadIPPluginJar : add mdma
2024-06-03 20:43:34,755 [INFO] IPUIPlugin:80 - create IPUIPlugin
2024-06-03 20:43:34,755 [INFO] PluginManager:220 - loadIPPluginJar : add quadspi
2024-06-03 20:43:34,758 [INFO] IPUIPlugin:80 - create IPUIPlugin
2024-06-03 20:43:34,759 [INFO] PluginManager:220 - loadIPPluginJar : add usart
2024-06-03 20:43:34,764 [INFO] IPUIPlugin:80 - create IPUIPlugin
2024-06-03 20:43:34,765 [INFO] PluginManager:220 - loadIPPluginJar : add freertos
2024-06-03 20:43:34,767 [INFO] IPUIPlugin:80 - create IPUIPlugin
2024-06-03 20:43:34,767 [INFO] PluginManager:220 - loadIPPluginJar : add openamp
2024-06-03 20:43:34,772 [INFO] IPUIPlugin:80 - create IPUIPlugin
2024-06-03 20:43:34,772 [INFO] PluginManager:220 - loadIPPluginJar : add dma
2024-06-03 20:43:34,778 [INFO] IPUIPlugin:80 - create IPUIPlugin
2024-06-03 20:43:34,778 [INFO] PluginManager:220 - loadIPPluginJar : add adc
2024-06-03 20:43:34,782 [INFO] IPUIPlugin:80 - create IPUIPlugin
2024-06-03 20:43:34,782 [INFO] PluginManager:220 - loadIPPluginJar : add resmgrutility
2024-06-03 20:43:34,784 [INFO] IPUIPlugin:80 - create IPUIPlugin
2024-06-03 20:43:34,784 [INFO] PluginManager:220 - loadIPPluginJar : add dma3
2024-06-03 20:43:34,789 [INFO] IPUIPlugin:80 - create IPUIPlugin
2024-06-03 20:43:34,789 [INFO] PluginManager:220 - loadIPPluginJar : add gic
2024-06-03 20:43:34,796 [INFO] IPUIPlugin:80 - create IPUIPlugin
2024-06-03 20:43:34,796 [INFO] PluginManager:220 - loadIPPluginJar : add i2s
2024-06-03 20:43:34,798 [INFO] IPUIPlugin:80 - create IPUIPlugin
2024-06-03 20:43:34,798 [INFO] PluginManager:220 - loadIPPluginJar : add gfxmmu
2024-06-03 20:43:34,800 [INFO] IPUIPlugin:80 - create IPUIPlugin
2024-06-03 20:43:34,800 [INFO] PluginManager:220 - loadIPPluginJar : add fatfs
2024-06-03 20:43:34,803 [INFO] IPUIPlugin:80 - create IPUIPlugin
2024-06-03 20:43:34,803 [INFO] PluginManager:220 - loadIPPluginJar : add fmc
2024-06-03 20:43:34,805 [INFO] IPUIPlugin:80 - create IPUIPlugin
2024-06-03 20:43:34,805 [INFO] PluginManager:220 - loadIPPluginJar : add comp
2024-06-03 20:43:34,806 [INFO] IPUIPlugin:80 - create IPUIPlugin
2024-06-03 20:43:34,806 [INFO] PluginManager:220 - loadIPPluginJar : add aes
2024-06-03 20:43:34,811 [INFO] IPUIPlugin:80 - create IPUIPlugin
2024-06-03 20:43:34,811 [INFO] PluginManager:220 - loadIPPluginJar : add linkedlist
2024-06-03 20:43:34,813 [INFO] IPUIPlugin:80 - create IPUIPlugin
2024-06-03 20:43:34,814 [INFO] PluginManager:220 - loadIPPluginJar : add opamp
2024-06-03 20:43:34,815 [INFO] IPUIPlugin:80 - create IPUIPlugin
2024-06-03 20:43:34,815 [INFO] PluginManager:220 - loadIPPluginJar : add tsc
2024-06-03 20:43:34,817 [INFO] IPUIPlugin:80 - create IPUIPlugin
2024-06-03 20:43:34,817 [INFO] PluginManager:220 - loadIPPluginJar : add i3c
2024-06-03 20:43:34,820 [INFO] IPUIPlugin:80 - create IPUIPlugin
2024-06-03 20:43:34,820 [INFO] PluginManager:220 - loadIPPluginJar : add gtzc
2024-06-03 20:43:34,822 [INFO] IPUIPlugin:80 - create IPUIPlugin
2024-06-03 20:43:34,822 [INFO] PluginManager:220 - loadIPPluginJar : add pdm2pcm
2024-06-03 20:43:34,825 [INFO] IPUIPlugin:80 - create IPUIPlugin
2024-06-03 20:43:34,825 [INFO] PluginManager:220 - loadIPPluginJar : add touchsensing
2024-06-03 20:43:34,828 [INFO] IPUIPlugin:80 - create IPUIPlugin
2024-06-03 20:43:34,829 [INFO] PluginManager:220 - loadIPPluginJar : add nvic
2024-06-03 20:43:34,831 [INFO] IPUIPlugin:80 - create IPUIPlugin
2024-06-03 20:43:34,831 [INFO] PluginManager:220 - loadIPPluginJar : add lorawan
2024-06-03 20:43:34,833 [INFO] IPUIPlugin:80 - create IPUIPlugin
2024-06-03 20:43:34,833 [INFO] PluginManager:220 - loadIPPluginJar : add spi
2024-06-03 20:43:34,835 [INFO] IPUIPlugin:80 - create IPUIPlugin
2024-06-03 20:43:34,835 [INFO] PluginManager:220 - loadIPPluginJar : add i2c
2024-06-03 20:43:34,837 [INFO] IPUIPlugin:80 - create IPUIPlugin
2024-06-03 20:43:34,837 [INFO] PluginManager:220 - loadIPPluginJar : add cryp
2024-06-03 20:43:34,839 [INFO] IPUIPlugin:80 - create IPUIPlugin
2024-06-03 20:43:34,839 [INFO] PluginManager:220 - loadIPPluginJar : add dfsdm
2024-06-03 20:43:34,840 [INFO] IPUIPlugin:80 - create IPUIPlugin
2024-06-03 20:43:34,840 [INFO] PluginManager:220 - loadIPPluginJar : add ltdc
2024-06-03 20:43:34,841 [INFO] IPUIPlugin:80 - create IPUIPlugin
2024-06-03 20:43:34,841 [INFO] PluginManager:220 - loadIPPluginJar : add genericplugin
2024-06-03 20:43:34,842 [INFO] IPUIPlugin:80 - create IPUIPlugin
2024-06-03 20:43:34,842 [INFO] PluginManager:220 - loadIPPluginJar : add ts
2024-06-03 20:43:34,844 [INFO] IPUIPlugin:80 - create IPUIPlugin
2024-06-03 20:43:34,844 [INFO] PluginManager:220 - loadIPPluginJar : add hash
2024-06-03 20:43:34,848 [INFO] IPUIPlugin:80 - create IPUIPlugin
2024-06-03 20:43:34,848 [INFO] PluginManager:220 - loadIPPluginJar : add gpio
2024-06-03 20:43:34,851 [INFO] IPUIPlugin:80 - create IPUIPlugin
2024-06-03 20:43:34,851 [INFO] PluginManager:220 - loadIPPluginJar : add can
2024-06-03 20:43:34,854 [INFO] IPUIPlugin:80 - create IPUIPlugin
2024-06-03 20:43:34,855 [INFO] PluginManager:220 - loadIPPluginJar : add stm32_wpan
2024-06-03 20:43:34,857 [INFO] IPUIPlugin:80 - create IPUIPlugin
2024-06-03 20:43:34,857 [INFO] PluginManager:220 - loadIPPluginJar : add usbx
2024-06-03 20:43:34,859 [INFO] IPUIPlugin:80 - create IPUIPlugin
2024-06-03 20:43:34,859 [INFO] PluginManager:220 - loadIPPluginJar : add tim
2024-06-03 20:43:34,864 [INFO] IPUIPlugin:80 - create IPUIPlugin
2024-06-03 20:43:34,866 [INFO] PluginManager:220 - loadIPPluginJar : add plateformsettings
2024-06-03 20:43:34,869 [INFO] IPUIPlugin:80 - create IPUIPlugin
2024-06-03 20:43:34,869 [INFO] PluginManager:220 - loadIPPluginJar : add ipddr
2024-06-03 20:43:34,871 [INFO] IPUIPlugin:80 - create IPUIPlugin
2024-06-03 20:43:34,872 [INFO] PluginManager:220 - loadIPPluginJar : add sai
2024-06-03 20:43:34,873 [INFO] IPUIPlugin:80 - create IPUIPlugin
2024-06-03 20:43:34,873 [INFO] PluginManager:220 - loadIPPluginJar : add tracer_emb
2024-06-03 20:43:34,968 [INFO] CADModel:165 - CPN selected for project level
2024-06-03 20:43:34,968 [INFO] CADModel:114 - Register for checkConnection events
2024-06-03 20:43:34,968 [FATAL] Updater:308 - Updater called before beeing initialized
2024-06-03 20:43:34,968 [ERROR] CADModel:125 - Updater not yet initialized, retry later 
2024-06-03 20:43:35,052 [INFO] CADModel:165 - CPN selected for project level
2024-06-03 20:43:35,052 [INFO] CADModel:114 - Register for checkConnection events
2024-06-03 20:43:35,052 [FATAL] Updater:308 - Updater called before beeing initialized
2024-06-03 20:43:35,052 [ERROR] CADModel:125 - Updater not yet initialized, retry later 
2024-06-03 20:43:35,055 [FATAL] Updater:308 - Updater called before beeing initialized
2024-06-03 20:43:35,103 [FATAL] Updater:308 - Updater called before beeing initialized
2024-06-03 20:43:35,106 [INFO] DbMcusAds:53 - JSON generation date=Wed Nov 29 11:52:27 CET 2023 (1701255147349)
2024-06-03 20:43:35,106 [FATAL] Updater:308 - Updater called before beeing initialized
2024-06-03 20:43:35,137 [WARN] DetailPanel:346 - Failed to get advertising image, set to default
2024-06-03 20:43:35,202 [FATAL] Updater:308 - Updater called before beeing initialized
2024-06-03 20:43:35,203 [FATAL] Updater:308 - Updater called before beeing initialized
2024-06-03 20:43:35,203 [FATAL] Updater:308 - Updater called before beeing initialized
2024-06-03 20:43:35,203 [WARN] DetailPanel:346 - Failed to get advertising image, set to default
2024-06-03 20:43:35,204 [FATAL] Updater:308 - Updater called before beeing initialized
2024-06-03 20:43:35,225 [ERROR] Updater:1120 - MainUpdater not yet initialized. External WinMGr cannot be set.
2024-06-03 20:43:35,227 [INFO] Updater:1056 - Updater Version found : 6.10.0
2024-06-03 20:43:35,238 [INFO] ApplicationProperties:184 - Using Application install path: /home/fredrikr/st/stm32cubeide_1.14.0/plugins/com.st.stm32cube.common.mx_6.10.0.202311202037
2024-06-03 20:43:35,457 [INFO] MainUpdater:2873 - connection check result : 10
2024-06-03 20:43:35,457 [INFO] MainUpdater:3567 - Updater definition file requires update
2024-06-03 20:43:35,457 [INFO] MainUpdater:290 - Updater Check For Update Now.
2024-06-03 20:43:35,457 [INFO] MicroXplorer:498 - Change Database Version : DB.6.0.100
2024-06-03 20:43:35,580 [INFO] ServerAccessManage:473 - Download File updaters.zip
2024-06-03 20:43:35,643 [INFO] FileExtend:240 - Unzip File : updaters.zip
2024-06-03 20:43:35,643 [INFO] FileExtend:255 - Standard Zip Deflate
2024-06-03 20:43:35,822 [INFO] ServerAccessManage:473 - Download File PacksControlFlags.xml
2024-06-03 20:43:35,903 [INFO] ServerAccessManage:473 - Download File cubemx.pidx
2024-06-03 20:43:36,961 [INFO] ServerAccessManage:473 - Download File wolfSSL.I-CUBE-wolfMQTT.pdsc
2024-06-03 20:43:37,440 [WARN] MainUpdater:1194 - Updater busy. Cannot search thirdparties
2024-06-03 20:43:37,441 [INFO] ThirdPartyUpdaterWithRetryManager:96 - Updater plugin is busy. [1/15]
2024-06-03 20:43:37,584 [ERROR] ServerAccessManage:1089 - Problem, file not found on Server
2024-06-03 20:43:37,695 [WARN] PackLoader:240 - Cannot read IP mode file for wolfSSL.I-CUBE-wolfMQTT.1.18.0
2024-06-03 20:43:37,696 [INFO] PopulateThirdPartyThread:66 - Ending populate Thread
2024-06-03 20:43:37,697 [INFO] ThirdParty:1030 - CMSIS Pack Vendor :wolfSSL I-CUBE-wolfMQTT 1.18.0
2024-06-03 20:43:37,697 [INFO] LoadServerUpdatesThread:375 - End of LoadServerUpdate Thread
2024-06-03 20:43:37,815 [INFO] CheckServerUpdateThread:120 - End of CheckServer Thread
2024-06-03 20:43:37,869 [INFO] MainUpdater:2873 - connection check result : 10
2024-06-03 20:43:37,870 [INFO] MainUpdater:2873 - connection check result : 10
2024-06-03 20:43:40,507 [WARN] PackLoader:240 - Cannot read IP mode file for STMicroelectronics.FP-SNS-MOTENVWB1.1.4.0
2024-06-03 20:43:40,513 [WARN] PackLoader:240 - Cannot read IP mode file for STMicroelectronics.X-CUBE-SMBUS.2.1.0
2024-06-03 20:43:40,516 [WARN] PackLoader:240 - Cannot read IP mode file for STMicroelectronics.X-CUBE-TOUCHGFX.4.23.0
2024-06-03 20:43:40,519 [WARN] PackLoader:240 - Cannot read IP mode file for STMicroelectronics.X-CUBE-TOUCHGFX.4.23.2
2024-06-03 20:43:40,544 [WARN] PackLoader:240 - Cannot read IP mode file for STMicroelectronics.X-CUBE-AZRTOS-F7.1.1.0
2024-06-03 20:43:40,552 [WARN] PackLoader:240 - Cannot read IP mode file for STMicroelectronics.FP-SNS-MOTENV1.4.3.2
2024-06-03 20:43:40,557 [WARN] PackLoader:240 - Cannot read IP mode file for STMicroelectronics.FP-SNS-FLIGHT1.5.0.2
2024-06-03 20:43:40,564 [WARN] PackLoader:240 - Cannot read IP mode file for STMicroelectronics.X-CUBE-DISPLAY.3.0.0
2024-06-03 20:43:40,574 [WARN] PackLoader:240 - Cannot read IP mode file for STMicroelectronics.X-CUBE-BLE1.7.0.0
2024-06-03 20:43:40,578 [WARN] PackLoader:240 - Cannot read IP mode file for emotas.I-CUBE-CANOPEN.1.3.0
2024-06-03 20:43:40,588 [WARN] PackLoader:240 - Cannot read IP mode file for STMicroelectronics.X-CUBE-BLEMGR.3.1.0
2024-06-03 20:43:40,594 [WARN] PackLoader:240 - Cannot read IP mode file for STMicroelectronics.FP-SNS-SMARTAG2.1.2.0
2024-06-03 20:43:40,601 [INFO] LogOutputStream:77 - [STDOUT_REDIRECT] 1 : Invalid condition id : UX_CORESTACK_Condition cause : null
2024-06-03 20:43:40,601 [INFO] LogOutputStream:77 - [STDOUT_REDIRECT] 1 : Invalid condition id : UX_CORESTACK_Condition cause : null
2024-06-03 20:43:40,601 [INFO] LogOutputStream:77 - [STDOUT_REDIRECT] 1 : Invalid condition id : UX_CORESTACK_Condition cause : null
2024-06-03 20:43:40,602 [INFO] LogOutputStream:77 - [STDOUT_REDIRECT] 1 : Invalid condition id : UX_CORESTACK_Condition cause : null
2024-06-03 20:43:40,602 [INFO] LogOutputStream:77 - [STDOUT_REDIRECT] 1 : Invalid condition id : UX_CORESTACK_Condition cause : null
2024-06-03 20:43:40,606 [WARN] PackLoader:240 - Cannot read IP mode file for STMicroelectronics.X-CUBE-AZRTOS-WL.2.0.0
2024-06-03 20:43:40,611 [WARN] PackLoader:240 - Cannot read IP mode file for STMicroelectronics.FP-SNS-MOTENV1.5.0.0
2024-06-03 20:43:40,617 [WARN] PackLoader:240 - Cannot read IP mode file for WES.I-CUBE-Cesium.1.3.0
2024-06-03 20:43:40,620 [WARN] PackLoader:240 - Cannot read IP mode file for STMicroelectronics.X-CUBE-BLE2.3.3.0
2024-06-03 20:43:40,624 [WARN] PackLoader:240 - Cannot read IP mode file for STMicroelectronics.X-CUBE-TCPP.4.1.0
2024-06-03 20:43:40,629 [WARN] PackLoader:240 - Cannot read IP mode file for STMicroelectronics.X-CUBE-ALGOBUILD.1.3.0
2024-06-03 20:43:40,641 [WARN] PackLoader:240 - Cannot read IP mode file for STMicroelectronics.X-CUBE-AZRTOS-G0.1.1.0
2024-06-03 20:43:40,646 [WARN] PackLoader:240 - Cannot read IP mode file for STMicroelectronics.X-CUBE-SAFEA1.1.2.2
2024-06-03 20:43:40,650 [WARN] PackLoader:240 - Cannot read IP mode file for STMicroelectronics.X-CUBE-NFC4.3.0.0
2024-06-03 20:43:40,652 [WARN] PackLoader:240 - Cannot read IP mode file for wolfSSL.I-CUBE-wolfMQTT.1.18.0
2024-06-03 20:43:40,658 [WARN] PackLoader:240 - Cannot read IP mode file for STMicroelectronics.X-CUBE-BLEMGR.3.0.0
2024-06-03 20:43:40,661 [WARN] PackLoader:240 - Cannot read IP mode file for STMicroelectronics.FP-ATR-SIGFOX1.3.2.0
2024-06-03 20:43:40,665 [WARN] PackLoader:240 - Cannot read IP mode file for STMicroelectronics.X-CUBE-EEPRMA1.5.1.0
2024-06-03 20:43:40,690 [WARN] PackLoader:240 - Cannot read IP mode file for SEGGER.I-CUBE-embOS.1.3.1
2024-06-03 20:43:40,737 [WARN] PackLoader:240 - Cannot read IP mode file for STMicroelectronics.X-CUBE-ALGOBUILD.1.4.0
2024-06-03 20:43:40,740 [WARN] PackLoader:240 - Cannot read IP mode file for STMicroelectronics.X-CUBE-GNSS1.6.0.0
2024-06-03 20:43:40,752 [WARN] PackLoader:240 - Cannot read IP mode file for STMicroelectronics.X-CUBE-AZRTOS-F4.1.1.0
2024-06-03 20:43:40,757 [WARN] PackLoader:240 - Cannot read IP mode file for STMicroelectronics.X-CUBE-FREERTOS.1.2.0
2024-06-03 20:43:40,760 [WARN] PackLoader:240 - Cannot read IP mode file for wolfSSL.I-CUBE-wolfSSL.5.6.6
2024-06-03 20:43:40,771 [WARN] PackLoader:240 - Cannot read IP mode file for STMicroelectronics.X-CUBE-AZRTOS-L5.2.0.0
2024-06-03 20:43:40,776 [WARN] PackLoader:240 - Cannot read IP mode file for STMicroelectronics.X-CUBE-EEPRMA1.4.2.0
2024-06-03 20:43:40,781 [WARN] PackLoader:240 - Cannot read IP mode file for STMicroelectronics.X-CUBE-NFC6.3.1.0
2024-06-03 20:43:40,785 [WARN] PackLoader:240 - Cannot read IP mode file for ITTIA_DB.I-CUBE-ITTIADB.8.8.0
2024-06-03 20:43:40,787 [WARN] PackLoader:240 - Cannot read IP mode file for STMicroelectronics.X-CUBE-AI.9.0.0
2024-06-03 20:43:40,790 [WARN] PackLoader:240 - Cannot read IP mode file for STMicroelectronics.X-CUBE-NFC7.1.0.1
2024-06-03 20:43:40,794 [WARN] PackLoader:240 - Cannot read IP mode file for STMicroelectronics.X-CUBE-NFC6.3.0.0
2024-06-03 20:43:40,798 [WARN] PackLoader:240 - Cannot read IP mode file for STMicroelectronics.X-CUBE-AI.8.1.0
2024-06-03 20:43:40,810 [WARN] ConditionMgr:438 - getConditionDescription Invalid condition id : LAN8742 Phy interface Condition cause : null
2024-06-03 20:43:40,811 [WARN] PackLoader:240 - Cannot read IP mode file for STMicroelectronics.X-CUBE-AZRTOS-L4.2.0.0
2024-06-03 20:43:40,812 [WARN] ConditionMgr:1039 - genDependencies : Invalid condition id : LAN8742 Phy interface Condition cause : null
2024-06-03 20:43:40,812 [WARN] ConditionMgr:1039 - genDependencies : Invalid condition id : LAN8742 Phy interface Condition cause : null
2024-06-03 20:43:40,813 [WARN] ConditionMgr:1039 - genDependencies : Invalid condition id : LAN8742 Phy interface Condition cause : null
2024-06-03 20:43:40,817 [WARN] PackLoader:240 - Cannot read IP mode file for STMicroelectronics.X-CUBE-SFXS2LP1.4.0.0
2024-06-03 20:43:40,826 [WARN] ConditionMgr:438 - getConditionDescription Invalid condition id : UX DEVICE CLASS RTOS Condition cause : null
2024-06-03 20:43:40,826 [WARN] ConditionMgr:438 - getConditionDescription Invalid condition id : UX DEVICE CLASS RTOS Condition cause : null
2024-06-03 20:43:40,828 [WARN] PackLoader:240 - Cannot read IP mode file for STMicroelectronics.X-CUBE-AZRTOS-WB.2.0.0
2024-06-03 20:43:40,828 [WARN] ConditionMgr:1039 - genDependencies : Invalid condition id : UX DEVICE CLASS RTOS Condition cause : null
2024-06-03 20:43:40,829 [WARN] ConditionMgr:1039 - genDependencies : Invalid condition id : UX DEVICE CLASS RTOS Condition cause : null
2024-06-03 20:43:40,829 [WARN] ConditionMgr:1039 - genDependencies : Invalid condition id : UX DEVICE CLASS RTOS Condition cause : null
2024-06-03 20:43:40,829 [WARN] ConditionMgr:1039 - genDependencies : Invalid condition id : UX DEVICE CLASS RTOS Condition cause : null
2024-06-03 20:43:40,829 [WARN] ConditionMgr:1039 - genDependencies : Invalid condition id : UX DEVICE CLASS RTOS Condition cause : null
2024-06-03 20:43:40,836 [WARN] PackLoader:240 - Cannot read IP mode file for STMicroelectronics.X-CUBE-SUBG2.5.0.0
2024-06-03 20:43:40,849 [WARN] PackLoader:240 - Cannot read IP mode file for STMicroelectronics.X-CUBE-AZRTOS-G4.2.0.0
2024-06-03 20:43:40,858 [WARN] PackLoader:240 - Cannot read IP mode file for Infineon.AIROC-Wi-Fi-Bluetooth-STM32.1.5.1
2024-06-03 20:43:40,863 [WARN] PackLoader:240 - Cannot read IP mode file for STMicroelectronics.FP-SNS-MOTENVWB1.1.3.1
2024-06-03 20:43:40,866 [WARN] PackLoader:240 - Cannot read IP mode file for STMicroelectronics.X-CUBE-ISPU.2.0.0
2024-06-03 20:43:40,868 [WARN] PackLoader:240 - Cannot read IP mode file for STMicroelectronics.X-CUBE-ALS.1.0.2
2024-06-03 20:43:40,893 [WARN] PackLoader:240 - Cannot read IP mode file for STMicroelectronics.X-CUBE-MEMS1.10.0.0
2024-06-03 20:43:40,995 [WARN] PackLoader:240 - Cannot read IP mode file for STMicroelectronics.X-CUBE-FREERTOS.1.1.0
2024-06-03 20:43:40,998 [WARN] PackLoader:240 - Cannot read IP mode file for portGmbH.I-Cube-SoM-uGOAL.1.1.0
2024-06-03 20:43:41,000 [WARN] PackLoader:240 - Cannot read IP mode file for STMicroelectronics.X-CUBE-ALS.1.0.1
2024-06-03 20:43:41,010 [WARN] PackLoader:240 - Cannot read IP mode file for STMicroelectronics.X-CUBE-AZRTOS-H7RS.1.0.0
2024-06-03 20:43:41,013 [WARN] PackLoader:240 - Cannot read IP mode file for STMicroelectronics.FP-ATR-ASTRA1.2.0.0
2024-06-03 20:43:41,018 [WARN] PackLoader:240 - Cannot read IP mode file for STMicroelectronics.X-CUBE-TOF1.3.4.0
2024-06-03 20:43:41,030 [WARN] PackLoader:240 - Cannot read IP mode file for STMicroelectronics.X-CUBE-TOF1.3.4.1
2024-06-03 20:43:41,047 [WARN] PackLoader:240 - Cannot read IP mode file for STMicroelectronics.X-CUBE-AZRTOS-H7.3.2.0
2024-06-03 20:43:41,049 [INFO] ThirdParty:978 - Integrity check success = true
2024-06-03 20:43:41,049 [INFO] IntegrityCheckThread:100 - exiting critical section [integrity check]
2024-06-03 20:43:41,049 [INFO] IntegrityCheckThread:103 - End integrity checks thread
