2024-02-07 19:20:13,290 [INFO] Activator:176 - 


2024-02-07 19:20:13,293 [INFO] Activator:177 - !SESSION log4j initialized
2024-02-07 19:20:14,856 [INFO] ApplicationProperties:184 - Using Application install path: /home/fredrikr/st/stm32cubeide_1.14.0/plugins/com.st.stm32cube.common.mx_6.10.0.202311202037
2024-02-07 19:20:14,865 [INFO] DbMcusXml:78 - Set database path to: /home/fredrikr/st/stm32cubeide_1.14.0/plugins/com.st.stm32cube.common.mx_6.10.0.202311202037//db//mcu/
2024-02-07 19:20:14,866 [INFO] ApiDb:274 - Set plugin database path to: /home/fredrikr/st/stm32cubeide_1.14.0/plugins/com.st.stm32cube.common.mx_6.10.0.202311202037//db//plugins/boardmanager/
2024-02-07 19:20:14,866 [WARN] ApiDb:259 - Overriding images path with different value:  => /home/fredrikr/st/stm32cubeide_1.14.0/plugins/com.st.stm32cube.common.mx_6.10.0.202311202037//db//plugins/mcufinder/images/
2024-02-07 19:20:14,871 [INFO] ApiDb:250 - Set database path to: /home/fredrikr/.stmcufinder/plugins/mcufinder//mcu/
2024-02-07 19:20:14,872 [INFO] DbMcusAds:125 - Set database path to: /home/fredrikr/.stmcufinder/plugins/mcufinder//mcu/
2024-02-07 19:20:14,976 [INFO] CrossReferenceDbSqlite:203 - Set database path to: /home/fredrikr/.stmcufinder/plugins/mcufinder//mcu/cs/
2024-02-07 19:20:15,078 [INFO] RulesReader:64 - Compatibility file has been processed (297 Rules)
2024-02-07 19:20:15,123 [INFO] DbMcusXml:78 - Set database path to: /home/fredrikr/st/stm32cubeide_1.14.0/plugins/com.st.stm32cube.common.mx_6.10.0.202311202037//db//mcu/
2024-02-07 19:20:15,123 [INFO] ApiDb:274 - Set plugin database path to: /home/fredrikr/st/stm32cubeide_1.14.0/plugins/com.st.stm32cube.common.mx_6.10.0.202311202037//db//plugins/boardmanager/
2024-02-07 19:20:15,123 [INFO] ApiDb:261 - Set plugin images path to: /home/fredrikr/st/stm32cubeide_1.14.0/plugins/com.st.stm32cube.common.mx_6.10.0.202311202037//db//plugins/mcufinder/images/
2024-02-07 19:20:15,123 [WARN] DbFile:41 - Overriding database path with different value: /home/fredrikr/.stmcufinder/plugins/mcufinder/ => /home/fredrikr/.stmcufinder/plugins/mcufinder
2024-02-07 19:20:15,123 [INFO] ApiDb:250 - Set database path to: /home/fredrikr/.stmcufinder/plugins/mcufinder//mcu/
2024-02-07 19:20:15,123 [WARN] DbFile:41 - Overriding database path with different value: /home/fredrikr/.stmcufinder/plugins/mcufinder/ => /home/fredrikr/.stmcufinder/plugins/mcufinder
2024-02-07 19:20:15,123 [INFO] DbMcusAds:125 - Set database path to: /home/fredrikr/.stmcufinder/plugins/mcufinder//mcu/
2024-02-07 19:20:15,123 [WARN] DbFile:41 - Overriding database path with different value: /home/fredrikr/.stmcufinder/plugins/mcufinder/ => /home/fredrikr/.stmcufinder/plugins/mcufinder
2024-02-07 19:20:15,123 [WARN] DbFile:41 - Overriding database path with different value: /home/fredrikr/.stmcufinder/plugins/mcufinder/ => /home/fredrikr/.stmcufinder/plugins/mcufinder
2024-02-07 19:20:15,124 [INFO] CrossReferenceDbSqlite:203 - Set database path to: /home/fredrikr/.stmcufinder/plugins/mcufinder//mcu/cs/
2024-02-07 19:20:15,179 [INFO] MainPanel:264 - HeapMemory: 268435456
2024-02-07 19:20:15,237 [INFO] DbMcusXml:78 - Set database path to: /home/fredrikr/st/stm32cubeide_1.14.0/plugins/com.st.stm32cube.common.mx_6.10.0.202311202037//db//mcu/
2024-02-07 19:20:15,238 [INFO] ApiDb:274 - Set plugin database path to: /home/fredrikr/st/stm32cubeide_1.14.0/plugins/com.st.stm32cube.common.mx_6.10.0.202311202037//db//plugins/boardmanager/
2024-02-07 19:20:15,238 [INFO] ApiDb:261 - Set plugin images path to: /home/fredrikr/st/stm32cubeide_1.14.0/plugins/com.st.stm32cube.common.mx_6.10.0.202311202037//db//plugins/mcufinder/images/
2024-02-07 19:20:15,238 [WARN] DbFile:41 - Overriding database path with different value: /home/fredrikr/.stmcufinder/plugins/mcufinder/ => /home/fredrikr/.stmcufinder/plugins/mcufinder
2024-02-07 19:20:15,238 [INFO] ApiDb:250 - Set database path to: /home/fredrikr/.stmcufinder/plugins/mcufinder//mcu/
2024-02-07 19:20:15,238 [WARN] DbFile:41 - Overriding database path with different value: /home/fredrikr/.stmcufinder/plugins/mcufinder/ => /home/fredrikr/.stmcufinder/plugins/mcufinder
2024-02-07 19:20:15,238 [INFO] DbMcusAds:125 - Set database path to: /home/fredrikr/.stmcufinder/plugins/mcufinder//mcu/
2024-02-07 19:20:15,238 [WARN] DbFile:41 - Overriding database path with different value: /home/fredrikr/.stmcufinder/plugins/mcufinder/ => /home/fredrikr/.stmcufinder/plugins/mcufinder
2024-02-07 19:20:15,238 [WARN] DbFile:41 - Overriding database path with different value: /home/fredrikr/.stmcufinder/plugins/mcufinder/ => /home/fredrikr/.stmcufinder/plugins/mcufinder
2024-02-07 19:20:15,238 [INFO] CrossReferenceDbSqlite:203 - Set database path to: /home/fredrikr/.stmcufinder/plugins/mcufinder//mcu/cs/
2024-02-07 19:20:15,247 [INFO] ApplicationProperties:184 - Using Application install path: /home/fredrikr/st/stm32cubeide_1.14.0/plugins/com.st.stm32cube.common.mx_6.10.0.202311202037
2024-02-07 19:20:15,248 [INFO] PluginManage:196 - Search for loadable plugins [exclusion list=, ]
2024-02-07 19:20:15,249 [INFO] PluginManage:310 - Check plugin analytics
2024-02-07 19:20:15,430 [INFO] AnalyticsPlugin:253 - Accepted Software Licenses: 
2024-02-07 19:20:15,430 [INFO] AnalyticsPlugin:255 - Accepted CMSIS Pack Licenses: 
2024-02-07 19:20:15,430 [INFO] AnalyticsPlugin:257 - Accepted Firmware Licenses: 
2024-02-07 19:20:15,432 [INFO] PluginManage:359 - Loaded plugin analytics (category:tool,tabindex:-1)
2024-02-07 19:20:15,432 [INFO] PluginManage:310 - Check plugin cadmodel
2024-02-07 19:20:15,452 [INFO] CADModel:105 - Init CAD model plugin
2024-02-07 19:20:15,453 [INFO] PluginManage:359 - Loaded plugin cadmodel (category:power,tabindex:5)
2024-02-07 19:20:15,453 [INFO] PluginManage:310 - Check plugin clock
2024-02-07 19:20:15,462 [INFO] PluginManage:359 - Loaded plugin clock (category:base,tabindex:2)
2024-02-07 19:20:15,462 [INFO] PluginManage:310 - Check plugin ddr
2024-02-07 19:20:15,464 [INFO] PluginManage:359 - Loaded plugin ddr (category:tool,tabindex:6)
2024-02-07 19:20:15,464 [INFO] PluginManage:310 - Check plugin filemanager
2024-02-07 19:20:15,562 [INFO] PluginManage:359 - Loaded plugin filemanager (category:base,tabindex:10)
2024-02-07 19:20:15,563 [INFO] PluginManage:310 - Check plugin ipmanager
2024-02-07 19:20:15,567 [INFO] PluginManage:359 - Loaded plugin ipmanager (category:base,tabindex:5)
2024-02-07 19:20:15,567 [INFO] PluginManage:310 - Check plugin lpbam
2024-02-07 19:20:15,574 [INFO] PluginManage:359 - Loaded plugin lpbam (category:base,tabindex:0)
2024-02-07 19:20:15,574 [INFO] PluginManage:310 - Check plugin memorymap
2024-02-07 19:20:15,581 [INFO] PluginManage:359 - Loaded plugin memorymap (category:base,tabindex:4)
2024-02-07 19:20:15,582 [INFO] PluginManage:310 - Check plugin pinoutandconfiguration
2024-02-07 19:20:15,589 [INFO] PluginManage:359 - Loaded plugin pinoutandconfiguration (category:base,tabindex:1)
2024-02-07 19:20:15,589 [INFO] PluginManage:310 - Check plugin pinoutconfig
2024-02-07 19:20:15,654 [WARN] SupportedApi:132 - Cannot load RTOS API schema: s4s-elt-must-match.1: The content of 'definitions' must match (annotation?, (simpleType | complexType)?, (unique | key | keyref)*)). A problem was found starting at: attribute.
2024-02-07 19:20:15,753 [INFO] PluginManage:359 - Loaded plugin pinoutconfig (category:base,tabindex:0)
2024-02-07 19:20:15,754 [INFO] PluginManage:310 - Check plugin power
2024-02-07 19:20:15,764 [INFO] PluginManage:359 - Loaded plugin power (category:power,tabindex:4)
2024-02-07 19:20:15,764 [INFO] PluginManage:310 - Check plugin projectmanager
2024-02-07 19:20:15,775 [INFO] PluginManage:359 - Loaded plugin projectmanager (category:projectmanager,tabindex:3)
2024-02-07 19:20:15,775 [INFO] PluginManage:310 - Check plugin thirdparty
2024-02-07 19:20:15,848 [INFO] PluginManage:359 - Loaded plugin thirdparty (category:base,tabindex:-1)
2024-02-07 19:20:15,848 [WARN] IntegrityCheckThread:84 - waiting for thirdparty lock release [integrity check]
2024-02-07 19:20:15,848 [INFO] PluginManage:310 - Check plugin tools
2024-02-07 19:20:15,848 [INFO] IntegrityCheckThread:86 - entering critical section [integrity check]
2024-02-07 19:20:15,849 [INFO] ThirdPartyUpdaterWithRetryManager:70 - Updater plugin not ready yet. [1/15]
2024-02-07 19:20:15,850 [INFO] PluginManage:359 - Loaded plugin tools (category:base,tabindex:7)
2024-02-07 19:20:15,850 [INFO] PluginManage:310 - Check plugin tutovideos
2024-02-07 19:20:15,965 [INFO] PluginManage:359 - Loaded plugin tutovideos (category:base,tabindex:-1)
2024-02-07 19:20:15,965 [INFO] PluginManage:310 - Check plugin updater
2024-02-07 19:20:15,975 [INFO] PluginManage:359 - Loaded plugin updater (category:base,tabindex:12)
2024-02-07 19:20:15,975 [INFO] PluginManage:310 - Check plugin userauth
2024-02-07 19:20:15,985 [INFO] UserAuth:114 - Init User Auth plugin
2024-02-07 19:20:15,985 [INFO] PluginManage:359 - Loaded plugin userauth (category:base,tabindex:14)
2024-02-07 19:20:15,985 [INFO] PluginManage:283 - PluginManage : Loaded plugins [17]
2024-02-07 19:20:16,128 [INFO] PinOutPanel:1499 - setPackage(No Configuration,No Configuration)
2024-02-07 19:20:16,169 [INFO] CADModel:165 - CPN selected for project level
2024-02-07 19:20:16,169 [INFO] CADModel:114 - Register for checkConnection events
2024-02-07 19:20:16,176 [INFO] IPUIPlugin:80 - create IPUIPlugin
2024-02-07 19:20:16,177 [INFO] PluginManager:220 - loadIPPluginJar : add ucpd
2024-02-07 19:20:16,199 [INFO] IPUIPlugin:80 - create IPUIPlugin
2024-02-07 19:20:16,200 [INFO] PluginManager:220 - loadIPPluginJar : add mdma
2024-02-07 19:20:16,201 [INFO] IPUIPlugin:80 - create IPUIPlugin
2024-02-07 19:20:16,201 [INFO] PluginManager:220 - loadIPPluginJar : add quadspi
2024-02-07 19:20:16,204 [INFO] IPUIPlugin:80 - create IPUIPlugin
2024-02-07 19:20:16,204 [INFO] PluginManager:220 - loadIPPluginJar : add usart
2024-02-07 19:20:16,210 [INFO] IPUIPlugin:80 - create IPUIPlugin
2024-02-07 19:20:16,210 [INFO] PluginManager:220 - loadIPPluginJar : add freertos
2024-02-07 19:20:16,212 [INFO] IPUIPlugin:80 - create IPUIPlugin
2024-02-07 19:20:16,212 [INFO] PluginManager:220 - loadIPPluginJar : add openamp
2024-02-07 19:20:16,216 [INFO] IPUIPlugin:80 - create IPUIPlugin
2024-02-07 19:20:16,216 [INFO] PluginManager:220 - loadIPPluginJar : add dma
2024-02-07 19:20:16,221 [INFO] IPUIPlugin:80 - create IPUIPlugin
2024-02-07 19:20:16,222 [INFO] PluginManager:220 - loadIPPluginJar : add adc
2024-02-07 19:20:16,225 [INFO] IPUIPlugin:80 - create IPUIPlugin
2024-02-07 19:20:16,225 [INFO] PluginManager:220 - loadIPPluginJar : add resmgrutility
2024-02-07 19:20:16,227 [INFO] IPUIPlugin:80 - create IPUIPlugin
2024-02-07 19:20:16,227 [INFO] PluginManager:220 - loadIPPluginJar : add dma3
2024-02-07 19:20:16,230 [INFO] IPUIPlugin:80 - create IPUIPlugin
2024-02-07 19:20:16,230 [INFO] PluginManager:220 - loadIPPluginJar : add gic
2024-02-07 19:20:16,232 [INFO] IPUIPlugin:80 - create IPUIPlugin
2024-02-07 19:20:16,232 [INFO] PluginManager:220 - loadIPPluginJar : add i2s
2024-02-07 19:20:16,233 [INFO] IPUIPlugin:80 - create IPUIPlugin
2024-02-07 19:20:16,233 [INFO] PluginManager:220 - loadIPPluginJar : add gfxmmu
2024-02-07 19:20:16,234 [INFO] IPUIPlugin:80 - create IPUIPlugin
2024-02-07 19:20:16,234 [INFO] PluginManager:220 - loadIPPluginJar : add fatfs
2024-02-07 19:20:16,237 [INFO] IPUIPlugin:80 - create IPUIPlugin
2024-02-07 19:20:16,237 [INFO] PluginManager:220 - loadIPPluginJar : add fmc
2024-02-07 19:20:16,238 [INFO] IPUIPlugin:80 - create IPUIPlugin
2024-02-07 19:20:16,238 [INFO] PluginManager:220 - loadIPPluginJar : add comp
2024-02-07 19:20:16,240 [INFO] IPUIPlugin:80 - create IPUIPlugin
2024-02-07 19:20:16,240 [INFO] PluginManager:220 - loadIPPluginJar : add aes
2024-02-07 19:20:16,244 [INFO] IPUIPlugin:80 - create IPUIPlugin
2024-02-07 19:20:16,245 [INFO] PluginManager:220 - loadIPPluginJar : add linkedlist
2024-02-07 19:20:16,246 [INFO] IPUIPlugin:80 - create IPUIPlugin
2024-02-07 19:20:16,246 [INFO] PluginManager:220 - loadIPPluginJar : add opamp
2024-02-07 19:20:16,248 [INFO] IPUIPlugin:80 - create IPUIPlugin
2024-02-07 19:20:16,248 [INFO] PluginManager:220 - loadIPPluginJar : add tsc
2024-02-07 19:20:16,250 [INFO] IPUIPlugin:80 - create IPUIPlugin
2024-02-07 19:20:16,250 [INFO] PluginManager:220 - loadIPPluginJar : add i3c
2024-02-07 19:20:16,252 [INFO] IPUIPlugin:80 - create IPUIPlugin
2024-02-07 19:20:16,252 [INFO] PluginManager:220 - loadIPPluginJar : add gtzc
2024-02-07 19:20:16,254 [INFO] IPUIPlugin:80 - create IPUIPlugin
2024-02-07 19:20:16,254 [INFO] PluginManager:220 - loadIPPluginJar : add pdm2pcm
2024-02-07 19:20:16,256 [INFO] IPUIPlugin:80 - create IPUIPlugin
2024-02-07 19:20:16,256 [INFO] PluginManager:220 - loadIPPluginJar : add touchsensing
2024-02-07 19:20:16,259 [INFO] IPUIPlugin:80 - create IPUIPlugin
2024-02-07 19:20:16,260 [INFO] PluginManager:220 - loadIPPluginJar : add nvic
2024-02-07 19:20:16,261 [INFO] IPUIPlugin:80 - create IPUIPlugin
2024-02-07 19:20:16,261 [INFO] PluginManager:220 - loadIPPluginJar : add lorawan
2024-02-07 19:20:16,263 [INFO] IPUIPlugin:80 - create IPUIPlugin
2024-02-07 19:20:16,263 [INFO] PluginManager:220 - loadIPPluginJar : add spi
2024-02-07 19:20:16,265 [INFO] IPUIPlugin:80 - create IPUIPlugin
2024-02-07 19:20:16,265 [INFO] PluginManager:220 - loadIPPluginJar : add i2c
2024-02-07 19:20:16,266 [INFO] IPUIPlugin:80 - create IPUIPlugin
2024-02-07 19:20:16,267 [INFO] PluginManager:220 - loadIPPluginJar : add cryp
2024-02-07 19:20:16,268 [INFO] IPUIPlugin:80 - create IPUIPlugin
2024-02-07 19:20:16,268 [INFO] PluginManager:220 - loadIPPluginJar : add dfsdm
2024-02-07 19:20:16,269 [INFO] IPUIPlugin:80 - create IPUIPlugin
2024-02-07 19:20:16,269 [INFO] PluginManager:220 - loadIPPluginJar : add ltdc
2024-02-07 19:20:16,270 [INFO] IPUIPlugin:80 - create IPUIPlugin
2024-02-07 19:20:16,270 [INFO] PluginManager:220 - loadIPPluginJar : add genericplugin
2024-02-07 19:20:16,271 [INFO] IPUIPlugin:80 - create IPUIPlugin
2024-02-07 19:20:16,271 [INFO] PluginManager:220 - loadIPPluginJar : add ts
2024-02-07 19:20:16,272 [INFO] IPUIPlugin:80 - create IPUIPlugin
2024-02-07 19:20:16,272 [INFO] PluginManager:220 - loadIPPluginJar : add hash
2024-02-07 19:20:16,276 [INFO] IPUIPlugin:80 - create IPUIPlugin
2024-02-07 19:20:16,276 [INFO] PluginManager:220 - loadIPPluginJar : add gpio
2024-02-07 19:20:16,278 [INFO] IPUIPlugin:80 - create IPUIPlugin
2024-02-07 19:20:16,278 [INFO] PluginManager:220 - loadIPPluginJar : add can
2024-02-07 19:20:16,281 [INFO] IPUIPlugin:80 - create IPUIPlugin
2024-02-07 19:20:16,281 [INFO] PluginManager:220 - loadIPPluginJar : add stm32_wpan
2024-02-07 19:20:16,283 [INFO] IPUIPlugin:80 - create IPUIPlugin
2024-02-07 19:20:16,283 [INFO] PluginManager:220 - loadIPPluginJar : add usbx
2024-02-07 19:20:16,285 [INFO] IPUIPlugin:80 - create IPUIPlugin
2024-02-07 19:20:16,285 [INFO] PluginManager:220 - loadIPPluginJar : add tim
2024-02-07 19:20:16,289 [INFO] IPUIPlugin:80 - create IPUIPlugin
2024-02-07 19:20:16,291 [INFO] PluginManager:220 - loadIPPluginJar : add plateformsettings
2024-02-07 19:20:16,293 [INFO] IPUIPlugin:80 - create IPUIPlugin
2024-02-07 19:20:16,293 [INFO] PluginManager:220 - loadIPPluginJar : add ipddr
2024-02-07 19:20:16,296 [INFO] IPUIPlugin:80 - create IPUIPlugin
2024-02-07 19:20:16,296 [INFO] PluginManager:220 - loadIPPluginJar : add sai
2024-02-07 19:20:16,297 [INFO] IPUIPlugin:80 - create IPUIPlugin
2024-02-07 19:20:16,297 [INFO] PluginManager:220 - loadIPPluginJar : add tracer_emb
2024-02-07 19:20:16,398 [INFO] CADModel:165 - CPN selected for project level
2024-02-07 19:20:16,399 [INFO] CADModel:114 - Register for checkConnection events
2024-02-07 19:20:16,399 [FATAL] Updater:308 - Updater called before beeing initialized
2024-02-07 19:20:16,399 [ERROR] CADModel:125 - Updater not yet initialized, retry later 
2024-02-07 19:20:16,491 [INFO] CADModel:165 - CPN selected for project level
2024-02-07 19:20:16,491 [INFO] CADModel:114 - Register for checkConnection events
2024-02-07 19:20:16,491 [FATAL] Updater:308 - Updater called before beeing initialized
2024-02-07 19:20:16,491 [ERROR] CADModel:125 - Updater not yet initialized, retry later 
2024-02-07 19:20:16,493 [FATAL] Updater:308 - Updater called before beeing initialized
2024-02-07 19:20:16,540 [FATAL] Updater:308 - Updater called before beeing initialized
2024-02-07 19:20:16,543 [INFO] DbMcusAds:53 - JSON generation date=Wed Nov 29 11:52:27 CET 2023 (1701255147349)
2024-02-07 19:20:16,543 [FATAL] Updater:308 - Updater called before beeing initialized
2024-02-07 19:20:16,572 [WARN] DetailPanel:346 - Failed to get advertising image, set to default
2024-02-07 19:20:16,631 [FATAL] Updater:308 - Updater called before beeing initialized
2024-02-07 19:20:16,632 [FATAL] Updater:308 - Updater called before beeing initialized
2024-02-07 19:20:16,632 [FATAL] Updater:308 - Updater called before beeing initialized
2024-02-07 19:20:16,632 [WARN] DetailPanel:346 - Failed to get advertising image, set to default
2024-02-07 19:20:16,632 [FATAL] Updater:308 - Updater called before beeing initialized
2024-02-07 19:20:16,655 [ERROR] Updater:1120 - MainUpdater not yet initialized. External WinMGr cannot be set.
2024-02-07 19:20:16,656 [INFO] Updater:1056 - Updater Version found : 6.10.0
2024-02-07 19:20:16,669 [INFO] ApplicationProperties:184 - Using Application install path: /home/fredrikr/st/stm32cubeide_1.14.0/plugins/com.st.stm32cube.common.mx_6.10.0.202311202037
2024-02-07 19:20:16,897 [INFO] MainUpdater:2873 - connection check result : 10
2024-02-07 19:20:16,898 [INFO] MainUpdater:290 - Updater Check For Update Now.
2024-02-07 19:20:16,898 [INFO] MicroXplorer:498 - Change Database Version : DB.6.0.100
2024-02-07 19:20:17,060 [INFO] CheckServerUpdateThread:120 - End of CheckServer Thread
2024-02-07 19:20:17,116 [INFO] MainUpdater:2873 - connection check result : 10
2024-02-07 19:20:17,117 [INFO] MainUpdater:2873 - connection check result : 10
2024-02-07 19:20:18,914 [WARN] PackLoader:240 - Cannot read IP mode file for STMicroelectronics.X-CUBE-SMBUS.2.1.0
2024-02-07 19:20:18,917 [WARN] PackLoader:240 - Cannot read IP mode file for STMicroelectronics.X-CUBE-TOUCHGFX.4.23.0
2024-02-07 19:20:18,939 [WARN] PackLoader:240 - Cannot read IP mode file for STMicroelectronics.X-CUBE-AZRTOS-F7.1.1.0
2024-02-07 19:20:18,950 [WARN] PackLoader:240 - Cannot read IP mode file for STMicroelectronics.FP-SNS-MOTENV1.4.3.2
2024-02-07 19:20:18,956 [WARN] PackLoader:240 - Cannot read IP mode file for STMicroelectronics.FP-SNS-FLIGHT1.5.0.2
2024-02-07 19:20:18,968 [WARN] PackLoader:240 - Cannot read IP mode file for STMicroelectronics.X-CUBE-DISPLAY.3.0.0
2024-02-07 19:20:18,977 [WARN] PackLoader:240 - Cannot read IP mode file for STMicroelectronics.X-CUBE-BLE1.7.0.0
2024-02-07 19:20:18,981 [WARN] PackLoader:240 - Cannot read IP mode file for emotas.I-CUBE-CANOPEN.1.3.0
2024-02-07 19:20:18,985 [WARN] PackLoader:240 - Cannot read IP mode file for STMicroelectronics.FP-SNS-SMARTAG2.1.2.0
2024-02-07 19:20:18,993 [INFO] LogOutputStream:77 - [STDOUT_REDIRECT] 1 : Invalid condition id : UX_CORESTACK_Condition cause : null
2024-02-07 19:20:18,993 [INFO] LogOutputStream:77 - [STDOUT_REDIRECT] 1 : Invalid condition id : UX_CORESTACK_Condition cause : null
2024-02-07 19:20:18,993 [INFO] LogOutputStream:77 - [STDOUT_REDIRECT] 1 : Invalid condition id : UX_CORESTACK_Condition cause : null
2024-02-07 19:20:18,994 [INFO] LogOutputStream:77 - [STDOUT_REDIRECT] 1 : Invalid condition id : UX_CORESTACK_Condition cause : null
2024-02-07 19:20:18,994 [INFO] LogOutputStream:77 - [STDOUT_REDIRECT] 1 : Invalid condition id : UX_CORESTACK_Condition cause : null
2024-02-07 19:20:18,998 [WARN] PackLoader:240 - Cannot read IP mode file for STMicroelectronics.X-CUBE-AZRTOS-WL.2.0.0
2024-02-07 19:20:19,005 [WARN] PackLoader:240 - Cannot read IP mode file for WES.I-CUBE-Cesium.1.3.0
2024-02-07 19:20:19,008 [WARN] PackLoader:240 - Cannot read IP mode file for STMicroelectronics.X-CUBE-BLE2.3.3.0
2024-02-07 19:20:19,013 [WARN] PackLoader:240 - Cannot read IP mode file for STMicroelectronics.X-CUBE-ALGOBUILD.1.3.0
2024-02-07 19:20:19,028 [WARN] PackLoader:240 - Cannot read IP mode file for STMicroelectronics.X-CUBE-AZRTOS-G0.1.1.0
2024-02-07 19:20:19,034 [WARN] PackLoader:240 - Cannot read IP mode file for STMicroelectronics.X-CUBE-NFC4.3.0.0
2024-02-07 19:20:19,043 [WARN] PackLoader:240 - Cannot read IP mode file for STMicroelectronics.X-CUBE-BLEMGR.3.0.0
2024-02-07 19:20:19,048 [WARN] PackLoader:240 - Cannot read IP mode file for STMicroelectronics.FP-ATR-SIGFOX1.3.2.0
2024-02-07 19:20:19,051 [WARN] PackLoader:240 - Cannot read IP mode file for STMicroelectronics.X-CUBE-EEPRMA1.5.1.0
2024-02-07 19:20:19,071 [WARN] PackLoader:240 - Cannot read IP mode file for SEGGER.I-CUBE-embOS.1.3.1
2024-02-07 19:20:19,108 [WARN] PackLoader:240 - Cannot read IP mode file for STMicroelectronics.X-CUBE-GNSS1.6.0.0
2024-02-07 19:20:19,125 [WARN] PackLoader:240 - Cannot read IP mode file for STMicroelectronics.X-CUBE-AZRTOS-F4.1.1.0
2024-02-07 19:20:19,131 [WARN] PackLoader:240 - Cannot read IP mode file for wolfSSL.I-CUBE-wolfSSL.5.6.6
2024-02-07 19:20:19,142 [WARN] PackLoader:240 - Cannot read IP mode file for STMicroelectronics.X-CUBE-AZRTOS-L5.2.0.0
2024-02-07 19:20:19,146 [WARN] PackLoader:240 - Cannot read IP mode file for STMicroelectronics.X-CUBE-EEPRMA1.4.2.0
2024-02-07 19:20:19,149 [WARN] PackLoader:240 - Cannot read IP mode file for ITTIA_DB.I-CUBE-ITTIADB.8.8.0
2024-02-07 19:20:19,151 [WARN] PackLoader:240 - Cannot read IP mode file for STMicroelectronics.X-CUBE-NFC7.1.0.1
2024-02-07 19:20:19,156 [WARN] PackLoader:240 - Cannot read IP mode file for STMicroelectronics.X-CUBE-NFC6.3.0.0
2024-02-07 19:20:19,159 [WARN] PackLoader:240 - Cannot read IP mode file for STMicroelectronics.X-CUBE-AI.8.1.0
2024-02-07 19:20:19,170 [WARN] ConditionMgr:438 - getConditionDescription Invalid condition id : LAN8742 Phy interface Condition cause : null
2024-02-07 19:20:19,170 [WARN] PackLoader:240 - Cannot read IP mode file for STMicroelectronics.X-CUBE-AZRTOS-L4.2.0.0
2024-02-07 19:20:19,171 [WARN] ConditionMgr:1039 - genDependencies : Invalid condition id : LAN8742 Phy interface Condition cause : null
2024-02-07 19:20:19,172 [WARN] ConditionMgr:1039 - genDependencies : Invalid condition id : LAN8742 Phy interface Condition cause : null
2024-02-07 19:20:19,172 [WARN] ConditionMgr:1039 - genDependencies : Invalid condition id : LAN8742 Phy interface Condition cause : null
2024-02-07 19:20:19,176 [WARN] PackLoader:240 - Cannot read IP mode file for STMicroelectronics.X-CUBE-SFXS2LP1.4.0.0
2024-02-07 19:20:19,184 [WARN] ConditionMgr:438 - getConditionDescription Invalid condition id : UX DEVICE CLASS RTOS Condition cause : null
2024-02-07 19:20:19,184 [WARN] ConditionMgr:438 - getConditionDescription Invalid condition id : UX DEVICE CLASS RTOS Condition cause : null
2024-02-07 19:20:19,186 [WARN] PackLoader:240 - Cannot read IP mode file for STMicroelectronics.X-CUBE-AZRTOS-WB.2.0.0
2024-02-07 19:20:19,186 [WARN] ConditionMgr:1039 - genDependencies : Invalid condition id : UX DEVICE CLASS RTOS Condition cause : null
2024-02-07 19:20:19,186 [WARN] ConditionMgr:1039 - genDependencies : Invalid condition id : UX DEVICE CLASS RTOS Condition cause : null
2024-02-07 19:20:19,186 [WARN] ConditionMgr:1039 - genDependencies : Invalid condition id : UX DEVICE CLASS RTOS Condition cause : null
2024-02-07 19:20:19,187 [WARN] ConditionMgr:1039 - genDependencies : Invalid condition id : UX DEVICE CLASS RTOS Condition cause : null
2024-02-07 19:20:19,187 [WARN] ConditionMgr:1039 - genDependencies : Invalid condition id : UX DEVICE CLASS RTOS Condition cause : null
2024-02-07 19:20:19,192 [WARN] PackLoader:240 - Cannot read IP mode file for STMicroelectronics.X-CUBE-SUBG2.5.0.0
2024-02-07 19:20:19,204 [WARN] PackLoader:240 - Cannot read IP mode file for STMicroelectronics.X-CUBE-AZRTOS-G4.2.0.0
2024-02-07 19:20:19,216 [WARN] PackLoader:240 - Cannot read IP mode file for Infineon.AIROC-Wi-Fi-Bluetooth-STM32.1.5.1
2024-02-07 19:20:19,223 [WARN] PackLoader:240 - Cannot read IP mode file for STMicroelectronics.FP-SNS-MOTENVWB1.1.3.1
2024-02-07 19:20:19,234 [WARN] PackLoader:240 - Cannot read IP mode file for STMicroelectronics.X-CUBE-ISPU.2.0.0
2024-02-07 19:20:19,258 [WARN] PackLoader:240 - Cannot read IP mode file for STMicroelectronics.X-CUBE-MEMS1.10.0.0
2024-02-07 19:20:19,365 [WARN] PackLoader:240 - Cannot read IP mode file for STMicroelectronics.X-CUBE-FREERTOS.1.1.0
2024-02-07 19:20:19,368 [WARN] PackLoader:240 - Cannot read IP mode file for portGmbH.I-Cube-SoM-uGOAL.1.1.0
2024-02-07 19:20:19,370 [WARN] PackLoader:240 - Cannot read IP mode file for STMicroelectronics.X-CUBE-ALS.1.0.1
2024-02-07 19:20:19,372 [WARN] PackLoader:240 - Cannot read IP mode file for STMicroelectronics.FP-ATR-ASTRA1.2.0.0
2024-02-07 19:20:19,378 [WARN] PackLoader:240 - Cannot read IP mode file for STMicroelectronics.X-CUBE-TOF1.3.4.0
2024-02-07 19:20:19,394 [WARN] PackLoader:240 - Cannot read IP mode file for STMicroelectronics.X-CUBE-AZRTOS-H7.3.2.0
2024-02-07 19:20:19,396 [INFO] ThirdParty:978 - Integrity check success = true
2024-02-07 19:20:19,396 [INFO] IntegrityCheckThread:100 - exiting critical section [integrity check]
2024-02-07 19:20:19,396 [INFO] IntegrityCheckThread:103 - End integrity checks thread
2024-02-07 19:27:06,727 [INFO] Activator:176 - 


2024-02-07 19:27:06,728 [INFO] Activator:177 - !SESSION log4j initialized
2024-02-07 19:27:07,640 [INFO] LogOutputStream:77 - [STDOUT_REDIRECT] 
2024-02-07 19:27:08,926 [INFO] ApplicationProperties:184 - Using Application install path: /home/fredrikr/st/stm32cubeide_1.14.0/plugins/com.st.stm32cube.common.mx_6.10.0.202311202037
2024-02-07 19:27:08,937 [INFO] DbMcusXml:78 - Set database path to: /home/fredrikr/st/stm32cubeide_1.14.0/plugins/com.st.stm32cube.common.mx_6.10.0.202311202037//db//mcu/
2024-02-07 19:27:08,937 [INFO] ApiDb:274 - Set plugin database path to: /home/fredrikr/st/stm32cubeide_1.14.0/plugins/com.st.stm32cube.common.mx_6.10.0.202311202037//db//plugins/boardmanager/
2024-02-07 19:27:08,937 [WARN] ApiDb:259 - Overriding images path with different value:  => /home/fredrikr/st/stm32cubeide_1.14.0/plugins/com.st.stm32cube.common.mx_6.10.0.202311202037//db//plugins/mcufinder/images/
2024-02-07 19:27:08,940 [INFO] ApiDb:250 - Set database path to: /home/fredrikr/.stmcufinder/plugins/mcufinder//mcu/
2024-02-07 19:27:08,940 [INFO] DbMcusAds:125 - Set database path to: /home/fredrikr/.stmcufinder/plugins/mcufinder//mcu/
2024-02-07 19:27:08,941 [INFO] CrossReferenceDbSqlite:203 - Set database path to: /home/fredrikr/.stmcufinder/plugins/mcufinder//mcu/cs/
2024-02-07 19:27:09,016 [INFO] RulesReader:64 - Compatibility file has been processed (297 Rules)
2024-02-07 19:27:09,052 [INFO] DbMcusXml:78 - Set database path to: /home/fredrikr/st/stm32cubeide_1.14.0/plugins/com.st.stm32cube.common.mx_6.10.0.202311202037//db//mcu/
2024-02-07 19:27:09,052 [INFO] ApiDb:274 - Set plugin database path to: /home/fredrikr/st/stm32cubeide_1.14.0/plugins/com.st.stm32cube.common.mx_6.10.0.202311202037//db//plugins/boardmanager/
2024-02-07 19:27:09,052 [INFO] ApiDb:261 - Set plugin images path to: /home/fredrikr/st/stm32cubeide_1.14.0/plugins/com.st.stm32cube.common.mx_6.10.0.202311202037//db//plugins/mcufinder/images/
2024-02-07 19:27:09,052 [WARN] DbFile:41 - Overriding database path with different value: /home/fredrikr/.stmcufinder/plugins/mcufinder/ => /home/fredrikr/.stmcufinder/plugins/mcufinder
2024-02-07 19:27:09,052 [INFO] ApiDb:250 - Set database path to: /home/fredrikr/.stmcufinder/plugins/mcufinder//mcu/
2024-02-07 19:27:09,052 [WARN] DbFile:41 - Overriding database path with different value: /home/fredrikr/.stmcufinder/plugins/mcufinder/ => /home/fredrikr/.stmcufinder/plugins/mcufinder
2024-02-07 19:27:09,052 [INFO] DbMcusAds:125 - Set database path to: /home/fredrikr/.stmcufinder/plugins/mcufinder//mcu/
2024-02-07 19:27:09,053 [WARN] DbFile:41 - Overriding database path with different value: /home/fredrikr/.stmcufinder/plugins/mcufinder/ => /home/fredrikr/.stmcufinder/plugins/mcufinder
2024-02-07 19:27:09,053 [WARN] DbFile:41 - Overriding database path with different value: /home/fredrikr/.stmcufinder/plugins/mcufinder/ => /home/fredrikr/.stmcufinder/plugins/mcufinder
2024-02-07 19:27:09,053 [INFO] CrossReferenceDbSqlite:203 - Set database path to: /home/fredrikr/.stmcufinder/plugins/mcufinder//mcu/cs/
2024-02-07 19:27:09,091 [INFO] MainPanel:264 - HeapMemory: 268435456
2024-02-07 19:27:09,138 [INFO] DbMcusXml:78 - Set database path to: /home/fredrikr/st/stm32cubeide_1.14.0/plugins/com.st.stm32cube.common.mx_6.10.0.202311202037//db//mcu/
2024-02-07 19:27:09,138 [INFO] ApiDb:274 - Set plugin database path to: /home/fredrikr/st/stm32cubeide_1.14.0/plugins/com.st.stm32cube.common.mx_6.10.0.202311202037//db//plugins/boardmanager/
2024-02-07 19:27:09,138 [INFO] ApiDb:261 - Set plugin images path to: /home/fredrikr/st/stm32cubeide_1.14.0/plugins/com.st.stm32cube.common.mx_6.10.0.202311202037//db//plugins/mcufinder/images/
2024-02-07 19:27:09,138 [WARN] DbFile:41 - Overriding database path with different value: /home/fredrikr/.stmcufinder/plugins/mcufinder/ => /home/fredrikr/.stmcufinder/plugins/mcufinder
2024-02-07 19:27:09,138 [INFO] ApiDb:250 - Set database path to: /home/fredrikr/.stmcufinder/plugins/mcufinder//mcu/
2024-02-07 19:27:09,138 [WARN] DbFile:41 - Overriding database path with different value: /home/fredrikr/.stmcufinder/plugins/mcufinder/ => /home/fredrikr/.stmcufinder/plugins/mcufinder
2024-02-07 19:27:09,138 [INFO] DbMcusAds:125 - Set database path to: /home/fredrikr/.stmcufinder/plugins/mcufinder//mcu/
2024-02-07 19:27:09,138 [WARN] DbFile:41 - Overriding database path with different value: /home/fredrikr/.stmcufinder/plugins/mcufinder/ => /home/fredrikr/.stmcufinder/plugins/mcufinder
2024-02-07 19:27:09,138 [WARN] DbFile:41 - Overriding database path with different value: /home/fredrikr/.stmcufinder/plugins/mcufinder/ => /home/fredrikr/.stmcufinder/plugins/mcufinder
2024-02-07 19:27:09,138 [INFO] CrossReferenceDbSqlite:203 - Set database path to: /home/fredrikr/.stmcufinder/plugins/mcufinder//mcu/cs/
2024-02-07 19:27:09,147 [INFO] ApplicationProperties:184 - Using Application install path: /home/fredrikr/st/stm32cubeide_1.14.0/plugins/com.st.stm32cube.common.mx_6.10.0.202311202037
2024-02-07 19:27:09,148 [INFO] PluginManage:196 - Search for loadable plugins [exclusion list=, ]
2024-02-07 19:27:09,149 [INFO] PluginManage:310 - Check plugin analytics
2024-02-07 19:27:09,247 [INFO] AnalyticsPlugin:253 - Accepted Software Licenses: 
2024-02-07 19:27:09,247 [INFO] AnalyticsPlugin:255 - Accepted CMSIS Pack Licenses: 
2024-02-07 19:27:09,247 [INFO] AnalyticsPlugin:257 - Accepted Firmware Licenses: 
2024-02-07 19:27:09,248 [INFO] PluginManage:359 - Loaded plugin analytics (category:tool,tabindex:-1)
2024-02-07 19:27:09,249 [INFO] PluginManage:310 - Check plugin cadmodel
2024-02-07 19:27:09,264 [INFO] CADModel:105 - Init CAD model plugin
2024-02-07 19:27:09,264 [INFO] PluginManage:359 - Loaded plugin cadmodel (category:power,tabindex:5)
2024-02-07 19:27:09,264 [INFO] PluginManage:310 - Check plugin clock
2024-02-07 19:27:09,270 [INFO] PluginManage:359 - Loaded plugin clock (category:base,tabindex:2)
2024-02-07 19:27:09,270 [INFO] PluginManage:310 - Check plugin ddr
2024-02-07 19:27:09,271 [INFO] PluginManage:359 - Loaded plugin ddr (category:tool,tabindex:6)
2024-02-07 19:27:09,272 [INFO] PluginManage:310 - Check plugin filemanager
2024-02-07 19:27:09,364 [INFO] PluginManage:359 - Loaded plugin filemanager (category:base,tabindex:10)
2024-02-07 19:27:09,365 [INFO] PluginManage:310 - Check plugin ipmanager
2024-02-07 19:27:09,368 [INFO] PluginManage:359 - Loaded plugin ipmanager (category:base,tabindex:5)
2024-02-07 19:27:09,368 [INFO] PluginManage:310 - Check plugin lpbam
2024-02-07 19:27:09,373 [INFO] PluginManage:359 - Loaded plugin lpbam (category:base,tabindex:0)
2024-02-07 19:27:09,373 [INFO] PluginManage:310 - Check plugin memorymap
2024-02-07 19:27:09,379 [INFO] PluginManage:359 - Loaded plugin memorymap (category:base,tabindex:4)
2024-02-07 19:27:09,379 [INFO] PluginManage:310 - Check plugin pinoutandconfiguration
2024-02-07 19:27:09,383 [INFO] PluginManage:359 - Loaded plugin pinoutandconfiguration (category:base,tabindex:1)
2024-02-07 19:27:09,383 [INFO] PluginManage:310 - Check plugin pinoutconfig
2024-02-07 19:27:09,433 [WARN] SupportedApi:132 - Cannot load RTOS API schema: s4s-elt-must-match.1: The content of 'definitions' must match (annotation?, (simpleType | complexType)?, (unique | key | keyref)*)). A problem was found starting at: attribute.
2024-02-07 19:27:09,543 [INFO] PluginManage:359 - Loaded plugin pinoutconfig (category:base,tabindex:0)
2024-02-07 19:27:09,543 [INFO] PluginManage:310 - Check plugin power
2024-02-07 19:27:09,547 [INFO] PluginManage:359 - Loaded plugin power (category:power,tabindex:4)
2024-02-07 19:27:09,548 [INFO] PluginManage:310 - Check plugin projectmanager
2024-02-07 19:27:09,556 [INFO] PluginManage:359 - Loaded plugin projectmanager (category:projectmanager,tabindex:3)
2024-02-07 19:27:09,556 [INFO] PluginManage:310 - Check plugin thirdparty
2024-02-07 19:27:09,623 [INFO] PluginManage:359 - Loaded plugin thirdparty (category:base,tabindex:-1)
2024-02-07 19:27:09,623 [WARN] IntegrityCheckThread:84 - waiting for thirdparty lock release [integrity check]
2024-02-07 19:27:09,623 [INFO] PluginManage:310 - Check plugin tools
2024-02-07 19:27:09,623 [INFO] IntegrityCheckThread:86 - entering critical section [integrity check]
2024-02-07 19:27:09,623 [INFO] ThirdPartyUpdaterWithRetryManager:70 - Updater plugin not ready yet. [1/15]
2024-02-07 19:27:09,624 [INFO] PluginManage:359 - Loaded plugin tools (category:base,tabindex:7)
2024-02-07 19:27:09,624 [INFO] PluginManage:310 - Check plugin tutovideos
2024-02-07 19:27:09,727 [INFO] PluginManage:359 - Loaded plugin tutovideos (category:base,tabindex:-1)
2024-02-07 19:27:09,727 [INFO] PluginManage:310 - Check plugin updater
2024-02-07 19:27:09,733 [INFO] PluginManage:359 - Loaded plugin updater (category:base,tabindex:12)
2024-02-07 19:27:09,733 [INFO] PluginManage:310 - Check plugin userauth
2024-02-07 19:27:09,737 [INFO] UserAuth:114 - Init User Auth plugin
2024-02-07 19:27:09,737 [INFO] PluginManage:359 - Loaded plugin userauth (category:base,tabindex:14)
2024-02-07 19:27:09,737 [INFO] PluginManage:283 - PluginManage : Loaded plugins [17]
2024-02-07 19:27:09,843 [INFO] PinOutPanel:1499 - setPackage(No Configuration,No Configuration)
2024-02-07 19:27:09,876 [INFO] CADModel:165 - CPN selected for project level
2024-02-07 19:27:09,876 [INFO] CADModel:114 - Register for checkConnection events
2024-02-07 19:27:09,881 [INFO] IPUIPlugin:80 - create IPUIPlugin
2024-02-07 19:27:09,881 [INFO] PluginManager:220 - loadIPPluginJar : add ucpd
2024-02-07 19:27:09,884 [INFO] IPUIPlugin:80 - create IPUIPlugin
2024-02-07 19:27:09,884 [INFO] PluginManager:220 - loadIPPluginJar : add mdma
2024-02-07 19:27:09,885 [INFO] IPUIPlugin:80 - create IPUIPlugin
2024-02-07 19:27:09,885 [INFO] PluginManager:220 - loadIPPluginJar : add quadspi
2024-02-07 19:27:09,887 [INFO] IPUIPlugin:80 - create IPUIPlugin
2024-02-07 19:27:09,887 [INFO] PluginManager:220 - loadIPPluginJar : add usart
2024-02-07 19:27:09,890 [INFO] IPUIPlugin:80 - create IPUIPlugin
2024-02-07 19:27:09,890 [INFO] PluginManager:220 - loadIPPluginJar : add freertos
2024-02-07 19:27:09,891 [INFO] IPUIPlugin:80 - create IPUIPlugin
2024-02-07 19:27:09,891 [INFO] PluginManager:220 - loadIPPluginJar : add openamp
2024-02-07 19:27:09,895 [INFO] IPUIPlugin:80 - create IPUIPlugin
2024-02-07 19:27:09,895 [INFO] PluginManager:220 - loadIPPluginJar : add dma
2024-02-07 19:27:09,898 [INFO] IPUIPlugin:80 - create IPUIPlugin
2024-02-07 19:27:09,899 [INFO] PluginManager:220 - loadIPPluginJar : add adc
2024-02-07 19:27:09,900 [INFO] IPUIPlugin:80 - create IPUIPlugin
2024-02-07 19:27:09,900 [INFO] PluginManager:220 - loadIPPluginJar : add resmgrutility
2024-02-07 19:27:09,901 [INFO] IPUIPlugin:80 - create IPUIPlugin
2024-02-07 19:27:09,901 [INFO] PluginManager:220 - loadIPPluginJar : add dma3
2024-02-07 19:27:09,904 [INFO] IPUIPlugin:80 - create IPUIPlugin
2024-02-07 19:27:09,904 [INFO] PluginManager:220 - loadIPPluginJar : add gic
2024-02-07 19:27:09,905 [INFO] IPUIPlugin:80 - create IPUIPlugin
2024-02-07 19:27:09,905 [INFO] PluginManager:220 - loadIPPluginJar : add i2s
2024-02-07 19:27:09,905 [INFO] IPUIPlugin:80 - create IPUIPlugin
2024-02-07 19:27:09,905 [INFO] PluginManager:220 - loadIPPluginJar : add gfxmmu
2024-02-07 19:27:09,906 [INFO] IPUIPlugin:80 - create IPUIPlugin
2024-02-07 19:27:09,906 [INFO] PluginManager:220 - loadIPPluginJar : add fatfs
2024-02-07 19:27:09,908 [INFO] IPUIPlugin:80 - create IPUIPlugin
2024-02-07 19:27:09,908 [INFO] PluginManager:220 - loadIPPluginJar : add fmc
2024-02-07 19:27:09,909 [INFO] IPUIPlugin:80 - create IPUIPlugin
2024-02-07 19:27:09,909 [INFO] PluginManager:220 - loadIPPluginJar : add comp
2024-02-07 19:27:09,910 [INFO] IPUIPlugin:80 - create IPUIPlugin
2024-02-07 19:27:09,910 [INFO] PluginManager:220 - loadIPPluginJar : add aes
2024-02-07 19:27:09,914 [INFO] IPUIPlugin:80 - create IPUIPlugin
2024-02-07 19:27:09,914 [INFO] PluginManager:220 - loadIPPluginJar : add linkedlist
2024-02-07 19:27:09,915 [INFO] IPUIPlugin:80 - create IPUIPlugin
2024-02-07 19:27:09,915 [INFO] PluginManager:220 - loadIPPluginJar : add opamp
2024-02-07 19:27:09,915 [INFO] IPUIPlugin:80 - create IPUIPlugin
2024-02-07 19:27:09,915 [INFO] PluginManager:220 - loadIPPluginJar : add tsc
2024-02-07 19:27:09,916 [INFO] IPUIPlugin:80 - create IPUIPlugin
2024-02-07 19:27:09,917 [INFO] PluginManager:220 - loadIPPluginJar : add i3c
2024-02-07 19:27:09,918 [INFO] IPUIPlugin:80 - create IPUIPlugin
2024-02-07 19:27:09,918 [INFO] PluginManager:220 - loadIPPluginJar : add gtzc
2024-02-07 19:27:09,919 [INFO] IPUIPlugin:80 - create IPUIPlugin
2024-02-07 19:27:09,919 [INFO] PluginManager:220 - loadIPPluginJar : add pdm2pcm
2024-02-07 19:27:09,920 [INFO] IPUIPlugin:80 - create IPUIPlugin
2024-02-07 19:27:09,920 [INFO] PluginManager:220 - loadIPPluginJar : add touchsensing
2024-02-07 19:27:09,922 [INFO] IPUIPlugin:80 - create IPUIPlugin
2024-02-07 19:27:09,922 [INFO] PluginManager:220 - loadIPPluginJar : add nvic
2024-02-07 19:27:09,923 [INFO] IPUIPlugin:80 - create IPUIPlugin
2024-02-07 19:27:09,923 [INFO] PluginManager:220 - loadIPPluginJar : add lorawan
2024-02-07 19:27:09,924 [INFO] IPUIPlugin:80 - create IPUIPlugin
2024-02-07 19:27:09,924 [INFO] PluginManager:220 - loadIPPluginJar : add spi
2024-02-07 19:27:09,925 [INFO] IPUIPlugin:80 - create IPUIPlugin
2024-02-07 19:27:09,925 [INFO] PluginManager:220 - loadIPPluginJar : add i2c
2024-02-07 19:27:09,926 [INFO] IPUIPlugin:80 - create IPUIPlugin
2024-02-07 19:27:09,926 [INFO] PluginManager:220 - loadIPPluginJar : add cryp
2024-02-07 19:27:09,927 [INFO] IPUIPlugin:80 - create IPUIPlugin
2024-02-07 19:27:09,927 [INFO] PluginManager:220 - loadIPPluginJar : add dfsdm
2024-02-07 19:27:09,927 [INFO] IPUIPlugin:80 - create IPUIPlugin
2024-02-07 19:27:09,928 [INFO] PluginManager:220 - loadIPPluginJar : add ltdc
2024-02-07 19:27:09,928 [INFO] IPUIPlugin:80 - create IPUIPlugin
2024-02-07 19:27:09,928 [INFO] PluginManager:220 - loadIPPluginJar : add genericplugin
2024-02-07 19:27:09,929 [INFO] IPUIPlugin:80 - create IPUIPlugin
2024-02-07 19:27:09,929 [INFO] PluginManager:220 - loadIPPluginJar : add ts
2024-02-07 19:27:09,930 [INFO] IPUIPlugin:80 - create IPUIPlugin
2024-02-07 19:27:09,930 [INFO] PluginManager:220 - loadIPPluginJar : add hash
2024-02-07 19:27:09,932 [INFO] IPUIPlugin:80 - create IPUIPlugin
2024-02-07 19:27:09,932 [INFO] PluginManager:220 - loadIPPluginJar : add gpio
2024-02-07 19:27:09,933 [INFO] IPUIPlugin:80 - create IPUIPlugin
2024-02-07 19:27:09,933 [INFO] PluginManager:220 - loadIPPluginJar : add can
2024-02-07 19:27:09,935 [INFO] IPUIPlugin:80 - create IPUIPlugin
2024-02-07 19:27:09,935 [INFO] PluginManager:220 - loadIPPluginJar : add stm32_wpan
2024-02-07 19:27:09,936 [INFO] IPUIPlugin:80 - create IPUIPlugin
2024-02-07 19:27:09,937 [INFO] PluginManager:220 - loadIPPluginJar : add usbx
2024-02-07 19:27:09,937 [INFO] IPUIPlugin:80 - create IPUIPlugin
2024-02-07 19:27:09,937 [INFO] PluginManager:220 - loadIPPluginJar : add tim
2024-02-07 19:27:09,940 [INFO] IPUIPlugin:80 - create IPUIPlugin
2024-02-07 19:27:09,942 [INFO] PluginManager:220 - loadIPPluginJar : add plateformsettings
2024-02-07 19:27:09,943 [INFO] IPUIPlugin:80 - create IPUIPlugin
2024-02-07 19:27:09,943 [INFO] PluginManager:220 - loadIPPluginJar : add ipddr
2024-02-07 19:27:09,944 [INFO] IPUIPlugin:80 - create IPUIPlugin
2024-02-07 19:27:09,945 [INFO] PluginManager:220 - loadIPPluginJar : add sai
2024-02-07 19:27:09,945 [INFO] IPUIPlugin:80 - create IPUIPlugin
2024-02-07 19:27:09,945 [INFO] PluginManager:220 - loadIPPluginJar : add tracer_emb
2024-02-07 19:27:10,035 [INFO] CADModel:165 - CPN selected for project level
2024-02-07 19:27:10,035 [INFO] CADModel:114 - Register for checkConnection events
2024-02-07 19:27:10,035 [FATAL] Updater:308 - Updater called before beeing initialized
2024-02-07 19:27:10,036 [ERROR] CADModel:125 - Updater not yet initialized, retry later 
2024-02-07 19:27:10,124 [INFO] CADModel:165 - CPN selected for project level
2024-02-07 19:27:10,124 [INFO] CADModel:114 - Register for checkConnection events
2024-02-07 19:27:10,124 [FATAL] Updater:308 - Updater called before beeing initialized
2024-02-07 19:27:10,124 [ERROR] CADModel:125 - Updater not yet initialized, retry later 
2024-02-07 19:27:10,126 [FATAL] Updater:308 - Updater called before beeing initialized
2024-02-07 19:27:10,173 [FATAL] Updater:308 - Updater called before beeing initialized
2024-02-07 19:27:10,176 [INFO] DbMcusAds:53 - JSON generation date=Wed Nov 29 11:52:27 CET 2023 (1701255147349)
2024-02-07 19:27:10,176 [FATAL] Updater:308 - Updater called before beeing initialized
2024-02-07 19:27:10,198 [WARN] DetailPanel:346 - Failed to get advertising image, set to default
2024-02-07 19:27:10,256 [FATAL] Updater:308 - Updater called before beeing initialized
2024-02-07 19:27:10,257 [FATAL] Updater:308 - Updater called before beeing initialized
2024-02-07 19:27:10,258 [FATAL] Updater:308 - Updater called before beeing initialized
2024-02-07 19:27:10,258 [WARN] DetailPanel:346 - Failed to get advertising image, set to default
2024-02-07 19:27:10,258 [FATAL] Updater:308 - Updater called before beeing initialized
2024-02-07 19:27:10,277 [ERROR] Updater:1120 - MainUpdater not yet initialized. External WinMGr cannot be set.
2024-02-07 19:27:10,278 [INFO] Updater:1056 - Updater Version found : 6.10.0
2024-02-07 19:27:10,289 [INFO] ApplicationProperties:184 - Using Application install path: /home/fredrikr/st/stm32cubeide_1.14.0/plugins/com.st.stm32cube.common.mx_6.10.0.202311202037
2024-02-07 19:27:10,419 [INFO] MainUpdater:2873 - connection check result : 10
2024-02-07 19:27:10,419 [INFO] MainUpdater:290 - Updater Check For Update Now.
2024-02-07 19:27:10,419 [INFO] MicroXplorer:498 - Change Database Version : DB.6.0.100
2024-02-07 19:27:10,422 [INFO] McuFinderGlobals:63 - Set McuFinder mode to 2 (CubeIDE integrated)
2024-02-07 19:27:10,422 [INFO] UserAuth:180 - activating auth plugin
2024-02-07 19:27:10,424 [INFO] UserAuth:404 - Internet connection configuration mode: 1
2024-02-07 19:27:10,441 [INFO] JxBrowserEngine:152 - Initiate JxBrowser Engine with user profile folder
2024-02-07 19:27:10,566 [INFO] CheckServerUpdateThread:120 - End of CheckServer Thread
2024-02-07 19:27:12,683 [WARN] PackLoader:240 - Cannot read IP mode file for STMicroelectronics.X-CUBE-SMBUS.2.1.0
2024-02-07 19:27:12,688 [WARN] PackLoader:240 - Cannot read IP mode file for STMicroelectronics.X-CUBE-TOUCHGFX.4.23.0
2024-02-07 19:27:12,708 [WARN] PackLoader:240 - Cannot read IP mode file for STMicroelectronics.X-CUBE-AZRTOS-F7.1.1.0
2024-02-07 19:27:12,716 [WARN] PackLoader:240 - Cannot read IP mode file for STMicroelectronics.FP-SNS-MOTENV1.4.3.2
2024-02-07 19:27:12,720 [WARN] PackLoader:240 - Cannot read IP mode file for STMicroelectronics.FP-SNS-FLIGHT1.5.0.2
2024-02-07 19:27:12,726 [WARN] PackLoader:240 - Cannot read IP mode file for STMicroelectronics.X-CUBE-DISPLAY.3.0.0
2024-02-07 19:27:12,734 [WARN] PackLoader:240 - Cannot read IP mode file for STMicroelectronics.X-CUBE-BLE1.7.0.0
2024-02-07 19:27:12,737 [WARN] PackLoader:240 - Cannot read IP mode file for emotas.I-CUBE-CANOPEN.1.3.0
2024-02-07 19:27:12,740 [WARN] PackLoader:240 - Cannot read IP mode file for STMicroelectronics.FP-SNS-SMARTAG2.1.2.0
2024-02-07 19:27:12,747 [INFO] LogOutputStream:77 - [STDOUT_REDIRECT] 1 : Invalid condition id : UX_CORESTACK_Condition cause : null
2024-02-07 19:27:12,747 [INFO] LogOutputStream:77 - [STDOUT_REDIRECT] 1 : Invalid condition id : UX_CORESTACK_Condition cause : null
2024-02-07 19:27:12,748 [INFO] LogOutputStream:77 - [STDOUT_REDIRECT] 1 : Invalid condition id : UX_CORESTACK_Condition cause : null
2024-02-07 19:27:12,748 [INFO] LogOutputStream:77 - [STDOUT_REDIRECT] 1 : Invalid condition id : UX_CORESTACK_Condition cause : null
2024-02-07 19:27:12,748 [INFO] LogOutputStream:77 - [STDOUT_REDIRECT] 1 : Invalid condition id : UX_CORESTACK_Condition cause : null
2024-02-07 19:27:12,751 [WARN] PackLoader:240 - Cannot read IP mode file for STMicroelectronics.X-CUBE-AZRTOS-WL.2.0.0
2024-02-07 19:27:12,757 [WARN] PackLoader:240 - Cannot read IP mode file for WES.I-CUBE-Cesium.1.3.0
2024-02-07 19:27:12,760 [WARN] PackLoader:240 - Cannot read IP mode file for STMicroelectronics.X-CUBE-BLE2.3.3.0
2024-02-07 19:27:12,764 [WARN] PackLoader:240 - Cannot read IP mode file for STMicroelectronics.X-CUBE-ALGOBUILD.1.3.0
2024-02-07 19:27:12,777 [WARN] PackLoader:240 - Cannot read IP mode file for STMicroelectronics.X-CUBE-AZRTOS-G0.1.1.0
2024-02-07 19:27:12,782 [WARN] PackLoader:240 - Cannot read IP mode file for STMicroelectronics.X-CUBE-NFC4.3.0.0
2024-02-07 19:27:12,789 [WARN] PackLoader:240 - Cannot read IP mode file for STMicroelectronics.X-CUBE-BLEMGR.3.0.0
2024-02-07 19:27:12,793 [WARN] PackLoader:240 - Cannot read IP mode file for STMicroelectronics.FP-ATR-SIGFOX1.3.2.0
2024-02-07 19:27:12,796 [WARN] PackLoader:240 - Cannot read IP mode file for STMicroelectronics.X-CUBE-EEPRMA1.5.1.0
2024-02-07 19:27:12,832 [WARN] PackLoader:240 - Cannot read IP mode file for SEGGER.I-CUBE-embOS.1.3.1
2024-02-07 19:27:12,868 [WARN] PackLoader:240 - Cannot read IP mode file for STMicroelectronics.X-CUBE-GNSS1.6.0.0
2024-02-07 19:27:12,880 [WARN] PackLoader:240 - Cannot read IP mode file for STMicroelectronics.X-CUBE-AZRTOS-F4.1.1.0
2024-02-07 19:27:12,891 [WARN] PackLoader:240 - Cannot read IP mode file for wolfSSL.I-CUBE-wolfSSL.5.6.6
2024-02-07 19:27:12,901 [WARN] PackLoader:240 - Cannot read IP mode file for STMicroelectronics.X-CUBE-AZRTOS-L5.2.0.0
2024-02-07 19:27:12,905 [WARN] PackLoader:240 - Cannot read IP mode file for STMicroelectronics.X-CUBE-EEPRMA1.4.2.0
2024-02-07 19:27:12,917 [WARN] PackLoader:240 - Cannot read IP mode file for ITTIA_DB.I-CUBE-ITTIADB.8.8.0
2024-02-07 19:27:12,920 [WARN] PackLoader:240 - Cannot read IP mode file for STMicroelectronics.X-CUBE-NFC7.1.0.1
2024-02-07 19:27:12,924 [WARN] PackLoader:240 - Cannot read IP mode file for STMicroelectronics.X-CUBE-NFC6.3.0.0
2024-02-07 19:27:12,927 [WARN] PackLoader:240 - Cannot read IP mode file for STMicroelectronics.X-CUBE-AI.8.1.0
2024-02-07 19:27:12,938 [WARN] ConditionMgr:438 - getConditionDescription Invalid condition id : LAN8742 Phy interface Condition cause : null
2024-02-07 19:27:12,938 [WARN] PackLoader:240 - Cannot read IP mode file for STMicroelectronics.X-CUBE-AZRTOS-L4.2.0.0
2024-02-07 19:27:12,939 [WARN] ConditionMgr:1039 - genDependencies : Invalid condition id : LAN8742 Phy interface Condition cause : null
2024-02-07 19:27:12,939 [WARN] ConditionMgr:1039 - genDependencies : Invalid condition id : LAN8742 Phy interface Condition cause : null
2024-02-07 19:27:12,940 [WARN] ConditionMgr:1039 - genDependencies : Invalid condition id : LAN8742 Phy interface Condition cause : null
2024-02-07 19:27:12,943 [WARN] PackLoader:240 - Cannot read IP mode file for STMicroelectronics.X-CUBE-SFXS2LP1.4.0.0
2024-02-07 19:27:12,951 [WARN] ConditionMgr:438 - getConditionDescription Invalid condition id : UX DEVICE CLASS RTOS Condition cause : null
2024-02-07 19:27:12,951 [WARN] ConditionMgr:438 - getConditionDescription Invalid condition id : UX DEVICE CLASS RTOS Condition cause : null
2024-02-07 19:27:12,952 [WARN] PackLoader:240 - Cannot read IP mode file for STMicroelectronics.X-CUBE-AZRTOS-WB.2.0.0
2024-02-07 19:27:12,953 [WARN] ConditionMgr:1039 - genDependencies : Invalid condition id : UX DEVICE CLASS RTOS Condition cause : null
2024-02-07 19:27:12,953 [WARN] ConditionMgr:1039 - genDependencies : Invalid condition id : UX DEVICE CLASS RTOS Condition cause : null
2024-02-07 19:27:12,953 [WARN] ConditionMgr:1039 - genDependencies : Invalid condition id : UX DEVICE CLASS RTOS Condition cause : null
2024-02-07 19:27:12,953 [WARN] ConditionMgr:1039 - genDependencies : Invalid condition id : UX DEVICE CLASS RTOS Condition cause : null
2024-02-07 19:27:12,954 [WARN] ConditionMgr:1039 - genDependencies : Invalid condition id : UX DEVICE CLASS RTOS Condition cause : null
2024-02-07 19:27:12,959 [WARN] PackLoader:240 - Cannot read IP mode file for STMicroelectronics.X-CUBE-SUBG2.5.0.0
2024-02-07 19:27:12,971 [WARN] PackLoader:240 - Cannot read IP mode file for STMicroelectronics.X-CUBE-AZRTOS-G4.2.0.0
2024-02-07 19:27:12,983 [WARN] PackLoader:240 - Cannot read IP mode file for Infineon.AIROC-Wi-Fi-Bluetooth-STM32.1.5.1
2024-02-07 19:27:12,987 [WARN] PackLoader:240 - Cannot read IP mode file for STMicroelectronics.FP-SNS-MOTENVWB1.1.3.1
2024-02-07 19:27:12,990 [WARN] PackLoader:240 - Cannot read IP mode file for STMicroelectronics.X-CUBE-ISPU.2.0.0
2024-02-07 19:27:13,018 [WARN] PackLoader:240 - Cannot read IP mode file for STMicroelectronics.X-CUBE-MEMS1.10.0.0
2024-02-07 19:27:13,114 [WARN] PackLoader:240 - Cannot read IP mode file for STMicroelectronics.X-CUBE-FREERTOS.1.1.0
2024-02-07 19:27:13,117 [WARN] PackLoader:240 - Cannot read IP mode file for portGmbH.I-Cube-SoM-uGOAL.1.1.0
2024-02-07 19:27:13,119 [WARN] PackLoader:240 - Cannot read IP mode file for STMicroelectronics.X-CUBE-ALS.1.0.1
2024-02-07 19:27:13,121 [WARN] PackLoader:240 - Cannot read IP mode file for STMicroelectronics.FP-ATR-ASTRA1.2.0.0
2024-02-07 19:27:13,126 [WARN] PackLoader:240 - Cannot read IP mode file for STMicroelectronics.X-CUBE-TOF1.3.4.0
2024-02-07 19:27:13,144 [WARN] PackLoader:240 - Cannot read IP mode file for STMicroelectronics.X-CUBE-AZRTOS-H7.3.2.0
2024-02-07 19:27:13,146 [INFO] ThirdParty:978 - Integrity check success = true
2024-02-07 19:27:13,146 [INFO] IntegrityCheckThread:100 - exiting critical section [integrity check]
2024-02-07 19:27:13,146 [INFO] IntegrityCheckThread:103 - End integrity checks thread
2024-02-07 19:27:14,509 [INFO] McuFinderGlobals:63 - Set McuFinder mode to 2 (CubeIDE integrated)
2024-02-07 19:27:14,512 [INFO] MainUpdater:2873 - connection check result : 10
2024-02-07 19:27:14,512 [INFO] MainUpdater:2873 - connection check result : 10
2024-02-07 19:27:14,531 [INFO] MicroXplorer:468 - Change Database Path : 
2024-02-07 19:27:14,531 [INFO] MicroXplorer:498 - Change Database Version : DB.6.0.100
2024-02-07 19:27:14,536 [WARN] ThirdParty:871 - waiting for thirdparty lock release [close project]
2024-02-07 19:27:14,536 [INFO] ThirdParty:873 - entering critical section [close project]
2024-02-07 19:27:14,537 [INFO] ThirdParty:883 - exiting critical section [close project]
2024-02-07 19:27:14,538 [INFO] PinOutPanel:1499 - setPackage(No Configuration,No Configuration)
2024-02-07 19:27:14,539 [INFO] UtilMem:75 - Begin LoadConfig() Used Memory: 110072424 Bytes (268435456)
2024-02-07 19:27:14,540 [INFO] MicroXplorer:468 - Change Database Path : 
2024-02-07 19:27:14,540 [INFO] MicroXplorer:498 - Change Database Version : DB.6.0.100
2024-02-07 19:27:14,540 [INFO] OpenFileManager:312 - Change cursor
2024-02-07 19:27:14,562 [INFO] Mcu:2016 - Initializing MCU STM32H723ZGTx STM32H723ZGTx STM32H723ZGT6
2024-02-07 19:27:15,439 [INFO] WebApp:161 - Instantiating new browser for Auth
2024-02-07 19:27:15,843 [INFO] WebApp:780 - Register for checkConnection events
2024-02-07 19:27:15,843 [INFO] WebApp:414 - Apply proxy settings
2024-02-07 19:27:15,843 [INFO] WebApp:499 - Chromium requires no authentication
2024-02-07 19:27:15,847 [INFO] WebApp:442 - Direct internet connection detected
2024-02-07 19:27:15,933 [INFO] WebApp:192 - Starting web application
2024-02-07 19:27:15,933 [INFO] WebApp:544 - Web application path used /home/fredrikr/st/stm32cubeide_1.14.0/plugins/com.st.stm32cube.common.mx_6.10.0.202311202037/db/plugins/mcufinder/reactClient1/index.html
2024-02-07 19:27:16,510 [INFO] Context:659 - Trying to add GPIOservice into a context  which must be forbidden
2024-02-07 19:27:17,404 [INFO] RtosManager:555 - Registered RTOS mode: class=CMSIS, group=RTOS, mode=CMSIS_V1, owner=FREERTOS
2024-02-07 19:27:17,404 [INFO] RtosManager:555 - Registered RTOS mode: class=CMSIS, group=RTOS2, mode=CMSIS_V2, owner=FREERTOS
2024-02-07 19:27:17,404 [INFO] RtosManager:555 - Registered RTOS mode: class=RTOS, group=Core, mode=CMSIS_V1, owner=FREERTOS
2024-02-07 19:27:17,404 [INFO] RtosManager:555 - Registered RTOS mode: class=RTOS, group=Core, mode=CMSIS_V2, owner=FREERTOS
2024-02-07 19:27:17,405 [WARN] ModelIntegratedComponent:184 - Missing modes for component STMicroelectronics:FreeRTOS:0.0.1:STMicroelectronics:RTOS:FreeRTOS:Core:::10.2.0:
2024-02-07 19:27:17,409 [WARN] ModelIntegratedComponent:182 - Modes not found for component STMicroelectronics:USB_HOST:1.0.0:STMicroelectronics:USB::USB Host:Audio FS::1.0:USB_HOST_1_0_RESTRICTED_FS
2024-02-07 19:27:17,409 [WARN] ModelIntegratedComponent:188 - Modes not found for component STMicroelectronics:USB_HOST:1.0.0:STMicroelectronics:USB::USB Host:Audio FS::1.0:USB_HOST_1_0_RESTRICTED_FS
2024-02-07 19:27:17,410 [WARN] ModelIntegratedComponent:182 - Modes not found for component STMicroelectronics:USB_HOST:1.0.0:STMicroelectronics:USB::USB Host:CDC FS::1.0:USB_HOST_1_0_RESTRICTED_FS
2024-02-07 19:27:17,410 [WARN] ModelIntegratedComponent:188 - Modes not found for component STMicroelectronics:USB_HOST:1.0.0:STMicroelectronics:USB::USB Host:CDC FS::1.0:USB_HOST_1_0_RESTRICTED_FS
2024-02-07 19:27:17,410 [WARN] ModelIntegratedComponent:182 - Modes not found for component STMicroelectronics:USB_HOST:1.0.0:STMicroelectronics:USB::USB Host:MSC FS::1.0:USB_HOST_1_0_RESTRICTED_FS
2024-02-07 19:27:17,410 [WARN] ModelIntegratedComponent:188 - Modes not found for component STMicroelectronics:USB_HOST:1.0.0:STMicroelectronics:USB::USB Host:MSC FS::1.0:USB_HOST_1_0_RESTRICTED_FS
2024-02-07 19:27:17,410 [WARN] ModelIntegratedComponent:182 - Modes not found for component STMicroelectronics:USB_HOST:1.0.0:STMicroelectronics:USB::USB Host:HID FS::1.0:USB_HOST_1_0_RESTRICTED_FS
2024-02-07 19:27:17,410 [WARN] ModelIntegratedComponent:188 - Modes not found for component STMicroelectronics:USB_HOST:1.0.0:STMicroelectronics:USB::USB Host:HID FS::1.0:USB_HOST_1_0_RESTRICTED_FS
2024-02-07 19:27:17,410 [WARN] ModelIntegratedComponent:182 - Modes not found for component STMicroelectronics:USB_HOST:1.0.0:STMicroelectronics:USB::USB Host:MTP FS::1.0:USB_HOST_1_0_RESTRICTED_FS
2024-02-07 19:27:17,410 [WARN] ModelIntegratedComponent:188 - Modes not found for component STMicroelectronics:USB_HOST:1.0.0:STMicroelectronics:USB::USB Host:MTP FS::1.0:USB_HOST_1_0_RESTRICTED_FS
2024-02-07 19:27:17,416 [WARN] ModelIntegratedComponent:63 - No mode defined for component null
2024-02-07 19:27:17,416 [WARN] ModelIntegratedComponent:63 - No mode defined for component null
2024-02-07 19:27:17,416 [WARN] ModelIntegratedComponent:63 - No mode defined for component null
2024-02-07 19:27:17,416 [WARN] ModelIntegratedComponent:63 - No mode defined for component null
2024-02-07 19:27:17,416 [WARN] ModelIntegratedComponent:63 - No mode defined for component null
2024-02-07 19:27:17,416 [WARN] ModelIntegratedComponent:63 - No mode defined for component null
2024-02-07 19:27:17,416 [WARN] ModelIntegratedComponent:63 - No mode defined for component null
2024-02-07 19:27:17,416 [WARN] ModelIntegratedComponent:63 - No mode defined for component null
2024-02-07 19:27:17,416 [WARN] ModelIntegratedComponent:63 - No mode defined for component null
2024-02-07 19:27:17,416 [WARN] ModelIntegratedComponent:63 - No mode defined for component null
2024-02-07 19:27:17,417 [WARN] ModelIntegratedComponent:63 - No mode defined for component null
2024-02-07 19:27:17,417 [WARN] ModelIntegratedComponent:63 - No mode defined for component null
2024-02-07 19:27:17,417 [WARN] ModelIntegratedComponent:63 - No mode defined for component null
2024-02-07 19:27:17,417 [WARN] ModelIntegratedComponent:63 - No mode defined for component null
2024-02-07 19:27:17,417 [WARN] ModelIntegratedComponent:63 - No mode defined for component null
2024-02-07 19:27:17,417 [WARN] ModelIntegratedComponent:63 - No mode defined for component null
2024-02-07 19:27:17,417 [WARN] ModelIntegratedComponent:63 - No mode defined for component null
2024-02-07 19:27:17,417 [WARN] ModelIntegratedComponent:63 - No mode defined for component null
2024-02-07 19:27:17,417 [WARN] ModelIntegratedComponent:63 - No mode defined for component null
2024-02-07 19:27:17,417 [WARN] ModelIntegratedComponent:63 - No mode defined for component null
2024-02-07 19:27:17,417 [WARN] ModelIntegratedComponent:63 - No mode defined for component null
2024-02-07 19:27:17,417 [WARN] ModelIntegratedComponent:63 - No mode defined for component null
2024-02-07 19:27:17,417 [WARN] ModelIntegratedComponent:63 - No mode defined for component null
2024-02-07 19:27:17,417 [WARN] ModelIntegratedComponent:63 - No mode defined for component null
2024-02-07 19:27:17,417 [WARN] ModelIntegratedComponent:63 - No mode defined for component null
2024-02-07 19:27:17,417 [WARN] ModelIntegratedComponent:63 - No mode defined for component null
2024-02-07 19:27:17,417 [WARN] ModelIntegratedComponent:63 - No mode defined for component null
2024-02-07 19:27:17,417 [WARN] ModelIntegratedComponent:63 - No mode defined for component null
2024-02-07 19:27:17,417 [WARN] ModelIntegratedComponent:63 - No mode defined for component null
2024-02-07 19:27:17,417 [WARN] ModelIntegratedComponent:63 - No mode defined for component null
2024-02-07 19:27:17,417 [WARN] ModelIntegratedComponent:63 - No mode defined for component null
2024-02-07 19:27:17,418 [WARN] ModelIntegratedComponent:63 - No mode defined for component null
2024-02-07 19:27:17,418 [WARN] ModelIntegratedComponent:63 - No mode defined for component null
2024-02-07 19:27:17,503 [WARN] ModelIntegratedComponent:182 - Modes not found for component STMicroelectronics:USB_DEVICE:1.0.0:STMicroelectronics:USB::USB Device:Audio FS::1.0:USB_DEVICE_1_0_RESTRICTED_FS
2024-02-07 19:27:17,503 [WARN] ModelIntegratedComponent:188 - Modes not found for component STMicroelectronics:USB_DEVICE:1.0.0:STMicroelectronics:USB::USB Device:Audio FS::1.0:USB_DEVICE_1_0_RESTRICTED_FS
2024-02-07 19:27:17,503 [WARN] ModelIntegratedComponent:182 - Modes not found for component STMicroelectronics:USB_DEVICE:1.0.0:STMicroelectronics:USB::USB Device:CDC FS::1.0:USB_DEVICE_1_0_RESTRICTED_FS
2024-02-07 19:27:17,503 [WARN] ModelIntegratedComponent:188 - Modes not found for component STMicroelectronics:USB_DEVICE:1.0.0:STMicroelectronics:USB::USB Device:CDC FS::1.0:USB_DEVICE_1_0_RESTRICTED_FS
2024-02-07 19:27:17,503 [WARN] ModelIntegratedComponent:182 - Modes not found for component STMicroelectronics:USB_DEVICE:1.0.0:STMicroelectronics:USB::USB Device:DFU FS::1.0:USB_DEVICE_1_0_RESTRICTED_FS
2024-02-07 19:27:17,503 [WARN] ModelIntegratedComponent:188 - Modes not found for component STMicroelectronics:USB_DEVICE:1.0.0:STMicroelectronics:USB::USB Device:DFU FS::1.0:USB_DEVICE_1_0_RESTRICTED_FS
2024-02-07 19:27:17,503 [WARN] ModelIntegratedComponent:182 - Modes not found for component STMicroelectronics:USB_DEVICE:1.0.0:STMicroelectronics:USB::USB Device:HID FS::1.0:USB_DEVICE_1_0_RESTRICTED_FS
2024-02-07 19:27:17,504 [WARN] ModelIntegratedComponent:188 - Modes not found for component STMicroelectronics:USB_DEVICE:1.0.0:STMicroelectronics:USB::USB Device:HID FS::1.0:USB_DEVICE_1_0_RESTRICTED_FS
2024-02-07 19:27:17,504 [WARN] ModelIntegratedComponent:182 - Modes not found for component STMicroelectronics:USB_DEVICE:1.0.0:STMicroelectronics:USB::USB Device:Custom HID FS::1.0:USB_DEVICE_1_0_RESTRICTED_FS
2024-02-07 19:27:17,504 [WARN] ModelIntegratedComponent:188 - Modes not found for component STMicroelectronics:USB_DEVICE:1.0.0:STMicroelectronics:USB::USB Device:Custom HID FS::1.0:USB_DEVICE_1_0_RESTRICTED_FS
2024-02-07 19:27:17,504 [WARN] ModelIntegratedComponent:182 - Modes not found for component STMicroelectronics:USB_DEVICE:1.0.0:STMicroelectronics:USB::USB Device:MSC FS::1.0:USB_DEVICE_1_0_RESTRICTED_FS
2024-02-07 19:27:17,504 [WARN] ModelIntegratedComponent:188 - Modes not found for component STMicroelectronics:USB_DEVICE:1.0.0:STMicroelectronics:USB::USB Device:MSC FS::1.0:USB_DEVICE_1_0_RESTRICTED_FS
2024-02-07 19:27:17,518 [INFO] ThirdPartyModel:298 - Start build external matchings
2024-02-07 19:27:17,741 [INFO] ThirdPartyModel:316 - End build external matchings
2024-02-07 19:27:17,757 [INFO] ImportTextPane:194 - (OptionalMessage_ERROR) IP (RCC) : Invalid parameter (FamilyName)
2024-02-07 19:27:18,043 [INFO] UtilMem:75 - End LoadConfig() Used Memory: 248108456 Bytes (384827392)
2024-02-07 19:27:18,127 [INFO] ApiDb:581 - Connected to CubeFinder SQLite database (/home/fredrikr/.stmcufinder/plugins/mcufinder/mcu/cube-finder-db.db)
2024-02-07 19:27:18,187 [INFO] ApiDb:668 - CubeFinder database Data Model version=2.1
2024-02-07 19:27:18,187 [INFO] ApiDb:669 - CubeFinder database Configuration version=3.0.39
2024-02-07 19:27:18,187 [INFO] ApiDb:670 - CubeFinder database generation date=2023-12-08 (1702028721)
2024-02-07 19:27:18,187 [INFO] ApiDb:671 - CubeFinder database FW Pack versions=[FP-ATR-ASTRA1_V2.0.0, FP-SNS-FLIGHT1_V5.0.1, FP-SNS-FLIGHT1_V5.0.2, FP-SNS-MOTENV1_V4.3.1, FP-SNS-MOTENV1_V4.3.2, FP-SNS-MOTENVWB1_V1.3.1, FP-SNS-SMARTAG2_V1.2.0, STM32Cube_FW_C0_V1.1.0, STM32Cube_FW_F4_V1.28.0, STM32Cube_FW_F7_V1.17.0, STM32Cube_FW_G0_V1.6.1, STM32Cube_FW_G4_V1.5.1, STM32Cube_FW_H5_V0.5.1, STM32Cube_FW_H5_V1.1.1, STM32Cube_FW_H5_V1.2.0RC2, STM32Cube_FW_H7_V1.11.0, STM32Cube_FW_L0_V1.12.2, STM32Cube_FW_L5_V1.5.0, STM32Cube_FW_U5_V1.3.0RC4, STM32Cube_FW_U5_V1.4.0, STM32Cube_FW_WBA_V1.0.0RC1, STM32Cube_FW_WBA_V1.1.0RC1, STM32Cube_FW_WBA_V1.2.0, STM32Cube_FW_WBA_V1.2.0RC2, STM32Cube_FW_WB_V1.15.0RC1, STM32Cube_FW_WB_V1.16.0, STM32Cube_FW_WB_V1.16.0RC2, STM32Cube_FW_WB_V1.18.0, STM32Cube_FW_WL_V1.3.0, X-CUBE-ALGOBUILD_V1.3.0, X-CUBE-ALS_V1.0.1, X-CUBE-AZRTOS-F4_V1.1.0, X-CUBE-AZRTOS-F7_V1.1.0, X-CUBE-AZRTOS-G0_V1.1.0, X-CUBE-AZRTOS-G4_V2.0.0, X-CUBE-AZRTOS-H7_V3.1.0, X-CUBE-AZRTOS-L4_V1.0.0, X-CUBE-AZRTOS-L4_V2.0.0, X-CUBE-AZRTOS-L5_V1.1.0, X-CUBE-AZRTOS-WB_V2.0.0, X-CUBE-AZRTOS-WL_V2.0.0, X-CUBE-BLE1_V7.0.0, X-CUBE-BLE2_V3.3.0, X-CUBE-BLEMGR_V3.0.0, X-CUBE-EEPRMA1_V4.1.0, X-CUBE-EEPRMA1_V4.2.0, X-CUBE-FREERTOS_V1.1.0, X-CUBE-GNSS1_V6.0.0, X-CUBE-MEMS1_V10.0.0, X-CUBE-MEMS1_V9.1.0, X-CUBE-MEMS1_V9.4.0, X-CUBE-MEMS1_V9.6.0, X-CUBE-NFC4_V3.0.0, X-CUBE-NFC7_V1.0.1, X-CUBE-SFXS2LP1_V4.0.0, X-CUBE-SUBG2_V5.0.0, X-CUBE-TOF1_V3.4.0]
2024-02-07 19:27:19,669 [INFO] ApiDb:240 - Found 371 in-development CPN: [B-G473E-ZEST1S, B-WB1M-WPAN1, B-WL5M-SUBG1, NUCLEO-C031C6, NUCLEO-H503RB, NUCLEO-H563ZI, NUCLEO-U545RE-Q, NUCLEO-U5A5ZJ-Q, NUCLEO-WBA52CG, NUCLEO-WBA55CG, STEVAL-MKBOXPRO, STEVAL-PROTEUS1, STEVAL-STWINBX1, STM320518-EVAL, STM32C0116-DK, STM32C011D6Y3TR, STM32C011D6Y6TR, STM32C011F4P3, STM32C011F4P6, STM32C011F4U3, STM32C011F4U6TR, STM32C011F6P3, STM32C011F6P6, STM32C011F6U3, STM32C011F6U6TR, STM32C011J4M3, STM32C011J4M6, STM32C011J6M3, STM32C011J6M6, STM32C0316-DK, STM32C031C4T3, STM32C031C4T6, STM32C031C4U3, STM32C031C4U6, STM32C031C6T3, STM32C031C6T6, STM32C031C6U3, STM32C031C6U6, STM32C031F4P3, STM32C031F4P6, STM32C031F6P3, STM32C031F6P6, STM32C031G4U3, STM32C031G4U6, STM32C031G6U3, STM32C031G6U6, STM32C031K4T3, STM32C031K4T6, STM32C031K4U3, STM32C031K4U6, STM32C031K6T3, STM32C031K6T6, STM32C031K6U3, STM32C031K6U6, STM32G071K8TXN, STM32G071K8UXN, STM32G081GBU6N, STM32G081KBT6N, STM32G081KBUXN, STM32G0B1CCT6N, STM32G0B1KCT6, STM32G0B1NEY6TR, STM32G0B1RCT6N, STM32G0C1CCT6, STM32G0C1CCT6N, STM32G0C1CCU6N, STM32G0C1CET6N, STM32G0C1CEU6N, STM32G0C1KCT6, STM32G0C1NEY6TR, STM32G0C1RCI6N, STM32G0C1RCT6N, STM32G0C1REI6N, STM32G0C1RET6N, STM32G0C1VCI6, STM32G0C1VEI6, STM32G471CCT6, STM32G471CCU6, STM32G471CET3, STM32G471CET6, STM32G471CEU3, STM32G471CEU6, STM32G471MCT6, STM32G471MET3, STM32G471MET6, STM32G471MEY6TR, STM32G471QCT6, STM32G471QET3, STM32G471RCT6, STM32G471RET3, STM32G471RET6, STM32G471VCH6, STM32G471VCI6, STM32G471VCT6, STM32G471VEH3, STM32G471VEH6, STM32G471VEI3, STM32G471VEI6, STM32G471VET3, STM32G471VET6, STM32G474CCT6, STM32H503CBT6, STM32H503CBU6, STM32H503EBY6TR, STM32H503KBU6, STM32H503RBT6, STM32H562AGI6, STM32H562AII6, STM32H562IGK6, STM32H562IGT6, STM32H562IIK6, STM32H562IIT6, STM32H562RGT6, STM32H562RGV6, STM32H562RIT6, STM32H562RIV6, STM32H562VGT6, STM32H562VIT6, STM32H562ZGT6, STM32H562ZIT6, STM32H563AGI6, STM32H563AII3Q, STM32H563AII6, STM32H563IGK6, STM32H563IGT6, STM32H563IIK3Q, STM32H563IIK6, STM32H563IIT3Q, STM32H563IIT6, STM32H563MIY3QTR, STM32H563RGT6, STM32H563RGV6, STM32H563RIT6, STM32H563RIV6, STM32H563VGT6, STM32H563VIT3Q, STM32H563VIT6, STM32H563ZGT6, STM32H563ZIT3Q, STM32H563ZIT6, STM32H573AII3Q, STM32H573AII6, STM32H573I-DK, STM32H573IIK3Q, STM32H573IIK6, STM32H573IIT3Q, STM32H573IIT6, STM32H573MIY3QTR, STM32H573RIT6, STM32H573RIV6, STM32H573VIT3Q, STM32H573VIT6, STM32H573ZIT3Q, STM32H573ZIT6, STM32L4R5QGI6STR, STM32MP131AAE3, STM32MP131AAF3, STM32MP131AAG3, STM32MP131CAE3, STM32MP131CAF3, STM32MP131CAG3, STM32MP131DAE7, STM32MP131DAF7, STM32MP131DAG7, STM32MP131FAE7, STM32MP131FAF7, STM32MP131FAG7, STM32MP133AAE3, STM32MP133AAF3, STM32MP133AAG3, STM32MP133CAE3, STM32MP133CAF3, STM32MP133CAG3, STM32MP133DAE7, STM32MP133DAF7, STM32MP133DAG7, STM32MP133FAE7, STM32MP133FAF7, STM32MP133FAG7, STM32MP135AAE3, STM32MP135AAF3, STM32MP135AAG3, STM32MP135CAE3, STM32MP135CAF3, STM32MP135CAG3, STM32MP135DAE7, STM32MP135DAF7, STM32MP135DAG7, STM32MP135F-DK, STM32MP135FAE7, STM32MP135FAF7, STM32MP135FAF7T, STM32MP135FAF7U, STM32MP135FAG7, STM32U535CBT6, STM32U535CBT6Q, STM32U535CBU6, STM32U535CBU6Q, STM32U535CCT6, STM32U535CCT6Q, STM32U535CCU6, STM32U535CCU6Q, STM32U535CET6, STM32U535CET6Q, STM32U535CEU6, STM32U535CEU6Q, STM32U535JEY6QTR, STM32U535NCY6QTR, STM32U535NEY6QTR, STM32U535RBI6, STM32U535RBI6Q, STM32U535RBT6, STM32U535RBT6Q, STM32U535RCI6, STM32U535RCI6Q, STM32U535RCT6, STM32U535RCT6Q, STM32U535REI6, STM32U535REI6Q, STM32U535RET6, STM32U535RET6Q, STM32U535VCI6, STM32U535VCI6Q, STM32U535VCT6, STM32U535VCT6Q, STM32U535VEI6, STM32U535VEI6Q, STM32U535VET6, STM32U535VET6Q, STM32U545CET6, STM32U545CET6Q, STM32U545CEU6, STM32U545CEU6Q, STM32U545JEY6QTR, STM32U545NEY6QTR, STM32U545REI6, STM32U545REI6Q, STM32U545RET6, STM32U545RET6Q, STM32U545VEI6, STM32U545VEI6Q, STM32U545VET6, STM32U545VET6Q, STM32U595AIH6, STM32U595AIH6Q, STM32U595AJH6, STM32U595AJH6Q, STM32U595QII6, STM32U595QII6Q, STM32U595QJI6, STM32U595QJI6Q, STM32U595RIT6, STM32U595RIT6Q, STM32U595RJT6, STM32U595RJT6Q, STM32U595VIT6, STM32U595VIT6Q, STM32U595VJT6, STM32U595VJT6Q, STM32U595ZIT6, STM32U595ZIT6Q, STM32U595ZIY6QTR, STM32U595ZJT6, STM32U595ZJT6Q, STM32U595ZJY6QTR, STM32U599BJY6QTR, STM32U599NIH6Q, STM32U599NJH6Q, STM32U599VIT6Q, STM32U599VJT6, STM32U599VJT6Q, STM32U599ZIT6Q, STM32U599ZIY6QTR, STM32U599ZJT6Q, STM32U599ZJY6QTR, STM32U5A5AJH6, STM32U5A5AJH6Q, STM32U5A5QJI6, STM32U5A5QJI6Q, STM32U5A5RJT6, STM32U5A5RJT6Q, STM32U5A5VJT6, STM32U5A5VJT6Q, STM32U5A5ZJT6, STM32U5A5ZJT6Q, STM32U5A5ZJY6QTR, STM32U5A9BJY6QTR, STM32U5A9J-DK, STM32U5A9NJH6Q, STM32U5A9VJT6Q, STM32U5A9ZJT6Q, STM32U5A9ZJY6QTR, STM32U5F7VIT6, STM32U5F7VIT6Q, STM32U5F7VJT6, STM32U5F7VJT6Q, STM32U5F9BJY6QTR, STM32U5F9NJH6Q, STM32U5F9VIT6Q, STM32U5F9VJT6Q, STM32U5F9ZIJ6QTR, STM32U5F9ZIT6Q, STM32U5F9ZJJ6QTR, STM32U5F9ZJT6Q, STM32U5G7VJT6, STM32U5G7VJT6Q, STM32U5G9BJY6QTR, STM32U5G9J-DK1, STM32U5G9J-DK2, STM32U5G9NJH6Q, STM32U5G9VJT6Q, STM32U5G9ZJJ6QTR, STM32U5G9ZJT6Q, STM32WB1MMCH6, STM32WBA50KEU6, STM32WBA50KEU6TR, STM32WBA50KGU6, STM32WBA50KGU6TR, STM32WBA52CEU6, STM32WBA52CEU6TR, STM32WBA52CEU7, STM32WBA52CEU7TR, STM32WBA52CGU6, STM32WBA52CGU6TR, STM32WBA52CGU6U, STM32WBA52CGU7, STM32WBA52CGU7TR, STM32WBA52KEU6, STM32WBA52KEU6TR, STM32WBA52KGU6, STM32WBA52KGU6TR, STM32WBA54CEU6, STM32WBA54CEU6TR, STM32WBA54CEU7, STM32WBA54CEU7TR, STM32WBA54CGU6, STM32WBA54CGU6TR, STM32WBA54CGU7, STM32WBA54CGU7TR, STM32WBA54KEU6, STM32WBA54KEU6TR, STM32WBA54KEU7, STM32WBA54KEU7TR, STM32WBA54KGU6, STM32WBA54KGU6TR, STM32WBA54KGU7, STM32WBA54KGU7TR, STM32WBA55CEU6, STM32WBA55CEU6TR, STM32WBA55CEU7, STM32WBA55CEU7TR, STM32WBA55CGU6, STM32WBA55CGU6TR, STM32WBA55CGU6U, STM32WBA55CGU7, STM32WBA55CGU7TR, STM32WBA55G-DK1, STM32WBA55HEF6, STM32WBA55HEF7, STM32WBA55HGF6, STM32WBA55HGF7, STM32WBA55UEI6, STM32WBA55UEI6TR, STM32WBA55UEI7, STM32WBA55UEI7TR, STM32WBA55UGI6, STM32WBA55UGI6TR, STM32WBA55UGI7, STM32WBA55UGI7TR, STM32WL5MOCH6, STM32WL5MOCH6TR]
2024-02-07 19:27:19,673 [INFO] DbMcus:218 - Found 3930 MCUs, 3930 are supported
2024-02-07 19:27:19,673 [INFO] ApiDb:423 - Load user favorites file /home/fredrikr/.stm32cubeide/favorites.mcus.txt: 0 item(s)
2024-02-07 19:27:19,674 [INFO] ApiDb:427 - User favorites MCUs=[]
2024-02-07 19:27:19,674 [INFO] DbMcus:224 - Set 0 / 0 favorites MCUs
2024-02-07 19:27:19,960 [INFO] MicroXplorer:468 - Change Database Path : 
2024-02-07 19:27:19,960 [INFO] MicroXplorer:498 - Change Database Version : DB.6.0.100
2024-02-07 19:27:19,960 [WARN] ThirdParty:833 - waiting for thirdparty lock release [change project]
2024-02-07 19:27:19,960 [INFO] ThirdParty:835 - entering critical section [change project]
2024-02-07 19:27:19,961 [INFO] ThirdParty:1030 - CMSIS Pack Vendor :STMicroelectronics USBPD 4.1
2024-02-07 19:27:19,961 [INFO] ThirdParty:1030 - CMSIS Pack Vendor :STMicroelectronics X-CUBE-GNSS1 6.0.0
2024-02-07 19:27:19,961 [INFO] ThirdParty:1030 - CMSIS Pack Vendor :STMicroelectronics USB_HOST 2.0.0
2024-02-07 19:27:19,961 [INFO] ThirdParty:1030 - CMSIS Pack Vendor :STMicroelectronics X-CUBE-AZRTOS-F4 1.1.0
2024-02-07 19:27:19,961 [INFO] ThirdParty:1030 - CMSIS Pack Vendor :STMicroelectronics LIBJPEG 8.0.0
2024-02-07 19:27:19,961 [INFO] ThirdParty:1030 - CMSIS Pack Vendor :STMicroelectronics X-CUBE-SMBUS 2.1.0
2024-02-07 19:27:19,961 [INFO] ThirdParty:1030 - CMSIS Pack Vendor :STMicroelectronics USB_DEVICE 3.0.0
2024-02-07 19:27:19,961 [INFO] ThirdParty:1030 - CMSIS Pack Vendor :STMicroelectronics X-CUBE-AZRTOS-WB 2.0.0
2024-02-07 19:27:19,961 [INFO] ThirdParty:1030 - CMSIS Pack Vendor :wolfSSL I-CUBE-wolfSSL 5.6.6
2024-02-07 19:27:19,961 [INFO] ThirdParty:1030 - CMSIS Pack Vendor :STMicroelectronics X-CUBE-TOUCHGFX 4.23.0
2024-02-07 19:27:19,961 [INFO] ThirdParty:1030 - CMSIS Pack Vendor :STMicroelectronics X-CUBE-AZRTOS-F7 1.1.0
2024-02-07 19:27:19,961 [INFO] ThirdParty:1030 - CMSIS Pack Vendor :STMicroelectronics X-CUBE-AZRTOS-L5 2.0.0
2024-02-07 19:27:19,961 [INFO] ThirdParty:1030 - CMSIS Pack Vendor :STMicroelectronics USB_DEVICE 2.0.0
2024-02-07 19:27:19,961 [INFO] ThirdParty:1030 - CMSIS Pack Vendor :STMicroelectronics X-CUBE-EEPRMA1 4.2.0
2024-02-07 19:27:19,961 [INFO] ThirdParty:1030 - CMSIS Pack Vendor :ITTIA_DB I-CUBE-ITTIADB 8.8.0
2024-02-07 19:27:19,961 [INFO] ThirdParty:1030 - CMSIS Pack Vendor :STMicroelectronics FP-SNS-MOTENV1 4.3.2
2024-02-07 19:27:19,961 [INFO] ThirdParty:1030 - CMSIS Pack Vendor :STMicroelectronics X-CUBE-ALGOBUILD 1.3.0
2024-02-07 19:27:19,961 [INFO] ThirdParty:1030 - CMSIS Pack Vendor :STMicroelectronics FreeRTOS 0.0.1
2024-02-07 19:27:19,961 [INFO] ThirdParty:1030 - CMSIS Pack Vendor :STMicroelectronics X-CUBE-AZRTOS-G0 1.1.0
2024-02-07 19:27:19,961 [INFO] ThirdParty:1030 - CMSIS Pack Vendor :STMicroelectronics X-CUBE-NFC4 3.0.0
2024-02-07 19:27:19,961 [INFO] ThirdParty:1030 - CMSIS Pack Vendor :STMicroelectronics X-CUBE-SUBG2 5.0.0
2024-02-07 19:27:19,961 [INFO] ThirdParty:1030 - CMSIS Pack Vendor :STMicroelectronics STM32_WPAN 1.0.0
2024-02-07 19:27:19,961 [INFO] ThirdParty:1030 - CMSIS Pack Vendor :STMicroelectronics lwIP 2.0.3
2024-02-07 19:27:19,961 [INFO] ThirdParty:1030 - CMSIS Pack Vendor :STMicroelectronics FP-SNS-FLIGHT1 5.0.2
2024-02-07 19:27:19,961 [INFO] ThirdParty:1030 - CMSIS Pack Vendor :STMicroelectronics USB_HOST 1.0.0
2024-02-07 19:27:19,962 [INFO] ThirdParty:1030 - CMSIS Pack Vendor :STMicroelectronics X-CUBE-AZRTOS-G4 2.0.0
2024-02-07 19:27:19,962 [INFO] ThirdParty:1030 - CMSIS Pack Vendor :STMicroelectronics PDM2PCM 3.1.0
2024-02-07 19:27:19,962 [INFO] ThirdParty:1030 - CMSIS Pack Vendor :Infineon AIROC-Wi-Fi-Bluetooth-STM32 1.5.1
2024-02-07 19:27:19,962 [INFO] ThirdParty:1030 - CMSIS Pack Vendor :STMicroelectronics X-CUBE-BLEMGR 3.0.0
2024-02-07 19:27:19,962 [INFO] ThirdParty:1030 - CMSIS Pack Vendor :STMicroelectronics PDM2PCM 3.3.0
2024-02-07 19:27:19,962 [INFO] ThirdParty:1030 - CMSIS Pack Vendor :STMicroelectronics X-CUBE-DISPLAY 3.0.0
2024-02-07 19:27:19,962 [INFO] ThirdParty:1030 - CMSIS Pack Vendor :STMicroelectronics FP-SNS-MOTENVWB1 1.3.1
2024-02-07 19:27:19,962 [INFO] ThirdParty:1030 - CMSIS Pack Vendor :STMicroelectronics X-CUBE-BLE1 7.0.0
2024-02-07 19:27:19,962 [INFO] ThirdParty:1030 - CMSIS Pack Vendor :STMicroelectronics FP-ATR-SIGFOX1 3.2.0
2024-02-07 19:27:19,962 [INFO] ThirdParty:1030 - CMSIS Pack Vendor :STMicroelectronics X-CUBE-ISPU 2.0.0
2024-02-07 19:27:19,962 [INFO] ThirdParty:1030 - CMSIS Pack Vendor :STMicroelectronics X-CUBE-EEPRMA1 5.1.0
2024-02-07 19:27:19,962 [INFO] ThirdParty:1030 - CMSIS Pack Vendor :STMicroelectronics HAL Drivers 0.0.0
2024-02-07 19:27:19,962 [INFO] ThirdParty:1030 - CMSIS Pack Vendor :STMicroelectronics MBEDTLS 2.16.2
2024-02-07 19:27:19,962 [INFO] ThirdParty:1030 - CMSIS Pack Vendor :emotas I-CUBE-CANOPEN 1.3.0
2024-02-07 19:27:19,962 [INFO] ThirdParty:1030 - CMSIS Pack Vendor :STMicroelectronics X-CUBE-MEMS1 10.0.0
2024-02-07 19:27:19,962 [INFO] ThirdParty:1030 - CMSIS Pack Vendor :STMicroelectronics X-CUBE-FREERTOS 1.1.0
2024-02-07 19:27:19,962 [INFO] ThirdParty:1030 - CMSIS Pack Vendor :STMicroelectronics X-CUBE-NFC7 1.0.1
2024-02-07 19:27:19,962 [INFO] ThirdParty:1030 - CMSIS Pack Vendor :STMicroelectronics MBEDTLS 2.14.1
2024-02-07 19:27:19,962 [INFO] ThirdParty:1030 - CMSIS Pack Vendor :STMicroelectronics X-CUBE-NFC6 3.0.0
2024-02-07 19:27:19,962 [INFO] ThirdParty:1030 - CMSIS Pack Vendor :portGmbH I-Cube-SoM-uGOAL 1.1.0
2024-02-07 19:27:19,962 [INFO] ThirdParty:1030 - CMSIS Pack Vendor :STMicroelectronics X-CUBE-ALS 1.0.1
2024-02-07 19:27:19,962 [INFO] ThirdParty:1030 - CMSIS Pack Vendor :STMicroelectronics ThreadX 1.0.0
2024-02-07 19:27:19,962 [INFO] ThirdParty:1030 - CMSIS Pack Vendor :STMicroelectronics FP-SNS-SMARTAG2 1.2.0
2024-02-07 19:27:19,962 [INFO] ThirdParty:1030 - CMSIS Pack Vendor :STMicroelectronics X-CUBE-AZRTOS-WL 2.0.0
2024-02-07 19:27:19,962 [INFO] ThirdParty:1030 - CMSIS Pack Vendor :SEGGER I-CUBE-embOS 1.3.1
2024-02-07 19:27:19,962 [INFO] ThirdParty:1030 - CMSIS Pack Vendor :STMicroelectronics USB_DEVICE 1.0.0
2024-02-07 19:27:19,962 [INFO] ThirdParty:1030 - CMSIS Pack Vendor :STMicroelectronics X-CUBE-AI 8.1.0
2024-02-07 19:27:19,963 [INFO] ThirdParty:1030 - CMSIS Pack Vendor :STMicroelectronics X-CUBE-AZRTOS-L4 2.0.0
2024-02-07 19:27:19,963 [INFO] ThirdParty:1030 - CMSIS Pack Vendor :STMicroelectronics ThreadX 0.0.2
2024-02-07 19:27:19,963 [INFO] ThirdParty:1030 - CMSIS Pack Vendor :WES I-CUBE-Cesium 1.3.0
2024-02-07 19:27:19,963 [INFO] ThirdParty:1030 - CMSIS Pack Vendor :STMicroelectronics FP-ATR-ASTRA1 2.0.0
2024-02-07 19:27:19,963 [INFO] ThirdParty:1030 - CMSIS Pack Vendor :STMicroelectronics lwIP 2.1.2
2024-02-07 19:27:19,963 [INFO] ThirdParty:1030 - CMSIS Pack Vendor :STMicroelectronics X-CUBE-SFXS2LP1 4.0.0
2024-02-07 19:27:19,963 [INFO] ThirdParty:1030 - CMSIS Pack Vendor :STMicroelectronics X-CUBE-BLE2 3.3.0
2024-02-07 19:27:19,963 [INFO] ThirdParty:1030 - CMSIS Pack Vendor :STMicroelectronics X-CUBE-TOF1 3.4.0
2024-02-07 19:27:19,963 [INFO] ThirdParty:1030 - CMSIS Pack Vendor :STMicroelectronics X-CUBE-AZRTOS-H7 3.2.0
2024-02-07 19:27:19,963 [INFO] ThirdParty:1030 - CMSIS Pack Vendor :STMicroelectronics PDM2PCM 3.2.0
2024-02-07 19:27:19,963 [INFO] ThirdParty:841 - exiting critical section [change project]
2024-02-07 19:27:20,399 [INFO] PinOutPanel:1499 - setPackage(No Configuration,No Configuration)
2024-02-07 19:27:20,399 [INFO] PinOutPanel:1499 - setPackage(STM32H723ZGTx,LQFP144)
2024-02-07 19:27:20,937 [INFO] UtilMem:75 - Before build in PCC Used Memory: 310423552 Bytes (465567744)
2024-02-07 19:27:22,075 [INFO] UtilMem:75 - After build in PCC Used Memory: 484093272 Bytes (688914432)
2024-02-07 19:27:22,134 [INFO] IPUIPlugin:80 - create IPUIPlugin
2024-02-07 19:27:22,134 [INFO] IPUIPlugin:80 - create IPUIPlugin
2024-02-07 19:27:22,134 [INFO] IPUIPlugin:80 - create IPUIPlugin
2024-02-07 19:27:22,135 [INFO] IPUIPlugin:80 - create IPUIPlugin
2024-02-07 19:27:22,135 [INFO] IPUIPlugin:80 - create IPUIPlugin
2024-02-07 19:27:22,135 [INFO] IPUIPlugin:80 - create IPUIPlugin
2024-02-07 19:27:22,135 [INFO] IPUIPlugin:80 - create IPUIPlugin
2024-02-07 19:27:22,135 [INFO] IPUIPlugin:80 - create IPUIPlugin
2024-02-07 19:27:22,135 [INFO] IPUIPlugin:80 - create IPUIPlugin
2024-02-07 19:27:22,135 [INFO] IPUIPlugin:80 - create IPUIPlugin
2024-02-07 19:27:22,135 [INFO] IPUIPlugin:80 - create IPUIPlugin
2024-02-07 19:27:22,135 [INFO] IPUIPlugin:80 - create IPUIPlugin
2024-02-07 19:27:22,136 [INFO] IPUIPlugin:80 - create IPUIPlugin
2024-02-07 19:27:22,136 [INFO] IPUIPlugin:80 - create IPUIPlugin
2024-02-07 19:27:22,136 [INFO] IPUIPlugin:80 - create IPUIPlugin
2024-02-07 19:27:22,136 [INFO] IPUIPlugin:80 - create IPUIPlugin
2024-02-07 19:27:22,136 [INFO] IPUIPlugin:80 - create IPUIPlugin
2024-02-07 19:27:22,136 [INFO] IPUIPlugin:80 - create IPUIPlugin
2024-02-07 19:27:22,136 [INFO] IPUIPlugin:80 - create IPUIPlugin
2024-02-07 19:27:22,136 [INFO] IPUIPlugin:80 - create IPUIPlugin
2024-02-07 19:27:22,136 [INFO] IPUIPlugin:80 - create IPUIPlugin
2024-02-07 19:27:22,137 [INFO] IPUIPlugin:80 - create IPUIPlugin
2024-02-07 19:27:22,137 [INFO] IPUIPlugin:80 - create IPUIPlugin
2024-02-07 19:27:22,137 [INFO] IPUIPlugin:80 - create IPUIPlugin
2024-02-07 19:27:22,137 [INFO] IPUIPlugin:80 - create IPUIPlugin
2024-02-07 19:27:22,137 [INFO] IPUIPlugin:80 - create IPUIPlugin
2024-02-07 19:27:22,137 [INFO] IPUIPlugin:80 - create IPUIPlugin
2024-02-07 19:27:22,137 [INFO] IPUIPlugin:80 - create IPUIPlugin
2024-02-07 19:27:22,137 [INFO] IPUIPlugin:80 - create IPUIPlugin
2024-02-07 19:27:22,138 [INFO] IPUIPlugin:80 - create IPUIPlugin
2024-02-07 19:27:22,138 [INFO] IPUIPlugin:80 - create IPUIPlugin
2024-02-07 19:27:22,138 [INFO] IPUIPlugin:80 - create IPUIPlugin
2024-02-07 19:27:22,138 [INFO] IPUIPlugin:80 - create IPUIPlugin
2024-02-07 19:27:22,138 [INFO] IPUIPlugin:80 - create IPUIPlugin
2024-02-07 19:27:22,138 [INFO] IPUIPlugin:80 - create IPUIPlugin
2024-02-07 19:27:22,138 [INFO] IPUIPlugin:80 - create IPUIPlugin
2024-02-07 19:27:22,138 [INFO] IPUIPlugin:80 - create IPUIPlugin
2024-02-07 19:27:22,139 [INFO] IPUIPlugin:80 - create IPUIPlugin
2024-02-07 19:27:22,139 [INFO] IPUIPlugin:80 - create IPUIPlugin
2024-02-07 19:27:22,139 [INFO] IPUIPlugin:80 - create IPUIPlugin
2024-02-07 19:27:22,139 [INFO] IPUIPlugin:80 - create IPUIPlugin
2024-02-07 19:27:22,140 [INFO] IPUIPlugin:80 - create IPUIPlugin
2024-02-07 19:27:22,140 [INFO] IPUIPlugin:80 - create IPUIPlugin
2024-02-07 19:27:22,140 [INFO] IPUIPlugin:80 - create IPUIPlugin
2024-02-07 19:27:22,140 [INFO] IPUIPlugin:80 - create IPUIPlugin
2024-02-07 19:27:22,140 [INFO] IPUIPlugin:80 - create IPUIPlugin
2024-02-07 19:27:22,140 [INFO] IPUIPlugin:80 - create IPUIPlugin
2024-02-07 19:27:22,141 [INFO] IPUIPlugin:80 - create IPUIPlugin
2024-02-07 19:27:22,141 [INFO] IPUIPlugin:80 - create IPUIPlugin
2024-02-07 19:27:22,141 [INFO] IPUIPlugin:80 - create IPUIPlugin
2024-02-07 19:27:22,141 [INFO] IPUIPlugin:80 - create IPUIPlugin
2024-02-07 19:27:22,141 [INFO] IPUIPlugin:80 - create IPUIPlugin
2024-02-07 19:27:22,141 [INFO] IPUIPlugin:80 - create IPUIPlugin
2024-02-07 19:27:22,142 [INFO] IPUIPlugin:80 - create IPUIPlugin
2024-02-07 19:27:22,142 [INFO] IPUIPlugin:80 - create IPUIPlugin
2024-02-07 19:27:22,142 [INFO] IPUIPlugin:80 - create IPUIPlugin
2024-02-07 19:27:22,142 [INFO] IPUIPlugin:80 - create IPUIPlugin
2024-02-07 19:27:22,142 [INFO] IPUIPlugin:80 - create IPUIPlugin
2024-02-07 19:27:22,143 [INFO] IPUIPlugin:80 - create IPUIPlugin
2024-02-07 19:27:22,143 [INFO] IPUIPlugin:80 - create IPUIPlugin
2024-02-07 19:27:22,143 [INFO] IPUIPlugin:80 - create IPUIPlugin
2024-02-07 19:27:22,143 [INFO] IPUIPlugin:80 - create IPUIPlugin
2024-02-07 19:27:22,144 [INFO] IPUIPlugin:80 - create IPUIPlugin
2024-02-07 19:27:22,144 [INFO] IPUIPlugin:80 - create IPUIPlugin
2024-02-07 19:27:22,144 [INFO] IPUIPlugin:80 - create IPUIPlugin
2024-02-07 19:27:22,144 [INFO] IPUIPlugin:80 - create IPUIPlugin
2024-02-07 19:27:22,145 [INFO] IPUIPlugin:80 - create IPUIPlugin
2024-02-07 19:27:22,145 [INFO] IPUIPlugin:80 - create IPUIPlugin
2024-02-07 19:27:22,145 [INFO] IPUIPlugin:80 - create IPUIPlugin
2024-02-07 19:27:22,145 [INFO] IPUIPlugin:80 - create IPUIPlugin
2024-02-07 19:27:22,145 [INFO] IPUIPlugin:80 - create IPUIPlugin
2024-02-07 19:27:22,146 [INFO] IPUIPlugin:80 - create IPUIPlugin
2024-02-07 19:27:22,146 [INFO] IPUIPlugin:80 - create IPUIPlugin
2024-02-07 19:27:22,146 [INFO] IPUIPlugin:80 - create IPUIPlugin
2024-02-07 19:27:22,146 [INFO] IPUIPlugin:80 - create IPUIPlugin
2024-02-07 19:27:22,147 [INFO] IPUIPlugin:80 - create IPUIPlugin
2024-02-07 19:27:22,147 [INFO] IPUIPlugin:80 - create IPUIPlugin
2024-02-07 19:27:22,147 [INFO] IPUIPlugin:80 - create IPUIPlugin
2024-02-07 19:27:22,147 [INFO] IPUIPlugin:80 - create IPUIPlugin
2024-02-07 19:27:22,148 [INFO] IPUIPlugin:80 - create IPUIPlugin
2024-02-07 19:27:22,148 [INFO] IPUIPlugin:80 - create IPUIPlugin
2024-02-07 19:27:22,148 [INFO] IPUIPlugin:80 - create IPUIPlugin
2024-02-07 19:27:22,148 [INFO] IPUIPlugin:80 - create IPUIPlugin
2024-02-07 19:27:22,149 [INFO] IPUIPlugin:80 - create IPUIPlugin
2024-02-07 19:27:22,149 [INFO] IPUIPlugin:80 - create IPUIPlugin
2024-02-07 19:27:22,149 [INFO] IPUIPlugin:80 - create IPUIPlugin
2024-02-07 19:27:22,150 [INFO] IPUIPlugin:80 - create IPUIPlugin
2024-02-07 19:27:22,150 [INFO] IPUIPlugin:80 - create IPUIPlugin
2024-02-07 19:27:22,150 [INFO] IPUIPlugin:80 - create IPUIPlugin
2024-02-07 19:27:22,151 [INFO] IPUIPlugin:80 - create IPUIPlugin
2024-02-07 19:27:22,151 [INFO] IPUIPlugin:80 - create IPUIPlugin
2024-02-07 19:27:22,151 [INFO] IPUIPlugin:80 - create IPUIPlugin
2024-02-07 19:27:22,151 [INFO] IPUIPlugin:80 - create IPUIPlugin
2024-02-07 19:27:22,151 [INFO] IPUIPlugin:80 - create IPUIPlugin
2024-02-07 19:27:22,151 [INFO] IPUIPlugin:80 - create IPUIPlugin
2024-02-07 19:27:22,151 [INFO] IPUIPlugin:80 - create IPUIPlugin
2024-02-07 19:27:22,151 [INFO] IPUIPlugin:80 - create IPUIPlugin
2024-02-07 19:27:22,151 [INFO] IPUIPlugin:80 - create IPUIPlugin
2024-02-07 19:27:22,152 [INFO] IPUIPlugin:80 - create IPUIPlugin
2024-02-07 19:27:22,152 [INFO] IPUIPlugin:80 - create IPUIPlugin
2024-02-07 19:27:22,152 [INFO] IPUIPlugin:80 - create IPUIPlugin
2024-02-07 19:27:22,152 [INFO] IPUIPlugin:80 - create IPUIPlugin
2024-02-07 19:27:22,153 [INFO] IPUIPlugin:80 - create IPUIPlugin
2024-02-07 19:27:22,153 [INFO] IPUIPlugin:80 - create IPUIPlugin
2024-02-07 19:27:22,154 [INFO] IPUIPlugin:80 - create IPUIPlugin
2024-02-07 19:27:22,175 [INFO] ApiDbMcu:508 - Load IP Config File for PDM2PCM
2024-02-07 19:27:22,185 [INFO] I2sManager:658 - 1.1E8
2024-02-07 19:27:22,186 [INFO] I2sManager:195 - I2S Clock Value : 1.1E8
2024-02-07 19:27:22,186 [INFO] I2sManager:553 - AudioClock : 47743Divider : 4Odd : 1
2024-02-07 19:27:22,297 [INFO] CADModel:165 - CPN selected for project levelSTM32H723ZGT6
2024-02-07 19:27:22,297 [INFO] CADModel:114 - Register for checkConnection events
2024-02-07 19:27:22,335 [INFO] OpenFileManager:343 - Restore cursor
2024-02-07 19:27:36,438 [ERROR] LogOutputStream:75 - [STDERR_REDIRECT] SLF4J: Failed to load class "org.slf4j.impl.StaticLoggerBinder".
2024-02-07 19:27:36,438 [ERROR] LogOutputStream:75 - [STDERR_REDIRECT] SLF4J: Defaulting to no-operation (NOP) logger implementation
2024-02-07 19:27:36,438 [ERROR] LogOutputStream:75 - [STDERR_REDIRECT] SLF4J: See http://www.slf4j.org/codes.html#StaticLoggerBinder for further details.
2024-02-07 20:01:40,388 [INFO] UtilMem:75 - End SaveConfig() Used Memory: 722654656 Bytes (1073741824)
